Subject:\r\n\tSecurity ID:\t\tS-1-5-21-4209720783-2618409851-3726521692-1001\r\n\tAccount Name:\t\tHP\r\n\tAccount Domain:\t\tHP\r\n\tLogon ID:\t\t0x258cbe2\r\n\tRead Operation:\t\t%%8100\r\n\r\nThis event occurs when a user performs a read operation on stored credentials in Credential Manager.\r\n"}, {"event_date_time": "Thu Apr 11 10:12:03 2024", "event_id": "5379", "computer": "HP", "category": 13824, "record": 1057792, "source": "Microsoft-Windows-Security-Auditing", "event_type": "EVENTLOG_AUDIT_SUCCESS", "message": "Credential Manager credentials were read.\r\n\r\nSubject:\r\n\tSecurity ID:\t\tS-1-5-21-4209720783-2618409851-3726521692-1001\r\n\tAccount Name:\t\tHP\r\n\tAccount Domain:\t\tHP\r\n\tLogon ID:\t\t0x258cbe2\r\n\tRead Operation:\t\t%%8100\r\n\r\nThis event occurs when a user performs a read operation on stored credentials in Credential Manager.\r\n"}, {"event_date_time": "Thu Apr 11 10:12:03 2024", "event_id": "5379", "computer": "HP", "category": 13824, "record": 1057791, "source": "Microsoft-Windows-Security-Auditing", "event_type": "EVENTLOG_AUDIT_SUCCESS", "message": "Credential Manager credentials were read.\r\n\r\nSubject:\r\n\tSecurity ID:\t\tS-1-5-21-4209720783-2618409851-3726521692-1001\r\n\tAccount Name:\t\tHP\r\n\tAccount Domain:\t\tHP\r\n\tLogon ID:\t\t0x258cbe2\r\n\tRead Operation:\t\t%%8100\r\n\r\nThis event occurs when a user performs a read operation on stored credentials in Credential Manager.\r\n"}, {"event_date_time": "Thu Apr 11 10:12:03 2024", "event_id": "5379", "computer": "HP", "category": 13824, "record": 1057790, "source": "Microsoft-Windows-Security-Auditing", "event_type": "EVENTLOG_AUDIT_SUCCESS", "message": "Credential Manager credentials were read.\r\n\r\nSubject:\r\n\tSecurity ID:\t\tS-1-5-21-4209720783-2618409851-3726521692-1001\r\n\tAccount Name:\t\tHP\r\n\tAccount Domain:\t\tHP\r\n\tLogon ID:\t\t0x258cbe2\r\n\tRead Operation:\t\t%%8100\r\n\r\nThis event occurs when a user performs a read operation on stored credentials in Credential Manager.\r\n"}, {"event_date_time": "Thu Apr 11 10:12:03 2024", "event_id": "5379", "computer": "HP", "category": 13824, "record": 1057789, "source": "Microsoft-Windows-Security-Auditing", "event_type": "EVENTLOG_AUDIT_SUCCESS", "message": "Credential Manager credentials were read.\r\n\r\nSubject:\r\n\tSecurity ID:\t\tS-1-5-21-4209720783-2618409851-3726521692-1001\r\n\tAccount Name:\t\tHP\r\n\tAccount Domain:\t\tHP\r\n\tLogon ID:\t\t0x258cbe2\r\n\tRead Operation:\t\t%%8100\r\n\r\nThis event occurs when a user performs a read operation on stored credentials in Credential Manager.\r\n"}, {"event_date_time": "Thu Apr 11 10:12:03 2024", "event_id": "5379", "computer": "HP", "category": 13824, "record": 1057788, "source": "Microsoft-Windows-Security-Auditing", "event_type": "EVENTLOG_AUDIT_SUCCESS", "message": "Credential Manager credentials were read.\r\n\r\nSubject:\r\n\tSecurity ID:\t\tS-1-5-21-4209720783-2618409851-3726521692-1001\r\n\tAccount Name:\t\tHP\r\n\tAccount Domain:\t\tHP\r\n\tLogon ID:\t\t0x258cbe2\r\n\tRead Operation:\t\t%%8100\r\n\r\nThis event occurs when a user performs a read operation on stored credentials in Credential Manager.\r\n"}, {"event_date_time": "Thu Apr 11 10:12:03 2024", "event_id": "5379", "computer": "HP", "category": 13824, "record": 1057787, "source": "Microsoft-Windows-Security-Auditing", "event_type": "EVENTLOG_AUDIT_SUCCESS", "message": "Credential Manager credentials were read.\r\n\r\nSubject:\r\n\tSecurity ID:\t\tS-1-5-21-4209720783-2618409851-3726521692-1001\r\n\tAccount Name:\t\tHP\r\n\tAccount Domain:\t\tHP\r\n\tLogon ID:\t\t0x258cbe2\r\n\tRead Operation:\t\t%%8100\r\n\r\nThis event occurs when a user performs a read operation on stored credentials in Credential Manager.\r\n"}, {"event_date_time": "Thu Apr 11 10:12:03 2024", "event_id": "5379", "computer": "HP", "category": 13824, "record": 1057786, "source": "Microsoft-Windows-Security-Auditing", "event_type": "EVENTLOG_AUDIT_SUCCESS", "message": "Credential Manager credentials were read.\r\n\r\nSubject:\r\n\tSecurity ID:\t\tS-1-5-21-4209720783-2618409851-3726521692-1001\r\n\tAccount Name:\t\tHP\r\n\tAccount Domain:\t\tHP\r\n\tLogon ID:\t\t0x258cbe2\r\n\tRead Operation:\t\t%%8100\r\n\r\nThis event occurs when a user performs a read operation on stored credentials in Credential Manager.\r\n"}, {"event_date_time": "Thu Apr 11 10:12:03 2024", "event_id": "5379", "computer": "HP", "category": 13824, "record": 1057785, "source": "Microsoft-Windows-Security-Auditing", "event_type": "EVENTLOG_AUDIT_SUCCESS", "message": "Credential Manager credentials were read.\r\n\r\nSubject:\r\n\tSecurity ID:\t\tS-1-5-21-4209720783-2618409851-3726521692-1001\r\n\tAccount Name:\t\tHP\r\n\tAccount Domain:\t\tHP\r\n\tLogon ID:\t\t0x258cbe2\r\n\tRead Operation:\t\t%%8100\r\n\r\nThis event occurs when a user performs a read operation on stored credentials in Credential Manager.\r\n"}, {"event_date_time": "Thu Apr 11 10:12:03 2024", "event_id": "5379", "computer": "HP", "category": 13824, "record": 1057784, "source": "Microsoft-Windows-Security-Auditing", "event_type": "EVENTLOG_AUDIT_SUCCESS", "message": "Credential Manager credentials were read.\r\n\r\nSubject:\r\n\tSecurity ID:\t\tS-1-5-21-4209720783-2618409851-3726521692-1001\r\n\tAccount Name:\t\tHP\r\n\tAccount Domain:\t\tHP\r\n\tLogon ID:\t\t0x258cbe2\r\n\tRead Operation:\t\t%%8100\r\n\r\nThis event occurs when a user performs a read operation on stored credentials in Credential Manager.\r\n"}, {"event_date_time": "Thu Apr 11 10:12:03 2024", "event_id": "5379", "computer": "HP", "category": 13824, "record": 1057783, "source": "Microsoft-Windows-Security-Auditing", "event_type": "EVENTLOG_AUDIT_SUCCESS", "message": "Credential Manager credentials were read.\r\n\r\nSubject:\r\n\tSecurity ID:\t\tS-1-5-21-4209720783-2618409851-3726521692-1001\r\n\tAccount Name:\t\tHP\r\n\tAccount Domain:\t\tHP\r\n\tLogon ID:\t\t0x258cbe2\r\n\tRead Operation:\t\t%%8100\r\n\r\nThis event occurs when a user performs a read operation on stored credentials in Credential Manager.\r\n"}, {"event_date_time": "Thu Apr 11 10:12:03 2024", "event_id": "5379", "computer": "HP", "category": 13824, "record": 1057782, "source": "Microsoft-Windows-Security-Auditing", "event_type": "EVENTLOG_AUDIT_SUCCESS", "message": "Credential Manager credentials were read.\r\n\r\nSubject:\r\n\tSecurity ID:\t\tS-1-5-21-4209720783-2618409851-3726521692-1001\r\n\tAccount Name:\t\tHP\r\n\tAccount Domain:\t\tHP\r\n\tLogon ID:\t\t0x258cbe2\r\n\tRead Operation:\t\t%%8100\r\n\r\nThis event occurs when a user performs a read operation on stored credentials in Credential Manager.\r\n"}, {"event_date_time": "Thu Apr 11 10:12:03 2024", "event_id": "5379", "computer": "HP", "category": 13824, "record": 1057781, "source": "Microsoft-Windows-Security-Auditing", "event_type": "EVENTLOG_AUDIT_SUCCESS", "message": "Credential Manager credentials were read.\r\n\r\nSubject:\r\n\tSecurity ID:\t\tS-1-5-21-4209720783-2618409851-3726521692-1001\r\n\tAccount Name:\t\tHP\r\n\tAccount Domain:\t\tHP\r\n\tLogon ID:\t\t0x258cbe2\r\n\tRead Operation:\t\t%%8100\r\n\r\nThis event occurs when a user performs a read operation on stored credentials in Credential Manager.\r\n"}, {"event_date_time": "Thu Apr 11 10:12:03 2024", "event_id": "5379", "computer": "HP", "category": 13824, "record": 1057780, "source": "Microsoft-Windows-Security-Auditing", "event_type": "EVENTLOG_AUDIT_SUCCESS", "message": "Credential Manager credentials were read.\r\n\r\nSubject:\r\n\tSecurity ID:\t\tS-1-5-21-4209720783-2618409851-3726521692-1001\r\n\tAccount Name:\t\tHP\r\n\tAccount Domain:\t\tHP\r\n\tLogon ID:\t\t0x258cbe2\r\n\tRead Operation:\t\t%%8100\r\n\r\nThis event occurs when a user performs a read operation on stored credentials in Credential Manager.\r\n"}, {"event_date_time": "Thu Apr 11 10:12:03 2024", "event_id": "5379", "computer": "HP", "category": 13824, "record": 1057779, "source": "Microsoft-Windows-Security-Auditing", "event_type": "EVENTLOG_AUDIT_SUCCESS", "message": "Credential Manager credentials were read.\r\n\r\nSubject:\r\n\tSecurity ID:\t\tS-1-5-21-4209720783-2618409851-3726521692-1001\r\n\tAccount Name:\t\tHP\r\n\tAccount Domain:\t\tHP\r\n\tLogon ID:\t\t0x258cbe2\r\n\tRead Operation:\t\t%%8100\r\n\r\nThis event occurs when a user performs a read operation on stored credentials in Credential Manager.\r\n"}, {"event_date_time": "Thu Apr 11 10:12:03 2024", "event_id": "5379", "computer": "HP", "category": 13824, "record": 1057778, "source": "Microsoft-Windows-Security-Auditing", "event_type": "EVENTLOG_AUDIT_SUCCESS", "message": "Credential Manager credentials were read.\r\n\r\nSubject:\r\n\tSecurity ID:\t\tS-1-5-21-4209720783-2618409851-3726521692-1001\r\n\tAccount Name:\t\tHP\r\n\tAccount Domain:\t\tHP\r\n\tLogon ID:\t\t0x258cbe2\r\n\tRead Operation:\t\t%%8100\r\n\r\nThis event occurs when a user performs a read operation on stored credentials in Credential Manager.\r\n"}, {"event_date_time": "Thu Apr 11 10:12:03 2024", "event_id": "5379", "computer": "HP", "category": 13824, "record": 1057777, "source": "Microsoft-Windows-Security-Auditing", "event_type": "EVENTLOG_AUDIT_SUCCESS", "message": "Credential Manager credentials were read.\r\n\r\nSubject:\r\n\tSecurity ID:\t\tS-1-5-21-4209720783-2618409851-3726521692-1001\r\n\tAccount Name:\t\tHP\r\n\tAccount Domain:\t\tHP\r\n\tLogon ID:\t\t0x258cbe2\r\n\tRead Operation:\t\t%%8100\r\n\r\nThis event occurs when a user performs a read operation on stored credentials in Credential Manager.\r\n"}, {"event_date_time": "Thu Apr 11 10:12:03 2024", "event_id": "5379", "computer": "HP", "category": 13824, "record": 1057776, "source": "Microsoft-Windows-Security-Auditing", "event_type": "EVENTLOG_AUDIT_SUCCESS", "message": "Credential Manager credentials were read.\r\n\r\nSubject:\r\n\tSecurity ID:\t\tS-1-5-21-4209720783-2618409851-3726521692-1001\r\n\tAccount Name:\t\tHP\r\n\tAccount Domain:\t\tHP\r\n\tLogon ID:\t\t0x258cbe2\r\n\tRead Operation:\t\t%%8100\r\n\r\nThis event occurs when a user performs a read operation on stored credentials in Credential Manager.\r\n"}, {"event_date_time": "Thu Apr 11 10:12:03 2024", "event_id": "5379", "computer": "HP", "category": 13824, "record": 1057775, "source": "Microsoft-Windows-Security-Auditing", "event_type": "EVENTLOG_AUDIT_SUCCESS", "message": "Credential Manager credentials were read.\r\n\r\nSubject:\r\n\tSecurity ID:\t\tS-1-5-21-4209720783-2618409851-3726521692-1001\r\n\tAccount Name:\t\tHP\r\n\tAccount Domain:\t\tHP\r\n\tLogon ID:\t\t0x258cbe2\r\n\tRead Operation:\t\t%%8100\r\n\r\nThis event occurs when a user performs a read operation on stored credentials in Credential Manager.\r\n"}, {"event_date_time": "Thu Apr 11 10:12:03 2024", "event_id": "5379", "computer": "HP", "category": 13824, "record": 1057774, "source": "Microsoft-Windows-Security-Auditing", "event_type": "EVENTLOG_AUDIT_SUCCESS", "message": "Credential Manager credentials were read.\r\n\r\nSubject:\r\n\tSecurity ID:\t\tS-1-5-21-4209720783-2618409851-3726521692-1001\r\n\tAccount Name:\t\tHP\r\n\tAccount Domain:\t\tHP\r\n\tLogon ID:\t\t0x258cbe2\r\n\tRead Operation:\t\t%%8100\r\n\r\nThis event occurs when a user performs a read operation on stored credentials in Credential Manager.\r\n"}, {"event_date_time": "Thu Apr 11 10:12:03 2024", "event_id": "5379", "computer": "HP", "category": 13824, "record": 1057773, "source": "Microsoft-Windows-Security-Auditing", "event_type": "EVENTLOG_AUDIT_SUCCESS", "message": "Credential Manager credentials were read.\r\n\r\nSubject:\r\n\tSecurity ID:\t\tS-1-5-21-4209720783-2618409851-3726521692-1001\r\n\tAccount Name:\t\tHP\r\n\tAccount Domain:\t\tHP\r\n\tLogon ID:\t\t0x258cbe2\r\n\tRead Operation:\t\t%%8100\r\n\r\nThis event occurs when a user performs a read operation on stored credentials in Credential Manager.\r\n"}, {"event_date_time": "Thu Apr 11 10:12:03 2024", "event_id": "5379", "computer": "HP", "category": 13824, "record": 1057772, "source": "Microsoft-Windows-Security-Auditing", "event_type": "EVENTLOG_AUDIT_SUCCESS", "message": "Credential Manager credentials were read.\r\n\r\nSubject:\r\n\tSecurity ID:\t\tS-1-5-21-4209720783-2618409851-3726521692-1001\r\n\tAccount Name:\t\tHP\r\n\tAccount Domain:\t\tHP\r\n\tLogon ID:\t\t0x258cbe2\r\n\tRead Operation:\t\t%%8100\r\n\r\nThis event occurs when a user performs a read operation on stored credentials in Credential Manager.\r\n"}, {"event_date_time": "Thu Apr 11 10:12:03 2024", "event_id": "5379", "computer": "HP", "category": 13824, "record": 1057771, "source": "Microsoft-Windows-Security-Auditing", "event_type": "EVENTLOG_AUDIT_SUCCESS", "message": "Credential Manager credentials were read.\r\n\r\nSubject:\r\n\tSecurity ID:\t\tS-1-5-21-4209720783-2618409851-3726521692-1001\r\n\tAccount Name:\t\tHP\r\n\tAccount Domain:\t\tHP\r\n\tLogon ID:\t\t0x258cbe2\r\n\tRead Operation:\t\t%%8100\r\n\r\nThis event occurs when a user performs a read operation on stored credentials in Credential Manager.\r\n"}, {"event_date_time": "Thu Apr 11 10:12:03 2024", "event_id": "5379", "computer": "HP", "category": 13824, "record": 1057770, "source": "Microsoft-Windows-Security-Auditing", "event_type": "EVENTLOG_AUDIT_SUCCESS", "message": "Credential Manager credentials were read.\r\n\r\nSubject:\r\n\tSecurity ID:\t\tS-1-5-21-4209720783-2618409851-3726521692-1001\r\n\tAccount Name:\t\tHP\r\n\tAccount Domain:\t\tHP\r\n\tLogon ID:\t\t0x258cbe2\r\n\tRead Operation:\t\t%%8100\r\n\r\nThis event occurs when a user performs a read operation on stored credentials in Credential Manager.\r\n"}, {"event_date_time": "Thu Apr 11 10:12:03 2024", "event_id": "5379", "computer": "HP", "category": 13824, "record": 1057769, "source": "Microsoft-Windows-Security-Auditing", "event_type": "EVENTLOG_AUDIT_SUCCESS", "message": "Credential Manager credentials were read.\r\n\r\nSubject:\r\n\tSecurity ID:\t\tS-1-5-21-4209720783-2618409851-3726521692-1001\r\n\tAccount Name:\t\tHP\r\n\tAccount Domain:\t\tHP\r\n\tLogon ID:\t\t0x258cbe2\r\n\tRead Operation:\t\t%%8099\r\n\r\nThis event occurs when a user performs a read operation on stored credentials in Credential Manager.\r\n"}, {"event_date_time": "Thu Apr 11 10:12:03 2024", "event_id": "5379", "computer": "HP", "category": 13824, "record": 1057768, "source": "Microsoft-Windows-Security-Auditing", "event_type": "EVENTLOG_AUDIT_SUCCESS", "message": "Credential Manager credentials were read.\r\n\r\nSubject:\r\n\tSecurity ID:\t\tS-1-5-21-4209720783-2618409851-3726521692-1001\r\n\tAccount Name:\t\tHP\r\n\tAccount Domain:\t\tHP\r\n\tLogon ID:\t\t0x258cbe2\r\n\tRead Operation:\t\t%%8100\r\n\r\nThis event occurs when a user performs a read operation on stored credentials in Credential Manager.\r\n"}, {"event_date_time": "Thu Apr 11 10:12:03 2024", "event_id": "5379", "computer": "HP", "category": 13824, "record": 1057767, "source": "Microsoft-Windows-Security-Auditing", "event_type": "EVENTLOG_AUDIT_SUCCESS", "message": "Credential Manager credentials were read.\r\n\r\nSubject:\r\n\tSecurity ID:\t\tS-1-5-21-4209720783-2618409851-3726521692-1001\r\n\tAccount Name:\t\tHP\r\n\tAccount Domain:\t\tHP\r\n\tLogon ID:\t\t0x258cbe2\r\n\tRead Operation:\t\t%%8100\r\n\r\nThis event occurs when a user performs a read operation on stored credentials in Credential Manager.\r\n"}, {"event_date_time": "Thu Apr 11 10:12:03 2024", "event_id": "5379", "computer": "HP", "category": 13824, "record": 1057766, "source": "Microsoft-Windows-Security-Auditing", "event_type": "EVENTLOG_AUDIT_SUCCESS", "message": "Credential Manager credentials were read.\r\n\r\nSubject:\r\n\tSecurity ID:\t\tS-1-5-21-4209720783-2618409851-3726521692-1001\r\n\tAccount Name:\t\tHP\r\n\tAccount Domain:\t\tHP\r\n\tLogon ID:\t\t0x258cbe2\r\n\tRead Operation:\t\t%%8100\r\n\r\nThis event occurs when a user performs a read operation on stored credentials in Credential Manager.\r\n"}, {"event_date_time": "Thu Apr 11 10:12:03 2024", "event_id": "5379", "computer": "HP", "category": 13824, "record": 1057765, "source": "Microsoft-Windows-Security-Auditing", "event_type": "EVENTLOG_AUDIT_SUCCESS", "message": "Credential Manager credentials were read.\r\n\r\nSubject:\r\n\tSecurity ID:\t\tS-1-5-21-4209720783-2618409851-3726521692-1001\r\n\tAccount Name:\t\tHP\r\n\tAccount Domain:\t\tHP\r\n\tLogon ID:\t\t0x258cbe2\r\n\tRead Operation:\t\t%%8100\r\n\r\nThis event occurs when a user performs a read operation on stored credentials in Credential Manager.\r\n"}, {"event_date_time": "Thu Apr 11 10:12:03 2024", "event_id": "5379", "computer": "HP", "category": 13824, "record": 1057764, "source": "Microsoft-Windows-Security-Auditing", "event_type": "EVENTLOG_AUDIT_SUCCESS", "message": "Credential Manager credentials were read.\r\n\r\nSubject:\r\n\tSecurity ID:\t\tS-1-5-21-4209720783-2618409851-3726521692-1001\r\n\tAccount Name:\t\tHP\r\n\tAccount Domain:\t\tHP\r\n\tLogon ID:\t\t0x258cbe2\r\n\tRead Operation:\t\t%%8100\r\n\r\nThis event occurs when a user performs a read operation on stored credentials in Credential Manager.\r\n"}, {"event_date_time": "Thu Apr 11 10:12:03 2024", "event_id": "5379", "computer": "HP", "category": 13824, "record": 1057763, "source": "Microsoft-Windows-Security-Auditing", "event_type": "EVENTLOG_AUDIT_SUCCESS", "message": "Credential Manager credentials were read.\r\n\r\nSubject:\r\n\tSecurity ID:\t\tS-1-5-21-4209720783-2618409851-3726521692-1001\r\n\tAccount Name:\t\tHP\r\n\tAccount Domain:\t\tHP\r\n\tLogon ID:\t\t0x258cbe2\r\n\tRead Operation:\t\t%%8100\r\n\r\nThis event occurs when a user performs a read operation on stored credentials in Credential Manager.\r\n"}, {"event_date_time": "Thu Apr 11 10:12:03 2024", "event_id": "5379", "computer": "HP", "category": 13824, "record": 1057762, "source": "Microsoft-Windows-Security-Auditing", "event_type": "EVENTLOG_AUDIT_SUCCESS", "message": "Credential Manager credentials were read.\r\n\r\nSubject:\r\n\tSecurity ID:\t\tS-1-5-21-4209720783-2618409851-3726521692-1001\r\n\tAccount Name:\t\tHP\r\n\tAccount Domain:\t\tHP\r\n\tLogon ID:\t\t0x258cbe2\r\n\tRead Operation:\t\t%%8100\r\n\r\nThis event occurs when a user performs a read operation on stored credentials in Credential Manager.\r\n"}, {"event_date_time": "Thu Apr 11 10:12:03 2024", "event_id": "5379", "computer": "HP", "category": 13824, "record": 1057761, "source": "Microsoft-Windows-Security-Auditing", "event_type": "EVENTLOG_AUDIT_SUCCESS", "message": "Credential Manager credentials were read.\r\n\r\nSubject:\r\n\tSecurity ID:\t\tS-1-5-21-4209720783-2618409851-3726521692-1001\r\n\tAccount Name:\t\tHP\r\n\tAccount Domain:\t\tHP\r\n\tLogon ID:\t\t0x258cbe2\r\n\tRead Operation:\t\t%%8100\r\n\r\nThis event occurs when a user performs a read operation on stored credentials in Credential Manager.\r\n"}, {"event_date_time": "Thu Apr 11 10:12:03 2024", "event_id": "5379", "computer": "HP", "category": 13824, "record": 1057760, "source": "Microsoft-Windows-Security-Auditing", "event_type": "EVENTLOG_AUDIT_SUCCESS", "message": "Credential Manager credentials were read.\r\n\r\nSubject:\r\n\tSecurity ID:\t\tS-1-5-21-4209720783-2618409851-3726521692-1001\r\n\tAccount Name:\t\tHP\r\n\tAccount Domain:\t\tHP\r\n\tLogon ID:\t\t0x258cbe2\r\n\tRead Operation:\t\t%%8100\r\n\r\nThis event occurs when a user performs a read operation on stored credentials in Credential Manager.\r\n"}, {"event_date_time": "Thu Apr 11 10:12:03 2024", "event_id": "5379", "computer": "HP", "category": 13824, "record": 1057759, "source": "Microsoft-Windows-Security-Auditing", "event_type": "EVENTLOG_AUDIT_SUCCESS", "message": "Credential Manager credentials were read.\r\n\r\nSubject:\r\n\tSecurity ID:\t\tS-1-5-21-4209720783-2618409851-3726521692-1001\r\n\tAccount Name:\t\tHP\r\n\tAccount Domain:\t\tHP\r\n\tLogon ID:\t\t0x258cbe2\r\n\tRead Operation:\t\t%%8100\r\n\r\nThis event occurs when a user performs a read operation on stored credentials in Credential Manager.\r\n"}, {"event_date_time": "Thu Apr 11 10:12:03 2024", "event_id": "5379", "computer": "HP", "category": 13824, "record": 1057758, "source": "Microsoft-Windows-Security-Auditing", "event_type": "EVENTLOG_AUDIT_SUCCESS", "message": "Credential Manager credentials were read.\r\n\r\nSubject:\r\n\tSecurity ID:\t\tS-1-5-21-4209720783-2618409851-3726521692-1001\r\n\tAccount Name:\t\tHP\r\n\tAccount Domain:\t\tHP\r\n\tLogon ID:\t\t0x258cbe2\r\n\tRead Operation:\t\t%%8100\r\n\r\nThis event occurs when a user performs a read operation on stored credentials in Credential Manager.\r\n"}, {"event_date_time": "Thu Apr 11 10:12:03 2024", "event_id": "5379", "computer": "HP", "category": 13824, "record": 1057757, "source": "Microsoft-Windows-Security-Auditing", "event_type": "EVENTLOG_AUDIT_SUCCESS", "message": "Credential Manager credentials were read.\r\n\r\nSubject:\r\n\tSecurity ID:\t\tS-1-5-21-4209720783-2618409851-3726521692-1001\r\n\tAccount Name:\t\tHP\r\n\tAccount Domain:\t\tHP\r\n\tLogon ID:\t\t0x258cbe2\r\n\tRead Operation:\t\t%%8100\r\n\r\nThis event occurs when a user performs a read operation on stored credentials in Credential Manager.\r\n"}, {"event_date_time": "Thu Apr 11 10:12:03 2024", "event_id": "5379", "computer": "HP", "category": 13824, "record": 1057756, "source": "Microsoft-Windows-Security-Auditing", "event_type": "EVENTLOG_AUDIT_SUCCESS", "message": "Credential Manager credentials were read.\r\n\r\nSubject:\r\n\tSecurity ID:\t\tS-1-5-21-4209720783-2618409851-3726521692-1001\r\n\tAccount Name:\t\tHP\r\n\tAccount Domain:\t\tHP\r\n\tLogon ID:\t\t0x258cbe2\r\n\tRead Operation:\t\t%%8100\r\n\r\nThis event occurs when a user performs a read operation on stored credentials in Credential Manager.\r\n"}, {"event_date_time": "Thu Apr 11 10:12:03 2024", "event_id": "5379", "computer": "HP", "category": 13824, "record": 1057755, "source": "Microsoft-Windows-Security-Auditing", "event_type": "EVENTLOG_AUDIT_SUCCESS", "message": "Credential Manager credentials were read.\r\n\r\nSubject:\r\n\tSecurity ID:\t\tS-1-5-21-4209720783-2618409851-3726521692-1001\r\n\tAccount Name:\t\tHP\r\n\tAccount Domain:\t\tHP\r\n\tLogon ID:\t\t0x258cbe2\r\n\tRead Operation:\t\t%%8100\r\n\r\nThis event occurs when a user performs a read operation on stored credentials in Credential Manager.\r\n"}, {"event_date_time": "Thu Apr 11 10:12:03 2024", "event_id": "5379", "computer": "HP", "category": 13824, "record": 1057754, "source": "Microsoft-Windows-Security-Auditing", "event_type": "EVENTLOG_AUDIT_SUCCESS", "message": "Credential Manager credentials were read.\r\n\r\nSubject:\r\n\tSecurity ID:\t\tS-1-5-21-4209720783-2618409851-3726521692-1001\r\n\tAccount Name:\t\tHP\r\n\tAccount Domain:\t\tHP\r\n\tLogon ID:\t\t0x258cbe2\r\n\tRead Operation:\t\t%%8100\r\n\r\nThis event occurs when a user performs a read operation on stored credentials in Credential Manager.\r\n"}, {"event_date_time": "Thu Apr 11 10:12:03 2024", "event_id": "5379", "computer": "HP", "category": 13824, "record": 1057753, "source": "Microsoft-Windows-Security-Auditing", "event_type": "EVENTLOG_AUDIT_SUCCESS", "message": "Credential Manager credentials were read.\r\n\r\nSubject:\r\n\tSecurity ID:\t\tS-1-5-21-4209720783-2618409851-3726521692-1001\r\n\tAccount Name:\t\tHP\r\n\tAccount Domain:\t\tHP\r\n\tLogon ID:\t\t0x258cbe2\r\n\tRead Operation:\t\t%%8099\r\n\r\nThis event occurs when a user performs a read operation on stored credentials in Credential Manager.\r\n"}, {"event_date_time": "Thu Apr 11 10:12:03 2024", "event_id": "5379", "computer": "HP", "category": 13824, "record": 1057752, "source": "Microsoft-Windows-Security-Auditing", "event_type": "EVENTLOG_AUDIT_SUCCESS", "message": "Credential Manager credentials were read.\r\n\r\nSubject:\r\n\tSecurity ID:\t\tS-1-5-21-4209720783-2618409851-3726521692-1001\r\n\tAccount Name:\t\tHP\r\n\tAccount Domain:\t\tHP\r\n\tLogon ID:\t\t0x258cbe2\r\n\tRead Operation:\t\t%%8100\r\n\r\nThis event occurs when a user performs a read operation on stored credentials in Credential Manager.\r\n"}, {"event_date_time": "Thu Apr 11 10:12:03 2024", "event_id": "5379", "computer": "HP", "category": 13824, "record": 1057751, "source": "Microsoft-Windows-Security-Auditing", "event_type": "EVENTLOG_AUDIT_SUCCESS", "message": "Credential Manager credentials were read.\r\n\r\nSubject:\r\n\tSecurity ID:\t\tS-1-5-21-4209720783-2618409851-3726521692-1001\r\n\tAccount Name:\t\tHP\r\n\tAccount Domain:\t\tHP\r\n\tLogon ID:\t\t0x258cbe2\r\n\tRead Operation:\t\t%%8100\r\n\r\nThis event occurs when a user performs a read operation on stored credentials in Credential Manager.\r\n"}, {"event_date_time": "Thu Apr 11 10:12:03 2024", "event_id": "5379", "computer": "HP", "category": 13824, "record": 1057750, "source": "Microsoft-Windows-Security-Auditing", "event_type": "EVENTLOG_AUDIT_SUCCESS", "message": "Credential Manager credentials were read.\r\n\r\nSubject:\r\n\tSecurity ID:\t\tS-1-5-21-4209720783-2618409851-3726521692-1001\r\n\tAccount Name:\t\tHP\r\n\tAccount Domain:\t\tHP\r\n\tLogon ID:\t\t0x258cbe2\r\n\tRead Operation:\t\t%%8100\r\n\r\nThis event occurs when a user performs a read operation on stored credentials in Credential Manager.\r\n"}, {"event_date_time": "Thu Apr 11 10:12:03 2024", "event_id": "5379", "computer": "HP", "category": 13824, "record": 1057749, "source": "Microsoft-Windows-Security-Auditing", "event_type": "EVENTLOG_AUDIT_SUCCESS", "message": "Credential Manager credentials were read.\r\n\r\nSubject:\r\n\tSecurity ID:\t\tS-1-5-21-4209720783-2618409851-3726521692-1001\r\n\tAccount Name:\t\tHP\r\n\tAccount Domain:\t\tHP\r\n\tLogon ID:\t\t0x258cbe2\r\n\tRead Operation:\t\t%%8100\r\n\r\nThis event occurs when a user performs a read operation on stored credentials in Credential Manager.\r\n"}, {"event_date_time": "Thu Apr 11 10:12:03 2024", "event_id": "5379", "computer": "HP", "category": 13824, "record": 1057748, "source": "Microsoft-Windows-Security-Auditing", "event_type": "EVENTLOG_AUDIT_SUCCESS", "message": "Credential Manager credentials were read.\r\n\r\nSubject:\r\n\tSecurity ID:\t\tS-1-5-21-4209720783-2618409851-3726521692-1001\r\n\tAccount Name:\t\tHP\r\n\tAccount Domain:\t\tHP\r\n\tLogon ID:\t\t0x258cbe2\r\n\tRead Operation:\t\t%%8100\r\n\r\nThis event occurs when a user performs a read operation on stored credentials in Credential Manager.\r\n"}, {"event_date_time": "Thu Apr 11 10:12:03 2024", "event_id": "5379", "computer": "HP", "category": 13824, "record": 1057747, "source": "Microsoft-Windows-Security-Auditing", "event_type": "EVENTLOG_AUDIT_SUCCESS", "message": "Credential Manager credentials were read.\r\n\r\nSubject:\r\n\tSecurity ID:\t\tS-1-5-21-4209720783-2618409851-3726521692-1001\r\n\tAccount Name:\t\tHP\r\n\tAccount Domain:\t\tHP\r\n\tLogon ID:\t\t0x258cbe2\r\n\tRead Operation:\t\t%%8100\r\n\r\nThis event occurs when a user performs a read operation on stored credentials in Credential Manager.\r\n"}, {"event_date_time": "Thu Apr 11 10:12:03 2024", "event_id": "5379", "computer": "HP", "category": 13824, "record": 1057746, "source": "Microsoft-Windows-Security-Auditing", "event_type": "EVENTLOG_AUDIT_SUCCESS", "message": "Credential Manager credentials were read.\r\n\r\nSubject:\r\n\tSecurity ID:\t\tS-1-5-21-4209720783-2618409851-3726521692-1001\r\n\tAccount Name:\t\tHP\r\n\tAccount Domain:\t\tHP\r\n\tLogon ID:\t\t0x258cbe2\r\n\tRead Operation:\t\t%%8100\r\n\r\nThis event occurs when a user performs a read operation on stored credentials in Credential Manager.\r\n"}, {"event_date_time": "Thu Apr 11 10:12:03 2024", "event_id": "5379", "computer": "HP", "category": 13824, "record": 1057745, "source": "Microsoft-Windows-Security-Auditing", "event_type": "EVENTLOG_AUDIT_SUCCESS", "message": "Credential Manager credentials were read.\r\n\r\nSubject:\r\n\tSecurity ID:\t\tS-1-5-21-4209720783-2618409851-3726521692-1001\r\n\tAccount Name:\t\tHP\r\n\tAccount Domain:\t\tHP\r\n\tLogon ID:\t\t0x258cbe2\r\n\tRead Operation:\t\t%%8100\r\n\r\nThis event occurs when a user performs a read operation on stored credentials in Credential Manager.\r\n"}, {"event_date_time": "Thu Apr 11 10:12:03 2024", "event_id": "5379", "computer": "HP", "category": 13824, "record": 1057744, "source": "Microsoft-Windows-Security-Auditing", "event_type": "EVENTLOG_AUDIT_SUCCESS", "message": "Credential Manager credentials were read.\r\n\r\nSubject:\r\n\tSecurity ID:\t\tS-1-5-21-4209720783-2618409851-3726521692-1001\r\n\tAccount Name:\t\tHP\r\n\tAccount Domain:\t\tHP\r\n\tLogon ID:\t\t0x258cbe2\r\n\tRead Operation:\t\t%%8100\r\n\r\nThis event occurs when a user performs a read operation on stored credentials in Credential Manager.\r\n"}, {"event_date_time": "Thu Apr 11 10:12:03 2024", "event_id": "5379", "computer": "HP", "category": 13824, "record": 1057743, "source": "Microsoft-Windows-Security-Auditing", "event_type": "EVENTLOG_AUDIT_SUCCESS", "message": "Credential Manager credentials were read.\r\n\r\nSubject:\r\n\tSecurity ID:\t\tS-1-5-21-4209720783-2618409851-3726521692-1001\r\n\tAccount Name:\t\tHP\r\n\tAccount Domain:\t\tHP\r\n\tLogon ID:\t\t0x258cbe2\r\n\tRead Operation:\t\t%%8100\r\n\r\nThis event occurs when a user performs a read operation on stored credentials in Credential Manager.\r\n"}, {"event_date_time": "Thu Apr 11 10:12:03 2024", "event_id": "5379", "computer": "HP", "category": 13824, "record": 1057742, "source": "Microsoft-Windows-Security-Auditing", "event_type": "EVENTLOG_AUDIT_SUCCESS", "message": "Credential Manager credentials were read.\r\n\r\nSubject:\r\n\tSecurity ID:\t\tS-1-5-21-4209720783-2618409851-3726521692-1001\r\n\tAccount Name:\t\tHP\r\n\tAccount Domain:\t\tHP\r\n\tLogon ID:\t\t0x258cbe2\r\n\tRead Operation:\t\t%%8100\r\n\r\nThis event occurs when a user performs a read operation on stored credentials in Credential Manager.\r\n"}, {"event_date_time": "Thu Apr 11 10:12:03 2024", "event_id": "5379", "computer": "HP", "category": 13824, "record": 1057741, "source": "Microsoft-Windows-Security-Auditing", "event_type": "EVENTLOG_AUDIT_SUCCESS", "message": "Credential Manager credentials were read.\r\n\r\nSubject:\r\n\tSecurity ID:\t\tS-1-5-21-4209720783-2618409851-3726521692-1001\r\n\tAccount Name:\t\tHP\r\n\tAccount Domain:\t\tHP\r\n\tLogon ID:\t\t0x258cbe2\r\n\tRead Operation:\t\t%%8100\r\n\r\nThis event occurs when a user performs a read operation on stored credentials in Credential Manager.\r\n"}, {"event_date_time": "Thu Apr 11 10:12:03 2024", "event_id": "5379", "computer": "HP", "category": 13824, "record": 1057740, "source": "Microsoft-Windows-Security-Auditing", "event_type": "EVENTLOG_AUDIT_SUCCESS", "message": "Credential Manager credentials were read.\r\n\r\nSubject:\r\n\tSecurity ID:\t\tS-1-5-21-4209720783-2618409851-3726521692-1001\r\n\tAccount Name:\t\tHP\r\n\tAccount Domain:\t\tHP\r\n\tLogon ID:\t\t0x258cbe2\r\n\tRead Operation:\t\t%%8100\r\n\r\nThis event occurs when a user performs a read operation on stored credentials in Credential Manager.\r\n"}, {"event_date_time": "Thu Apr 11 10:12:03 2024", "event_id": "5379", "computer": "HP", "category": 13824, "record": 1057739, "source": "Microsoft-Windows-Security-Auditing", "event_type": "EVENTLOG_AUDIT_SUCCESS", "message": "Credential Manager credentials were read.\r\n\r\nSubject:\r\n\tSecurity ID:\t\tS-1-5-21-4209720783-2618409851-3726521692-1001\r\n\tAccount Name:\t\tHP\r\n\tAccount Domain:\t\tHP\r\n\tLogon ID:\t\t0x258cbe2\r\n\tRead Operation:\t\t%%8100\r\n\r\nThis event occurs when a user performs a read operation on stored credentials in Credential Manager.\r\n"}, {"event_date_time": "Thu Apr 11 10:12:03 2024", "event_id": "5379", "computer": "HP", "category": 13824, "record": 1057738, "source": "Microsoft-Windows-Security-Auditing", "event_type": "EVENTLOG_AUDIT_SUCCESS", "message": "Credential Manager credentials were read.\r\n\r\nSubject:\r\n\tSecurity ID:\t\tS-1-5-21-4209720783-2618409851-3726521692-1001\r\n\tAccount Name:\t\tHP\r\n\tAccount Domain:\t\tHP\r\n\tLogon ID:\t\t0x258cbe2\r\n\tRead Operation:\t\t%%8100\r\n\r\nThis event occurs when a user performs a read operation on stored credentials in Credential Manager.\r\n"}, {"event_date_time": "Thu Apr 11 10:12:02 2024", "event_id": "5379", "computer": "HP", "category": 13824, "record": 1057737, "source": "Microsoft-Windows-Security-Auditing", "event_type": "EVENTLOG_AUDIT_SUCCESS", "message": "Credential Manager credentials were read.\r\n\r\nSubject:\r\n\tSecurity ID:\t\tS-1-5-21-4209720783-2618409851-3726521692-1001\r\n\tAccount Name:\t\tHP\r\n\tAccount Domain:\t\tHP\r\n\tLogon ID:\t\t0x258cbe2\r\n\tRead Operation:\t\t%%8100\r\n\r\nThis event occurs when a user performs a read operation on stored credentials in Credential Manager.\r\n"}, {"event_date_time": "Thu Apr 11 10:12:02 2024", "event_id": "5379", "computer": "HP", "category": 13824, "record": 1057736, "source": "Microsoft-Windows-Security-Auditing", "event_type": "EVENTLOG_AUDIT_SUCCESS", "message": "Credential Manager credentials were read.\r\n\r\nSubject:\r\n\tSecurity ID:\t\tS-1-5-21-4209720783-2618409851-3726521692-1001\r\n\tAccount Name:\t\tHP\r\n\tAccount Domain:\t\tHP\r\n\tLogon ID:\t\t0x258cbe2\r\n\tRead Operation:\t\t%%8100\r\n\r\nThis event occurs when a user performs a read operation on stored credentials in Credential Manager.\r\n"}, {"event_date_time": "Thu Apr 11 10:12:02 2024", "event_id": "5379", "computer": "HP", "category": 13824, "record": 1057735, "source": "Microsoft-Windows-Security-Auditing", "event_type": "EVENTLOG_AUDIT_SUCCESS", "message": "Credential Manager credentials were read.\r\n\r\nSubject:\r\n\tSecurity ID:\t\tS-1-5-21-4209720783-2618409851-3726521692-1001\r\n\tAccount Name:\t\tHP\r\n\tAccount Domain:\t\tHP\r\n\tLogon ID:\t\t0x258cbe2\r\n\tRead Operation:\t\t%%8100\r\n\r\nThis event occurs when a user performs a read operation on stored credentials in Credential Manager.\r\n"}, {"event_date_time": "Thu Apr 11 10:12:02 2024", "event_id": "5379", "computer": "HP", "category": 13824, "record": 1057734, "source": "Microsoft-Windows-Security-Auditing", "event_type": "EVENTLOG_AUDIT_SUCCESS", "message": "Credential Manager credentials were read.\r\n\r\nSubject:\r\n\tSecurity ID:\t\tS-1-5-21-4209720783-2618409851-3726521692-1001\r\n\tAccount Name:\t\tHP\r\n\tAccount Domain:\t\tHP\r\n\tLogon ID:\t\t0x258cbe2\r\n\tRead Operation:\t\t%%8100\r\n\r\nThis event occurs when a user performs a read operation on stored credentials in Credential Manager.\r\n"}, {"event_date_time": "Thu Apr 11 10:12:02 2024", "event_id": "5379", "computer": "HP", "category": 13824, "record": 1057733, "source": "Microsoft-Windows-Security-Auditing", "event_type": "EVENTLOG_AUDIT_SUCCESS", "message": "Credential Manager credentials were read.\r\n\r\nSubject:\r\n\tSecurity ID:\t\tS-1-5-21-4209720783-2618409851-3726521692-1001\r\n\tAccount Name:\t\tHP\r\n\tAccount Domain:\t\tHP\r\n\tLogon ID:\t\t0x258cbe2\r\n\tRead Operation:\t\t%%8100\r\n\r\nThis event occurs when a user performs a read operation on stored credentials in Credential Manager.\r\n"}, {"event_date_time": "Thu Apr 11 10:12:01 2024", "event_id": "5379", "computer": "HP", "category": 13824, "record": 1057732, "source": "Microsoft-Windows-Security-Auditing", "event_type": "EVENTLOG_AUDIT_SUCCESS", "message": "Credential Manager credentials were read.\r\n\r\nSubject:\r\n\tSecurity ID:\t\tS-1-5-21-4209720783-2618409851-3726521692-1001\r\n\tAccount Name:\t\tHP\r\n\tAccount Domain:\t\tHP\r\n\tLogon ID:\t\t0x258cbe2\r\n\tRead Operation:\t\t%%8100\r\n\r\nThis event occurs when a user performs a read operation on stored credentials in Credential Manager.\r\n"}, {"event_date_time": "Thu Apr 11 10:12:01 2024", "event_id": "5379", "computer": "HP", "category": 13824, "record": 1057731, "source": "Microsoft-Windows-Security-Auditing", "event_type": "EVENTLOG_AUDIT_SUCCESS", "message": "Credential Manager credentials were read.\r\n\r\nSubject:\r\n\tSecurity ID:\t\tS-1-5-21-4209720783-2618409851-3726521692-1001\r\n\tAccount Name:\t\tHP\r\n\tAccount Domain:\t\tHP\r\n\tLogon ID:\t\t0x258cbe2\r\n\tRead Operation:\t\t%%8100\r\n\r\nThis event occurs when a user performs a read operation on stored credentials in Credential Manager.\r\n"}, {"event_date_time": "Thu Apr 11 10:12:01 2024", "event_id": "5379", "computer": "HP", "category": 13824, "record": 1057730, "source": "Microsoft-Windows-Security-Auditing", "event_type": "EVENTLOG_AUDIT_SUCCESS", "message": "Credential Manager credentials were read.\r\n\r\nSubject:\r\n\tSecurity ID:\t\tS-1-5-21-4209720783-2618409851-3726521692-1001\r\n\tAccount Name:\t\tHP\r\n\tAccount Domain:\t\tHP\r\n\tLogon ID:\t\t0x258cbe2\r\n\tRead Operation:\t\t%%8100\r\n\r\nThis event occurs when a user performs a read operation on stored credentials in Credential Manager.\r\n"}, {"event_date_time": "Thu Apr 11 10:12:01 2024", "event_id": "5379", "computer": "HP", "category": 13824, "record": 1057729, "source": "Microsoft-Windows-Security-Auditing", "event_type": "EVENTLOG_AUDIT_SUCCESS", "message": "Credential Manager credentials were read.\r\n\r\nSubject:\r\n\tSecurity ID:\t\tS-1-5-21-4209720783-2618409851-3726521692-1001\r\n\tAccount Name:\t\tHP\r\n\tAccount Domain:\t\tHP\r\n\tLogon ID:\t\t0x258cbe2\r\n\tRead Operation:\t\t%%8100\r\n\r\nThis event occurs when a user performs a read operation on stored credentials in Credential Manager.\r\n"}, {"event_date_time": "Thu Apr 11 10:12:01 2024", "event_id": "5379", "computer": "HP", "category": 13824, "record": 1057728, "source": "Microsoft-Windows-Security-Auditing", "event_type": "EVENTLOG_AUDIT_SUCCESS", "message": "Credential Manager credentials were read.\r\n\r\nSubject:\r\n\tSecurity ID:\t\tS-1-5-21-4209720783-2618409851-3726521692-1001\r\n\tAccount Name:\t\tHP\r\n\tAccount Domain:\t\tHP\r\n\tLogon ID:\t\t0x258cbe2\r\n\tRead Operation:\t\t%%8100\r\n\r\nThis event occurs when a user performs a read operation on stored credentials in Credential Manager.\r\n"}, {"event_date_time": "Thu Apr 11 10:12:01 2024", "event_id": "5379", "computer": "HP", "category": 13824, "record": 1057727, "source": "Microsoft-Windows-Security-Auditing", "event_type": "EVENTLOG_AUDIT_SUCCESS", "message": "Credential Manager credentials were read.\r\n\r\nSubject:\r\n\tSecurity ID:\t\tS-1-5-21-4209720783-2618409851-3726521692-1001\r\n\tAccount Name:\t\tHP\r\n\tAccount Domain:\t\tHP\r\n\tLogon ID:\t\t0x258cbe2\r\n\tRead Operation:\t\t%%8100\r\n\r\nThis event occurs when a user performs a read operation on stored credentials in Credential Manager.\r\n"}, {"event_date_time": "Thu Apr 11 10:12:01 2024", "event_id": "5379", "computer": "HP", "category": 13824, "record": 1057726, "source": "Microsoft-Windows-Security-Auditing", "event_type": "EVENTLOG_AUDIT_SUCCESS", "message": "Credential Manager credentials were read.\r\n\r\nSubject:\r\n\tSecurity ID:\t\tS-1-5-21-4209720783-2618409851-3726521692-1001\r\n\tAccount Name:\t\tHP\r\n\tAccount Domain:\t\tHP\r\n\tLogon ID:\t\t0x258cbe2\r\n\tRead Operation:\t\t%%8100\r\n\r\nThis event occurs when a user performs a read operation on stored credentials in Credential Manager.\r\n"}, {"event_date_time": "Thu Apr 11 10:12:01 2024", "event_id": "5379", "computer": "HP", "category": 13824, "record": 1057725, "source": "Microsoft-Windows-Security-Auditing", "event_type": "EVENTLOG_AUDIT_SUCCESS", "message": "Credential Manager credentials were read.\r\n\r\nSubject:\r\n\tSecurity ID:\t\tS-1-5-21-4209720783-2618409851-3726521692-1001\r\n\tAccount Name:\t\tHP\r\n\tAccount Domain:\t\tHP\r\n\tLogon ID:\t\t0x258cbe2\r\n\tRead Operation:\t\t%%8100\r\n\r\nThis event occurs when a user performs a read operation on stored credentials in Credential Manager.\r\n"}, {"event_date_time": "Thu Apr 11 10:12:01 2024", "event_id": "5379", "computer": "HP", "category": 13824, "record": 1057724, "source": "Microsoft-Windows-Security-Auditing", "event_type": "EVENTLOG_AUDIT_SUCCESS", "message": "Credential Manager credentials were read.\r\n\r\nSubject:\r\n\tSecurity ID:\t\tS-1-5-18\r\n\tAccount Name:\t\tHP$\r\n\tAccount Domain:\t\tWORKGROUP\r\n\tLogon ID:\t\t0x3e7\r\n\tRead Operation:\t\t%%8100\r\n\r\nThis event occurs when a user performs a read operation on stored credentials in Credential Manager.\r\n"}, {"event_date_time": "Thu Apr 11 10:12:01 2024", "event_id": "5379", "computer": "HP", "category": 13824, "record": 1057723, "source": "Microsoft-Windows-Security-Auditing", "event_type": "EVENTLOG_AUDIT_SUCCESS", "message": "Credential Manager credentials were read.\r\n\r\nSubject:\r\n\tSecurity ID:\t\tS-1-5-18\r\n\tAccount Name:\t\tHP$\r\n\tAccount Domain:\t\tWORKGROUP\r\n\tLogon ID:\t\t0x3e7\r\n\tRead Operation:\t\t%%8100\r\n\r\nThis event occurs when a user performs a read operation on stored credentials in Credential Manager.\r\n"}, {"event_date_time": "Thu Apr 11 10:12:01 2024", "event_id": "5379", "computer": "HP", "category": 13824, "record": 1057722, "source": "Microsoft-Windows-Security-Auditing", "event_type": "EVENTLOG_AUDIT_SUCCESS", "message": "Credential Manager credentials were read.\r\n\r\nSubject:\r\n\tSecurity ID:\t\tS-1-5-18\r\n\tAccount Name:\t\tHP$\r\n\tAccount Domain:\t\tWORKGROUP\r\n\tLogon ID:\t\t0x3e7\r\n\tRead Operation:\t\t%%8100\r\n\r\nThis event occurs when a user performs a read operation on stored credentials in Credential Manager.\r\n"}, {"event_date_time": "Thu Apr 11 10:12:01 2024", "event_id": "5379", "computer": "HP", "category": 13824, "record": 1057721, "source": "Microsoft-Windows-Security-Auditing", "event_type": "EVENTLOG_AUDIT_SUCCESS", "message": "Credential Manager credentials were read.\r\n\r\nSubject:\r\n\tSecurity ID:\t\tS-1-5-18\r\n\tAccount Name:\t\tHP$\r\n\tAccount Domain:\t\tWORKGROUP\r\n\tLogon ID:\t\t0x3e7\r\n\tRead Operation:\t\t%%8100\r\n\r\nThis event occurs when a user performs a read operation on stored credentials in Credential Manager.\r\n"}, {"event_date_time": "Thu Apr 11 10:12:01 2024", "event_id": "5379", "computer": "HP", "category": 13824, "record": 1057720, "source": "Microsoft-Windows-Security-Auditing", "event_type": "EVENTLOG_AUDIT_SUCCESS", "message": "Credential Manager credentials were read.\r\n\r\nSubject:\r\n\tSecurity ID:\t\tS-1-5-18\r\n\tAccount Name:\t\tHP$\r\n\tAccount Domain:\t\tWORKGROUP\r\n\tLogon ID:\t\t0x3e7\r\n\tRead Operation:\t\t%%8100\r\n\r\nThis event occurs when a user performs a read operation on stored credentials in Credential Manager.\r\n"}, {"event_date_time": "Thu Apr 11 10:12:01 2024", "event_id": "5379", "computer": "HP", "category": 13824, "record": 1057719, "source": "Microsoft-Windows-Security-Auditing", "event_type": "EVENTLOG_AUDIT_SUCCESS", "message": "Credential Manager credentials were read.\r\n\r\nSubject:\r\n\tSecurity ID:\t\tS-1-5-18\r\n\tAccount Name:\t\tHP$\r\n\tAccount Domain:\t\tWORKGROUP\r\n\tLogon ID:\t\t0x3e7\r\n\tRead Operation:\t\t%%8100\r\n\r\nThis event occurs when a user performs a read operation on stored credentials in Credential Manager.\r\n"}, {"event_date_time": "Thu Apr 11 10:12:01 2024", "event_id": "5379", "computer": "HP", "category": 13824, "record": 1057718, "source": "Microsoft-Windows-Security-Auditing", "event_type": "EVENTLOG_AUDIT_SUCCESS", "message": "Credential Manager credentials were read.\r\n\r\nSubject:\r\n\tSecurity ID:\t\tS-1-5-21-4209720783-2618409851-3726521692-1001\r\n\tAccount Name:\t\tHP\r\n\tAccount Domain:\t\tHP\r\n\tLogon ID:\t\t0x258cbe2\r\n\tRead Operation:\t\t%%8100\r\n\r\nThis event occurs when a user performs a read operation on stored credentials in Credential Manager.\r\n"}, {"event_date_time": "Thu Apr 11 10:12:01 2024", "event_id": "5379", "computer": "HP", "category": 13824, "record": 1057717, "source": "Microsoft-Windows-Security-Auditing", "event_type": "EVENTLOG_AUDIT_SUCCESS", "message": "Credential Manager credentials were read.\r\n\r\nSubject:\r\n\tSecurity ID:\t\tS-1-5-21-4209720783-2618409851-3726521692-1001\r\n\tAccount Name:\t\tHP\r\n\tAccount Domain:\t\tHP\r\n\tLogon ID:\t\t0x258cbe2\r\n\tRead Operation:\t\t%%8100\r\n\r\nThis event occurs when a user performs a read operation on stored credentials in Credential Manager.\r\n"}, {"event_date_time": "Thu Apr 11 10:12:01 2024", "event_id": "5379", "computer": "HP", "category": 13824, "record": 1057716, "source": "Microsoft-Windows-Security-Auditing", "event_type": "EVENTLOG_AUDIT_SUCCESS", "message": "Credential Manager credentials were read.\r\n\r\nSubject:\r\n\tSecurity ID:\t\tS-1-5-21-4209720783-2618409851-3726521692-1001\r\n\tAccount Name:\t\tHP\r\n\tAccount Domain:\t\tHP\r\n\tLogon ID:\t\t0x258cbe2\r\n\tRead Operation:\t\t%%8100\r\n\r\nThis event occurs when a user performs a read operation on stored credentials in Credential Manager.\r\n"}, {"event_date_time": "Thu Apr 11 10:12:01 2024", "event_id": "4672", "computer": "HP", "category": 12548, "record": 1057715, "source": "Microsoft-Windows-Security-Auditing", "event_type": "EVENTLOG_AUDIT_SUCCESS", "message": "Special privileges assigned to new logon.\r\n\r\nSubject:\r\n\tSecurity ID:\t\tS-1-5-18\r\n\tAccount Name:\t\tSYSTEM\r\n\tAccount Domain:\t\tNT AUTHORITY\r\n\tLogon ID:\t\t0x3e7\r\n\r\nPrivileges:\t\tSeAssignPrimaryTokenPrivilege\r\n\t\t\tSeTcbPrivilege\r\n\t\t\tSeSecurityPrivilege\r\n\t\t\tSeTakeOwnershipPrivilege\r\n\t\t\tSeLoadDriverPrivilege\r\n\t\t\tSeBackupPrivilege\r\n\t\t\tSeRestorePrivilege\r\n\t\t\tSeDebugPrivilege\r\n\t\t\tSeAuditPrivilege\r\n\t\t\tSeSystemEnvironmentPrivilege\r\n\t\t\tSeImpersonatePrivilege\r\n\t\t\tSeDelegateSessionUserImpersonatePrivilege\r\n"}, {"event_date_time": "Thu Apr 11 10:12:01 2024", "event_id": "4624", "computer": "HP", "category": 12544, "record": 1057714, "source": "Microsoft-Windows-Security-Auditing", "event_type": "EVENTLOG_AUDIT_SUCCESS", "message": "An account was successfully logged on.\r\n\r\nSubject:\r\n\tSecurity ID:\t\tS-1-5-18\r\n\tAccount Name:\t\tHP$\r\n\tAccount Domain:\t\tWORKGROUP\r\n\tLogon ID:\t\t0x3e7\r\n\r\nLogon Information:\r\n\tLogon Type:\t\t5\r\n\tRestricted Admin Mode:\t-\r\n\tRemote Credential Guard:\t-\r\n\tVirtual Account:\t\t%%1843\r\n\tElevated Token:\t\t%%1842\r\n\r\nImpersonation Level:\t\t%%1833\r\n\r\nNew Logon:\r\n\tSecurity ID:\t\tS-1-5-18\r\n\tAccount Name:\t\tSYSTEM\r\n\tAccount Domain:\t\tNT AUTHORITY\r\n\tLogon ID:\t\t0x3e7\r\n\tLinked Logon ID:\t\t0x0\r\n\tNetwork Account Name:\t-\r\n\tNetwork Account Domain:\t-\r\n\tLogon GUID:\t\t{00000000-0000-0000-0000-000000000000}\r\n\r\nProcess Information:\r\n\tProcess ID:\t\t0x4e0\r\n\tProcess Name:\t\tC:\\Windows\\System32\\services.exe\r\n\r\nNetwork Information:\r\n\tWorkstation Name:\t-\r\n\tSource Network Address:\t-\r\n\tSource Port:\t\t-\r\n\r\nDetailed Authentication Information:\r\n\tLogon Process:\t\tAdvapi  \r\n\tAuthentication Package:\tNegotiate\r\n\tTransited Services:\t-\r\n\tPackage Name (NTLM only):\t-\r\n\tKey Length:\t\t0\r\n\r\nThis event is generated when a logon session is created. It is generated on the computer that was accessed.\r\n\r\nThe subject fields indicate the account on the local system which requested the logon. This is most commonly a service such as the Server service, or a local process such as Winlogon.exe or Services.exe.\r\n\r\nThe logon type field indicates the kind of logon that occurred. The most common types are 2 (interactive) and 3 (network).\r\n\r\nThe New Logon fields indicate the account for whom the new logon was created, i.e. the account that was logged on.\r\n\r\nThe network fields indicate where a remote logon request originated. Workstation name is not always available and may be left blank in some cases.\r\n\r\nThe impersonation level field indicates the extent to which a process in the logon session can impersonate.\r\n\r\nThe authentication information fields provide detailed information about this specific logon request.\r\n\t- Logon GUID is a unique identifier that can be used to correlate this event with a KDC event.\r\n\t- Transited services indicate which intermediate services have participated in this logon request.\r\n\t- Package name indicates which sub-protocol was used among the NTLM protocols.\r\n\t- Key length indicates the length of the generated session key. This will be 0 if no session key was requested.\r\n"}, {"event_date_time": "Thu Apr 11 10:09:06 2024", "event_id": "4799", "computer": "HP", "category": 13826, "record": 1057713, "source": "Microsoft-Windows-Security-Auditing", "event_type": "EVENTLOG_AUDIT_SUCCESS", "message": "A security-enabled local group membership was enumerated.\r\n\r\nSubject:\r\n\tSecurity ID:\t\tS-1-5-18\r\n\tAccount Name:\t\tHP$\r\n\tAccount Domain:\t\tWORKGROUP\r\n\tLogon ID:\t\t0x3e7\r\n\r\nGroup:\r\n\tSecurity ID:\t\tS-1-5-32-544\r\n\tGroup Name:\t\tAdministrators\r\n\tGroup Domain:\t\tBuiltin\r\n\r\nProcess Information:\r\n\tProcess ID:\t\t0x2cc\r\n\tProcess Name:\t\tC:\\Windows\\System32\\svchost.exe\r\n"}, {"event_date_time": "Thu Apr 11 10:09:01 2024", "event_id": "4672", "computer": "HP", "category": 12548, "record": 1057712, "source": "Microsoft-Windows-Security-Auditing", "event_type": "EVENTLOG_AUDIT_SUCCESS", "message": "Special privileges assigned to new logon.\r\n\r\nSubject:\r\n\tSecurity ID:\t\tS-1-5-18\r\n\tAccount Name:\t\tSYSTEM\r\n\tAccount Domain:\t\tNT AUTHORITY\r\n\tLogon ID:\t\t0x3e7\r\n\r\nPrivileges:\t\tSeAssignPrimaryTokenPrivilege\r\n\t\t\tSeTcbPrivilege\r\n\t\t\tSeSecurityPrivilege\r\n\t\t\tSeTakeOwnershipPrivilege\r\n\t\t\tSeLoadDriverPrivilege\r\n\t\t\tSeBackupPrivilege\r\n\t\t\tSeRestorePrivilege\r\n\t\t\tSeDebugPrivilege\r\n\t\t\tSeAuditPrivilege\r\n\t\t\tSeSystemEnvironmentPrivilege\r\n\t\t\tSeImpersonatePrivilege\r\n\t\t\tSeDelegateSessionUserImpersonatePrivilege\r\n"}, {"event_date_time": "Thu Apr 11 10:09:01 2024", "event_id": "4624", "computer": "HP", "category": 12544, "record": 1057711, "source": "Microsoft-Windows-Security-Auditing", "event_type": "EVENTLOG_AUDIT_SUCCESS", "message": "An account was successfully logged on.\r\n\r\n