Subject:\r\n\tSecurity ID:\t\tS-1-5-18\r\n\tAccount Name:\t\tHP$\r\n\tAccount Domain:\t\tWORKGROUP\r\n\tLogon ID:\t\t0x3e7\r\n\r\nGroup:\r\n\tSecurity ID:\t\tS-1-5-32-544\r\n\tGroup Name:\t\tAdministrators\r\n\tGroup Domain:\t\tBuiltin\r\n\r\nProcess Information:\r\n\tProcess ID:\t\t0x4a8\r\n\tProcess Name:\t\tC:\\Windows\\System32\\lpksetup.exe\r\n"}, {"event_date_time": "Thu Apr 11 20:15:01 2024", "event_id": "4799", "computer": "HP", "category": 13826, "record": 1059809, "source": "Microsoft-Windows-Security-Auditing", "event_type": "EVENTLOG_AUDIT_SUCCESS", "message": "A security-enabled local group membership was enumerated.\r\n\r\nSubject:\r\n\tSecurity ID:\t\tS-1-5-18\r\n\tAccount Name:\t\tHP$\r\n\tAccount Domain:\t\tWORKGROUP\r\n\tLogon ID:\t\t0x3e7\r\n\r\nGroup:\r\n\tSecurity ID:\t\tS-1-5-32-544\r\n\tGroup Name:\t\tAdministrators\r\n\tGroup Domain:\t\tBuiltin\r\n\r\nProcess Information:\r\n\tProcess ID:\t\t0x4a8\r\n\tProcess Name:\t\tC:\\Windows\\System32\\lpksetup.exe\r\n"}, {"event_date_time": "Thu Apr 11 20:15:01 2024", "event_id": "4799", "computer": "HP", "category": 13826, "record": 1059808, "source": "Microsoft-Windows-Security-Auditing", "event_type": "EVENTLOG_AUDIT_SUCCESS", "message": "A security-enabled local group membership was enumerated.\r\n\r\nSubject:\r\n\tSecurity ID:\t\tS-1-5-18\r\n\tAccount Name:\t\tHP$\r\n\tAccount Domain:\t\tWORKGROUP\r\n\tLogon ID:\t\t0x3e7\r\n\r\nGroup:\r\n\tSecurity ID:\t\tS-1-5-32-544\r\n\tGroup Name:\t\tAdministrators\r\n\tGroup Domain:\t\tBuiltin\r\n\r\nProcess Information:\r\n\tProcess ID:\t\t0x4a8\r\n\tProcess Name:\t\tC:\\Windows\\System32\\lpksetup.exe\r\n"}, {"event_date_time": "Thu Apr 11 20:15:01 2024", "event_id": "4799", "computer": "HP", "category": 13826, "record": 1059807, "source": "Microsoft-Windows-Security-Auditing", "event_type": "EVENTLOG_AUDIT_SUCCESS", "message": "A security-enabled local group membership was enumerated.\r\n\r\nSubject:\r\n\tSecurity ID:\t\tS-1-5-18\r\n\tAccount Name:\t\tHP$\r\n\tAccount Domain:\t\tWORKGROUP\r\n\tLogon ID:\t\t0x3e7\r\n\r\nGroup:\r\n\tSecurity ID:\t\tS-1-5-32-544\r\n\tGroup Name:\t\tAdministrators\r\n\tGroup Domain:\t\tBuiltin\r\n\r\nProcess Information:\r\n\tProcess ID:\t\t0x4a8\r\n\tProcess Name:\t\tC:\\Windows\\System32\\lpksetup.exe\r\n"}, {"event_date_time": "Thu Apr 11 20:15:01 2024", "event_id": "4799", "computer": "HP", "category": 13826, "record": 1059806, "source": "Microsoft-Windows-Security-Auditing", "event_type": "EVENTLOG_AUDIT_SUCCESS", "message": "A security-enabled local group membership was enumerated.\r\n\r\nSubject:\r\n\tSecurity ID:\t\tS-1-5-18\r\n\tAccount Name:\t\tHP$\r\n\tAccount Domain:\t\tWORKGROUP\r\n\tLogon ID:\t\t0x3e7\r\n\r\nGroup:\r\n\tSecurity ID:\t\tS-1-5-32-544\r\n\tGroup Name:\t\tAdministrators\r\n\tGroup Domain:\t\tBuiltin\r\n\r\nProcess Information:\r\n\tProcess ID:\t\t0x4a8\r\n\tProcess Name:\t\tC:\\Windows\\System32\\lpksetup.exe\r\n"}, {"event_date_time": "Thu Apr 11 20:15:01 2024", "event_id": "4799", "computer": "HP", "category": 13826, "record": 1059805, "source": "Microsoft-Windows-Security-Auditing", "event_type": "EVENTLOG_AUDIT_SUCCESS", "message": "A security-enabled local group membership was enumerated.\r\n\r\nSubject:\r\n\tSecurity ID:\t\tS-1-5-18\r\n\tAccount Name:\t\tHP$\r\n\tAccount Domain:\t\tWORKGROUP\r\n\tLogon ID:\t\t0x3e7\r\n\r\nGroup:\r\n\tSecurity ID:\t\tS-1-5-32-544\r\n\tGroup Name:\t\tAdministrators\r\n\tGroup Domain:\t\tBuiltin\r\n\r\nProcess Information:\r\n\tProcess ID:\t\t0x4a8\r\n\tProcess Name:\t\tC:\\Windows\\System32\\lpksetup.exe\r\n"}, {"event_date_time": "Thu Apr 11 20:15:01 2024", "event_id": "4799", "computer": "HP", "category": 13826, "record": 1059804, "source": "Microsoft-Windows-Security-Auditing", "event_type": "EVENTLOG_AUDIT_SUCCESS", "message": "A security-enabled local group membership was enumerated.\r\n\r\nSubject:\r\n\tSecurity ID:\t\tS-1-5-18\r\n\tAccount Name:\t\tHP$\r\n\tAccount Domain:\t\tWORKGROUP\r\n\tLogon ID:\t\t0x3e7\r\n\r\nGroup:\r\n\tSecurity ID:\t\tS-1-5-32-544\r\n\tGroup Name:\t\tAdministrators\r\n\tGroup Domain:\t\tBuiltin\r\n\r\nProcess Information:\r\n\tProcess ID:\t\t0x4a8\r\n\tProcess Name:\t\tC:\\Windows\\System32\\lpksetup.exe\r\n"}, {"event_date_time": "Thu Apr 11 20:15:01 2024", "event_id": "4799", "computer": "HP", "category": 13826, "record": 1059803, "source": "Microsoft-Windows-Security-Auditing", "event_type": "EVENTLOG_AUDIT_SUCCESS", "message": "A security-enabled local group membership was enumerated.\r\n\r\nSubject:\r\n\tSecurity ID:\t\tS-1-5-18\r\n\tAccount Name:\t\tHP$\r\n\tAccount Domain:\t\tWORKGROUP\r\n\tLogon ID:\t\t0x3e7\r\n\r\nGroup:\r\n\tSecurity ID:\t\tS-1-5-32-544\r\n\tGroup Name:\t\tAdministrators\r\n\tGroup Domain:\t\tBuiltin\r\n\r\nProcess Information:\r\n\tProcess ID:\t\t0x4a8\r\n\tProcess Name:\t\tC:\\Windows\\System32\\lpksetup.exe\r\n"}, {"event_date_time": "Thu Apr 11 20:15:01 2024", "event_id": "4799", "computer": "HP", "category": 13826, "record": 1059802, "source": "Microsoft-Windows-Security-Auditing", "event_type": "EVENTLOG_AUDIT_SUCCESS", "message": "A security-enabled local group membership was enumerated.\r\n\r\nSubject:\r\n\tSecurity ID:\t\tS-1-5-18\r\n\tAccount Name:\t\tHP$\r\n\tAccount Domain:\t\tWORKGROUP\r\n\tLogon ID:\t\t0x3e7\r\n\r\nGroup:\r\n\tSecurity ID:\t\tS-1-5-32-544\r\n\tGroup Name:\t\tAdministrators\r\n\tGroup Domain:\t\tBuiltin\r\n\r\nProcess Information:\r\n\tProcess ID:\t\t0x4a8\r\n\tProcess Name:\t\tC:\\Windows\\System32\\lpksetup.exe\r\n"}, {"event_date_time": "Thu Apr 11 20:15:01 2024", "event_id": "4799", "computer": "HP", "category": 13826, "record": 1059801, "source": "Microsoft-Windows-Security-Auditing", "event_type": "EVENTLOG_AUDIT_SUCCESS", "message": "A security-enabled local group membership was enumerated.\r\n\r\nSubject:\r\n\tSecurity ID:\t\tS-1-5-18\r\n\tAccount Name:\t\tHP$\r\n\tAccount Domain:\t\tWORKGROUP\r\n\tLogon ID:\t\t0x3e7\r\n\r\nGroup:\r\n\tSecurity ID:\t\tS-1-5-32-544\r\n\tGroup Name:\t\tAdministrators\r\n\tGroup Domain:\t\tBuiltin\r\n\r\nProcess Information:\r\n\tProcess ID:\t\t0x4a8\r\n\tProcess Name:\t\tC:\\Windows\\System32\\lpksetup.exe\r\n"}, {"event_date_time": "Thu Apr 11 20:15:01 2024", "event_id": "4799", "computer": "HP", "category": 13826, "record": 1059800, "source": "Microsoft-Windows-Security-Auditing", "event_type": "EVENTLOG_AUDIT_SUCCESS", "message": "A security-enabled local group membership was enumerated.\r\n\r\nSubject:\r\n\tSecurity ID:\t\tS-1-5-18\r\n\tAccount Name:\t\tHP$\r\n\tAccount Domain:\t\tWORKGROUP\r\n\tLogon ID:\t\t0x3e7\r\n\r\nGroup:\r\n\tSecurity ID:\t\tS-1-5-32-544\r\n\tGroup Name:\t\tAdministrators\r\n\tGroup Domain:\t\tBuiltin\r\n\r\nProcess Information:\r\n\tProcess ID:\t\t0x4a8\r\n\tProcess Name:\t\tC:\\Windows\\System32\\lpksetup.exe\r\n"}, {"event_date_time": "Thu Apr 11 20:15:01 2024", "event_id": "4799", "computer": "HP", "category": 13826, "record": 1059799, "source": "Microsoft-Windows-Security-Auditing", "event_type": "EVENTLOG_AUDIT_SUCCESS", "message": "A security-enabled local group membership was enumerated.\r\n\r\nSubject:\r\n\tSecurity ID:\t\tS-1-5-18\r\n\tAccount Name:\t\tHP$\r\n\tAccount Domain:\t\tWORKGROUP\r\n\tLogon ID:\t\t0x3e7\r\n\r\nGroup:\r\n\tSecurity ID:\t\tS-1-5-32-544\r\n\tGroup Name:\t\tAdministrators\r\n\tGroup Domain:\t\tBuiltin\r\n\r\nProcess Information:\r\n\tProcess ID:\t\t0x4a8\r\n\tProcess Name:\t\tC:\\Windows\\System32\\lpksetup.exe\r\n"}, {"event_date_time": "Thu Apr 11 20:15:01 2024", "event_id": "4799", "computer": "HP", "category": 13826, "record": 1059798, "source": "Microsoft-Windows-Security-Auditing", "event_type": "EVENTLOG_AUDIT_SUCCESS", "message": "A security-enabled local group membership was enumerated.\r\n\r\nSubject:\r\n\tSecurity ID:\t\tS-1-5-18\r\n\tAccount Name:\t\tHP$\r\n\tAccount Domain:\t\tWORKGROUP\r\n\tLogon ID:\t\t0x3e7\r\n\r\nGroup:\r\n\tSecurity ID:\t\tS-1-5-32-544\r\n\tGroup Name:\t\tAdministrators\r\n\tGroup Domain:\t\tBuiltin\r\n\r\nProcess Information:\r\n\tProcess ID:\t\t0x4a8\r\n\tProcess Name:\t\tC:\\Windows\\System32\\lpksetup.exe\r\n"}, {"event_date_time": "Thu Apr 11 20:15:01 2024", "event_id": "4799", "computer": "HP", "category": 13826, "record": 1059797, "source": "Microsoft-Windows-Security-Auditing", "event_type": "EVENTLOG_AUDIT_SUCCESS", "message": "A security-enabled local group membership was enumerated.\r\n\r\nSubject:\r\n\tSecurity ID:\t\tS-1-5-18\r\n\tAccount Name:\t\tHP$\r\n\tAccount Domain:\t\tWORKGROUP\r\n\tLogon ID:\t\t0x3e7\r\n\r\nGroup:\r\n\tSecurity ID:\t\tS-1-5-32-544\r\n\tGroup Name:\t\tAdministrators\r\n\tGroup Domain:\t\tBuiltin\r\n\r\nProcess Information:\r\n\tProcess ID:\t\t0x4a8\r\n\tProcess Name:\t\tC:\\Windows\\System32\\lpksetup.exe\r\n"}, {"event_date_time": "Thu Apr 11 20:15:01 2024", "event_id": "4799", "computer": "HP", "category": 13826, "record": 1059796, "source": "Microsoft-Windows-Security-Auditing", "event_type": "EVENTLOG_AUDIT_SUCCESS", "message": "A security-enabled local group membership was enumerated.\r\n\r\nSubject:\r\n\tSecurity ID:\t\tS-1-5-18\r\n\tAccount Name:\t\tHP$\r\n\tAccount Domain:\t\tWORKGROUP\r\n\tLogon ID:\t\t0x3e7\r\n\r\nGroup:\r\n\tSecurity ID:\t\tS-1-5-32-544\r\n\tGroup Name:\t\tAdministrators\r\n\tGroup Domain:\t\tBuiltin\r\n\r\nProcess Information:\r\n\tProcess ID:\t\t0x4a8\r\n\tProcess Name:\t\tC:\\Windows\\System32\\lpksetup.exe\r\n"}, {"event_date_time": "Thu Apr 11 20:15:01 2024", "event_id": "4799", "computer": "HP", "category": 13826, "record": 1059795, "source": "Microsoft-Windows-Security-Auditing", "event_type": "EVENTLOG_AUDIT_SUCCESS", "message": "A security-enabled local group membership was enumerated.\r\n\r\nSubject:\r\n\tSecurity ID:\t\tS-1-5-18\r\n\tAccount Name:\t\tHP$\r\n\tAccount Domain:\t\tWORKGROUP\r\n\tLogon ID:\t\t0x3e7\r\n\r\nGroup:\r\n\tSecurity ID:\t\tS-1-5-32-544\r\n\tGroup Name:\t\tAdministrators\r\n\tGroup Domain:\t\tBuiltin\r\n\r\nProcess Information:\r\n\tProcess ID:\t\t0x4a8\r\n\tProcess Name:\t\tC:\\Windows\\System32\\lpksetup.exe\r\n"}, {"event_date_time": "Thu Apr 11 20:15:01 2024", "event_id": "4799", "computer": "HP", "category": 13826, "record": 1059794, "source": "Microsoft-Windows-Security-Auditing", "event_type": "EVENTLOG_AUDIT_SUCCESS", "message": "A security-enabled local group membership was enumerated.\r\n\r\nSubject:\r\n\tSecurity ID:\t\tS-1-5-18\r\n\tAccount Name:\t\tHP$\r\n\tAccount Domain:\t\tWORKGROUP\r\n\tLogon ID:\t\t0x3e7\r\n\r\nGroup:\r\n\tSecurity ID:\t\tS-1-5-32-544\r\n\tGroup Name:\t\tAdministrators\r\n\tGroup Domain:\t\tBuiltin\r\n\r\nProcess Information:\r\n\tProcess ID:\t\t0x4a8\r\n\tProcess Name:\t\tC:\\Windows\\System32\\lpksetup.exe\r\n"}, {"event_date_time": "Thu Apr 11 20:15:01 2024", "event_id": "4799", "computer": "HP", "category": 13826, "record": 1059793, "source": "Microsoft-Windows-Security-Auditing", "event_type": "EVENTLOG_AUDIT_SUCCESS", "message": "A security-enabled local group membership was enumerated.\r\n\r\nSubject:\r\n\tSecurity ID:\t\tS-1-5-18\r\n\tAccount Name:\t\tHP$\r\n\tAccount Domain:\t\tWORKGROUP\r\n\tLogon ID:\t\t0x3e7\r\n\r\nGroup:\r\n\tSecurity ID:\t\tS-1-5-32-544\r\n\tGroup Name:\t\tAdministrators\r\n\tGroup Domain:\t\tBuiltin\r\n\r\nProcess Information:\r\n\tProcess ID:\t\t0x4a8\r\n\tProcess Name:\t\tC:\\Windows\\System32\\lpksetup.exe\r\n"}, {"event_date_time": "Thu Apr 11 20:15:01 2024", "event_id": "4799", "computer": "HP", "category": 13826, "record": 1059792, "source": "Microsoft-Windows-Security-Auditing", "event_type": "EVENTLOG_AUDIT_SUCCESS", "message": "A security-enabled local group membership was enumerated.\r\n\r\nSubject:\r\n\tSecurity ID:\t\tS-1-5-18\r\n\tAccount Name:\t\tHP$\r\n\tAccount Domain:\t\tWORKGROUP\r\n\tLogon ID:\t\t0x3e7\r\n\r\nGroup:\r\n\tSecurity ID:\t\tS-1-5-32-544\r\n\tGroup Name:\t\tAdministrators\r\n\tGroup Domain:\t\tBuiltin\r\n\r\nProcess Information:\r\n\tProcess ID:\t\t0x4a8\r\n\tProcess Name:\t\tC:\\Windows\\System32\\lpksetup.exe\r\n"}, {"event_date_time": "Thu Apr 11 20:14:55 2024", "event_id": "4799", "computer": "HP", "category": 13826, "record": 1059791, "source": "Microsoft-Windows-Security-Auditing", "event_type": "EVENTLOG_AUDIT_SUCCESS", "message": "A security-enabled local group membership was enumerated.\r\n\r\nSubject:\r\n\tSecurity ID:\t\tS-1-5-18\r\n\tAccount Name:\t\tHP$\r\n\tAccount Domain:\t\tWORKGROUP\r\n\tLogon ID:\t\t0x3e7\r\n\r\nGroup:\r\n\tSecurity ID:\t\tS-1-5-32-544\r\n\tGroup Name:\t\tAdministrators\r\n\tGroup Domain:\t\tBuiltin\r\n\r\nProcess Information:\r\n\tProcess ID:\t\t0x4a8\r\n\tProcess Name:\t\tC:\\Windows\\System32\\lpksetup.exe\r\n"}, {"event_date_time": "Thu Apr 11 20:14:44 2024", "event_id": "4799", "computer": "HP", "category": 13826, "record": 1059790, "source": "Microsoft-Windows-Security-Auditing", "event_type": "EVENTLOG_AUDIT_SUCCESS", "message": "A security-enabled local group membership was enumerated.\r\n\r\nSubject:\r\n\tSecurity ID:\t\tS-1-5-18\r\n\tAccount Name:\t\tHP$\r\n\tAccount Domain:\t\tWORKGROUP\r\n\tLogon ID:\t\t0x3e7\r\n\r\nGroup:\r\n\tSecurity ID:\t\tS-1-5-32-544\r\n\tGroup Name:\t\tAdministrators\r\n\tGroup Domain:\t\tBuiltin\r\n\r\nProcess Information:\r\n\tProcess ID:\t\t0x4a8\r\n\tProcess Name:\t\tC:\\Windows\\System32\\lpksetup.exe\r\n"}, {"event_date_time": "Thu Apr 11 20:14:44 2024", "event_id": "4799", "computer": "HP", "category": 13826, "record": 1059789, "source": "Microsoft-Windows-Security-Auditing", "event_type": "EVENTLOG_AUDIT_SUCCESS", "message": "A security-enabled local group membership was enumerated.\r\n\r\nSubject:\r\n\tSecurity ID:\t\tS-1-5-18\r\n\tAccount Name:\t\tHP$\r\n\tAccount Domain:\t\tWORKGROUP\r\n\tLogon ID:\t\t0x3e7\r\n\r\nGroup:\r\n\tSecurity ID:\t\tS-1-5-32-544\r\n\tGroup Name:\t\tAdministrators\r\n\tGroup Domain:\t\tBuiltin\r\n\r\nProcess Information:\r\n\tProcess ID:\t\t0x4a8\r\n\tProcess Name:\t\tC:\\Windows\\System32\\lpksetup.exe\r\n"}, {"event_date_time": "Thu Apr 11 20:14:44 2024", "event_id": "4799", "computer": "HP", "category": 13826, "record": 1059788, "source": "Microsoft-Windows-Security-Auditing", "event_type": "EVENTLOG_AUDIT_SUCCESS", "message": "A security-enabled local group membership was enumerated.\r\n\r\nSubject:\r\n\tSecurity ID:\t\tS-1-5-18\r\n\tAccount Name:\t\tHP$\r\n\tAccount Domain:\t\tWORKGROUP\r\n\tLogon ID:\t\t0x3e7\r\n\r\nGroup:\r\n\tSecurity ID:\t\tS-1-5-32-544\r\n\tGroup Name:\t\tAdministrators\r\n\tGroup Domain:\t\tBuiltin\r\n\r\nProcess Information:\r\n\tProcess ID:\t\t0x4a8\r\n\tProcess Name:\t\tC:\\Windows\\System32\\lpksetup.exe\r\n"}, {"event_date_time": "Thu Apr 11 20:14:44 2024", "event_id": "4799", "computer": "HP", "category": 13826, "record": 1059787, "source": "Microsoft-Windows-Security-Auditing", "event_type": "EVENTLOG_AUDIT_SUCCESS", "message": "A security-enabled local group membership was enumerated.\r\n\r\nSubject:\r\n\tSecurity ID:\t\tS-1-5-18\r\n\tAccount Name:\t\tHP$\r\n\tAccount Domain:\t\tWORKGROUP\r\n\tLogon ID:\t\t0x3e7\r\n\r\nGroup:\r\n\tSecurity ID:\t\tS-1-5-32-544\r\n\tGroup Name:\t\tAdministrators\r\n\tGroup Domain:\t\tBuiltin\r\n\r\nProcess Information:\r\n\tProcess ID:\t\t0x4a8\r\n\tProcess Name:\t\tC:\\Windows\\System32\\lpksetup.exe\r\n"}, {"event_date_time": "Thu Apr 11 20:14:44 2024", "event_id": "4799", "computer": "HP", "category": 13826, "record": 1059786, "source": "Microsoft-Windows-Security-Auditing", "event_type": "EVENTLOG_AUDIT_SUCCESS", "message": "A security-enabled local group membership was enumerated.\r\n\r\nSubject:\r\n\tSecurity ID:\t\tS-1-5-18\r\n\tAccount Name:\t\tHP$\r\n\tAccount Domain:\t\tWORKGROUP\r\n\tLogon ID:\t\t0x3e7\r\n\r\nGroup:\r\n\tSecurity ID:\t\tS-1-5-32-544\r\n\tGroup Name:\t\tAdministrators\r\n\tGroup Domain:\t\tBuiltin\r\n\r\nProcess Information:\r\n\tProcess ID:\t\t0x4a8\r\n\tProcess Name:\t\tC:\\Windows\\System32\\lpksetup.exe\r\n"}, {"event_date_time": "Thu Apr 11 20:14:44 2024", "event_id": "4799", "computer": "HP", "category": 13826, "record": 1059785, "source": "Microsoft-Windows-Security-Auditing", "event_type": "EVENTLOG_AUDIT_SUCCESS", "message": "A security-enabled local group membership was enumerated.\r\n\r\nSubject:\r\n\tSecurity ID:\t\tS-1-5-18\r\n\tAccount Name:\t\tHP$\r\n\tAccount Domain:\t\tWORKGROUP\r\n\tLogon ID:\t\t0x3e7\r\n\r\nGroup:\r\n\tSecurity ID:\t\tS-1-5-32-544\r\n\tGroup Name:\t\tAdministrators\r\n\tGroup Domain:\t\tBuiltin\r\n\r\nProcess Information:\r\n\tProcess ID:\t\t0x4a8\r\n\tProcess Name:\t\tC:\\Windows\\System32\\lpksetup.exe\r\n"}, {"event_date_time": "Thu Apr 11 20:14:44 2024", "event_id": "4799", "computer": "HP", "category": 13826, "record": 1059784, "source": "Microsoft-Windows-Security-Auditing", "event_type": "EVENTLOG_AUDIT_SUCCESS", "message": "A security-enabled local group membership was enumerated.\r\n\r\nSubject:\r\n\tSecurity ID:\t\tS-1-5-18\r\n\tAccount Name:\t\tHP$\r\n\tAccount Domain:\t\tWORKGROUP\r\n\tLogon ID:\t\t0x3e7\r\n\r\nGroup:\r\n\tSecurity ID:\t\tS-1-5-32-544\r\n\tGroup Name:\t\tAdministrators\r\n\tGroup Domain:\t\tBuiltin\r\n\r\nProcess Information:\r\n\tProcess ID:\t\t0x4a8\r\n\tProcess Name:\t\tC:\\Windows\\System32\\lpksetup.exe\r\n"}, {"event_date_time": "Thu Apr 11 20:14:44 2024", "event_id": "4799", "computer": "HP", "category": 13826, "record": 1059783, "source": "Microsoft-Windows-Security-Auditing", "event_type": "EVENTLOG_AUDIT_SUCCESS", "message": "A security-enabled local group membership was enumerated.\r\n\r\nSubject:\r\n\tSecurity ID:\t\tS-1-5-18\r\n\tAccount Name:\t\tHP$\r\n\tAccount Domain:\t\tWORKGROUP\r\n\tLogon ID:\t\t0x3e7\r\n\r\nGroup:\r\n\tSecurity ID:\t\tS-1-5-32-544\r\n\tGroup Name:\t\tAdministrators\r\n\tGroup Domain:\t\tBuiltin\r\n\r\nProcess Information:\r\n\tProcess ID:\t\t0x4a8\r\n\tProcess Name:\t\tC:\\Windows\\System32\\lpksetup.exe\r\n"}, {"event_date_time": "Thu Apr 11 20:14:44 2024", "event_id": "4799", "computer": "HP", "category": 13826, "record": 1059782, "source": "Microsoft-Windows-Security-Auditing", "event_type": "EVENTLOG_AUDIT_SUCCESS", "message": "A security-enabled local group membership was enumerated.\r\n\r\nSubject:\r\n\tSecurity ID:\t\tS-1-5-18\r\n\tAccount Name:\t\tHP$\r\n\tAccount Domain:\t\tWORKGROUP\r\n\tLogon ID:\t\t0x3e7\r\n\r\nGroup:\r\n\tSecurity ID:\t\tS-1-5-32-544\r\n\tGroup Name:\t\tAdministrators\r\n\tGroup Domain:\t\tBuiltin\r\n\r\nProcess Information:\r\n\tProcess ID:\t\t0x3680\r\n\tProcess Name:\t\tC:\\Windows\\System32\\VSSVC.exe\r\n"}, {"event_date_time": "Thu Apr 11 20:14:44 2024", "event_id": "4799", "computer": "HP", "category": 13826, "record": 1059781, "source": "Microsoft-Windows-Security-Auditing", "event_type": "EVENTLOG_AUDIT_SUCCESS", "message": "A security-enabled local group membership was enumerated.\r\n\r\nSubject:\r\n\tSecurity ID:\t\tS-1-5-18\r\n\tAccount Name:\t\tHP$\r\n\tAccount Domain:\t\tWORKGROUP\r\n\tLogon ID:\t\t0x3e7\r\n\r\nGroup:\r\n\tSecurity ID:\t\tS-1-5-32-544\r\n\tGroup Name:\t\tAdministrators\r\n\tGroup Domain:\t\tBuiltin\r\n\r\nProcess Information:\r\n\tProcess ID:\t\t0x3680\r\n\tProcess Name:\t\tC:\\Windows\\System32\\VSSVC.exe\r\n"}, {"event_date_time": "Thu Apr 11 20:14:44 2024", "event_id": "4799", "computer": "HP", "category": 13826, "record": 1059780, "source": "Microsoft-Windows-Security-Auditing", "event_type": "EVENTLOG_AUDIT_SUCCESS", "message": "A security-enabled local group membership was enumerated.\r\n\r\nSubject:\r\n\tSecurity ID:\t\tS-1-5-18\r\n\tAccount Name:\t\tHP$\r\n\tAccount Domain:\t\tWORKGROUP\r\n\tLogon ID:\t\t0x3e7\r\n\r\nGroup:\r\n\tSecurity ID:\t\tS-1-5-32-544\r\n\tGroup Name:\t\tAdministrators\r\n\tGroup Domain:\t\tBuiltin\r\n\r\nProcess Information:\r\n\tProcess ID:\t\t0x3680\r\n\tProcess Name:\t\tC:\\Windows\\System32\\VSSVC.exe\r\n"}, {"event_date_time": "Thu Apr 11 20:14:44 2024", "event_id": "4672", "computer": "HP", "category": 12548, "record": 1059779, "source": "Microsoft-Windows-Security-Auditing", "event_type": "EVENTLOG_AUDIT_SUCCESS", "message": "Special privileges assigned to new logon.\r\n\r\nSubject:\r\n\tSecurity ID:\t\tS-1-5-18\r\n\tAccount Name:\t\tSYSTEM\r\n\tAccount Domain:\t\tNT AUTHORITY\r\n\tLogon ID:\t\t0x3e7\r\n\r\nPrivileges:\t\tSeAssignPrimaryTokenPrivilege\r\n\t\t\tSeTcbPrivilege\r\n\t\t\tSeSecurityPrivilege\r\n\t\t\tSeTakeOwnershipPrivilege\r\n\t\t\tSeLoadDriverPrivilege\r\n\t\t\tSeBackupPrivilege\r\n\t\t\tSeRestorePrivilege\r\n\t\t\tSeDebugPrivilege\r\n\t\t\tSeAuditPrivilege\r\n\t\t\tSeSystemEnvironmentPrivilege\r\n\t\t\tSeImpersonatePrivilege\r\n\t\t\tSeDelegateSessionUserImpersonatePrivilege\r\n"}, {"event_date_time": "Thu Apr 11 20:14:44 2024", "event_id": "4624", "computer": "HP", "category": 12544, "record": 1059778, "source": "Microsoft-Windows-Security-Auditing", "event_type": "EVENTLOG_AUDIT_SUCCESS", "message": "An account was successfully logged on.\r\n\r\nSubject:\r\n\tSecurity ID:\t\tS-1-5-18\r\n\tAccount Name:\t\tHP$\r\n\tAccount Domain:\t\tWORKGROUP\r\n\tLogon ID:\t\t0x3e7\r\n\r\nLogon Information:\r\n\tLogon Type:\t\t5\r\n\tRestricted Admin Mode:\t-\r\n\tRemote Credential Guard:\t-\r\n\tVirtual Account:\t\t%%1843\r\n\tElevated Token:\t\t%%1842\r\n\r\nImpersonation Level:\t\t%%1833\r\n\r\nNew Logon:\r\n\tSecurity ID:\t\tS-1-5-18\r\n\tAccount Name:\t\tSYSTEM\r\n\tAccount Domain:\t\tNT AUTHORITY\r\n\tLogon ID:\t\t0x3e7\r\n\tLinked Logon ID:\t\t0x0\r\n\tNetwork Account Name:\t-\r\n\tNetwork Account Domain:\t-\r\n\tLogon GUID:\t\t{00000000-0000-0000-0000-000000000000}\r\n\r\nProcess Information:\r\n\tProcess ID:\t\t0x4dc\r\n\tProcess Name:\t\tC:\\Windows\\System32\\services.exe\r\n\r\nNetwork Information:\r\n\tWorkstation Name:\t-\r\n\tSource Network Address:\t-\r\n\tSource Port:\t\t-\r\n\r\nDetailed Authentication Information:\r\n\tLogon Process:\t\tAdvapi  \r\n\tAuthentication Package:\tNegotiate\r\n\tTransited Services:\t-\r\n\tPackage Name (NTLM only):\t-\r\n\tKey Length:\t\t0\r\n\r\nThis event is generated when a logon session is created. It is generated on the computer that was accessed.\r\n\r\nThe subject fields indicate the account on the local system which requested the logon. This is most commonly a service such as the Server service, or a local process such as Winlogon.exe or Services.exe.\r\n\r\nThe logon type field indicates the kind of logon that occurred. The most common types are 2 (interactive) and 3 (network).\r\n\r\nThe New Logon fields indicate the account for whom the new logon was created, i.e. the account that was logged on.\r\n\r\nThe network fields indicate where a remote logon request originated. Workstation name is not always available and may be left blank in some cases.\r\n\r\nThe impersonation level field indicates the extent to which a process in the logon session can impersonate.\r\n\r\nThe authentication information fields provide detailed information about this specific logon request.\r\n\t- Logon GUID is a unique identifier that can be used to correlate this event with a KDC event.\r\n\t- Transited services indicate which intermediate services have participated in this logon request.\r\n\t- Package name indicates which sub-protocol was used among the NTLM protocols.\r\n\t- Key length indicates the length of the generated session key. This will be 0 if no session key was requested.\r\n"}, {"event_date_time": "Thu Apr 11 20:14:44 2024", "event_id": "4799", "computer": "HP", "category": 13826, "record": 1059777, "source": "Microsoft-Windows-Security-Auditing", "event_type": "EVENTLOG_AUDIT_SUCCESS", "message": "A security-enabled local group membership was enumerated.\r\n\r\nSubject:\r\n\tSecurity ID:\t\tS-1-5-18\r\n\tAccount Name:\t\tHP$\r\n\tAccount Domain:\t\tWORKGROUP\r\n\tLogon ID:\t\t0x3e7\r\n\r\nGroup:\r\n\tSecurity ID:\t\tS-1-5-32-544\r\n\tGroup Name:\t\tAdministrators\r\n\tGroup Domain:\t\tBuiltin\r\n\r\nProcess Information:\r\n\tProcess ID:\t\t0x3680\r\n\tProcess Name:\t\tC:\\Windows\\System32\\VSSVC.exe\r\n"}, {"event_date_time": "Thu Apr 11 20:14:44 2024", "event_id": "4672", "computer": "HP", "category": 12548, "record": 1059776, "source": "Microsoft-Windows-Security-Auditing", "event_type": "EVENTLOG_AUDIT_SUCCESS", "message": "Special privileges assigned to new logon.\r\n\r\nSubject:\r\n\tSecurity ID:\t\tS-1-5-18\r\n\tAccount Name:\t\tSYSTEM\r\n\tAccount Domain:\t\tNT AUTHORITY\r\n\tLogon ID:\t\t0x3e7\r\n\r\nPrivileges:\t\tSeAssignPrimaryTokenPrivilege\r\n\t\t\tSeTcbPrivilege\r\n\t\t\tSeSecurityPrivilege\r\n\t\t\tSeTakeOwnershipPrivilege\r\n\t\t\tSeLoadDriverPrivilege\r\n\t\t\tSeBackupPrivilege\r\n\t\t\tSeRestorePrivilege\r\n\t\t\tSeDebugPrivilege\r\n\t\t\tSeAuditPrivilege\r\n\t\t\tSeSystemEnvironmentPrivilege\r\n\t\t\tSeImpersonatePrivilege\r\n\t\t\tSeDelegateSessionUserImpersonatePrivilege\r\n"}, {"event_date_time": "Thu Apr 11 20:14:44 2024", "event_id": "4624", "computer": "HP", "category": 12544, "record": 1059775, "source": "Microsoft-Windows-Security-Auditing", "event_type": "EVENTLOG_AUDIT_SUCCESS", "message": "An account was successfully logged on.\r\n\r\nSubject:\r\n\tSecurity ID:\t\tS-1-5-18\r\n\tAccount Name:\t\tHP$\r\n\tAccount Domain:\t\tWORKGROUP\r\n\tLogon ID:\t\t0x3e7\r\n\r\nLogon Information:\r\n\tLogon Type:\t\t5\r\n\tRestricted Admin Mode:\t-\r\n\tRemote Credential Guard:\t-\r\n\tVirtual Account:\t\t%%1843\r\n\tElevated Token:\t\t%%1842\r\n\r\nImpersonation Level:\t\t%%1833\r\n\r\nNew Logon:\r\n\tSecurity ID:\t\tS-1-5-18\r\n\tAccount Name:\t\tSYSTEM\r\n\tAccount Domain:\t\tNT AUTHORITY\r\n\tLogon ID:\t\t0x3e7\r\n\tLinked Logon ID:\t\t0x0\r\n\tNetwork Account Name:\t-\r\n\tNetwork Account Domain:\t-\r\n\tLogon GUID:\t\t{00000000-0000-0000-0000-000000000000}\r\n\r\nProcess Information:\r\n\tProcess ID:\t\t0x4dc\r\n\tProcess Name:\t\tC:\\Windows\\System32\\services.exe\r\n\r\nNetwork Information:\r\n\tWorkstation Name:\t-\r\n\tSource Network Address:\t-\r\n\tSource Port:\t\t-\r\n\r\nDetailed Authentication Information:\r\n\tLogon Process:\t\tAdvapi  \r\n\tAuthentication Package:\tNegotiate\r\n\tTransited Services:\t-\r\n\tPackage Name (NTLM only):\t-\r\n\tKey Length:\t\t0\r\n\r\nThis event is generated when a logon session is created. It is generated on the computer that was accessed.\r\n\r\nThe subject fields indicate the account on the local system which requested the logon. This is most commonly a service such as the Server service, or a local process such as Winlogon.exe or Services.exe.\r\n\r\nThe logon type field indicates the kind of logon that occurred. The most common types are 2 (interactive) and 3 (network).\r\n\r\nThe New Logon fields indicate the account for whom the new logon was created, i.e. the account that was logged on.\r\n\r\nThe network fields indicate where a remote logon request originated. Workstation name is not always available and may be left blank in some cases.\r\n\r\nThe impersonation level field indicates the extent to which a process in the logon session can impersonate.\r\n\r\nThe authentication information fields provide detailed information about this specific logon request.\r\n\t- Logon GUID is a unique identifier that can be used to correlate this event with a KDC event.\r\n\t- Transited services indicate which intermediate services have participated in this logon request.\r\n\t- Package name indicates which sub-protocol was used among the NTLM protocols.\r\n\t- Key length indicates the length of the generated session key. This will be 0 if no session key was requested.\r\n"}, {"event_date_time": "Thu Apr 11 20:14:29 2024", "event_id": "4672", "computer": "HP", "category": 12548, "record": 1059774, "source": "Microsoft-Windows-Security-Auditing", "event_type": "EVENTLOG_AUDIT_SUCCESS", "message": "Special privileges assigned to new logon.\r\n\r\nSubject:\r\n\tSecurity ID:\t\tS-1-5-18\r\n\tAccount Name:\t\tSYSTEM\r\n\tAccount Domain:\t\tNT AUTHORITY\r\n\tLogon ID:\t\t0x3e7\r\n\r\nPrivileges:\t\tSeAssignPrimaryTokenPrivilege\r\n\t\t\tSeTcbPrivilege\r\n\t\t\tSeSecurityPrivilege\r\n\t\t\tSeTakeOwnershipPrivilege\r\n\t\t\tSeLoadDriverPrivilege\r\n\t\t\tSeBackupPrivilege\r\n\t\t\tSeRestorePrivilege\r\n\t\t\tSeDebugPrivilege\r\n\t\t\tSeAuditPrivilege\r\n\t\t\tSeSystemEnvironmentPrivilege\r\n\t\t\tSeImpersonatePrivilege\r\n\t\t\tSeDelegateSessionUserImpersonatePrivilege\r\n"}, {"event_date_time": "Thu Apr 11 20:14:29 2024", "event_id": "4624", "computer": "HP", "category": 12544, "record": 1059773, "source": "Microsoft-Windows-Security-Auditing", "event_type": "EVENTLOG_AUDIT_SUCCESS", "message": "An account was successfully logged on.\r\n\r\nSubject:\r\n\tSecurity ID:\t\tS-1-5-18\r\n\tAccount Name:\t\tHP$\r\n\tAccount Domain:\t\tWORKGROUP\r\n\tLogon ID:\t\t0x3e7\r\n\r\nLogon Information:\r\n\tLogon Type:\t\t5\r\n\tRestricted Admin Mode:\t-\r\n\tRemote Credential Guard:\t-\r\n\tVirtual Account:\t\t%%1843\r\n\tElevated Token:\t\t%%1842\r\n\r\nImpersonation Level:\t\t%%1833\r\n\r\nNew Logon:\r\n\tSecurity ID:\t\tS-1-5-18\r\n\tAccount Name:\t\tSYSTEM\r\n\tAccount Domain:\t\tNT AUTHORITY\r\n\tLogon ID:\t\t0x3e7\r\n\tLinked Logon ID:\t\t0x0\r\n\tNetwork Account Name:\t-\r\n\tNetwork Account Domain:\t-\r\n\tLogon GUID:\t\t{00000000-0000-0000-0000-000000000000}\r\n\r\nProcess Information:\r\n\tProcess ID:\t\t0x4dc\r\n\tProcess Name:\t\tC:\\Windows\\System32\\services.exe\r\n\r\nNetwork Information:\r\n\tWorkstation Name:\t-\r\n\tSource Network Address:\t-\r\n\tSource Port:\t\t-\r\n\r\nDetailed Authentication Information:\r\n\tLogon Process:\t\tAdvapi  \r\n\tAuthentication Package:\tNegotiate\r\n\tTransited Services:\t-\r\n\tPackage Name (NTLM only):\t-\r\n\tKey Length:\t\t0\r\n\r\nThis event is generated when a logon session is created. It is generated on the computer that was accessed.\r\n\r\nThe subject fields indicate the account on the local system which requested the logon. This is most commonly a service such as the Server service, or a local process such as Winlogon.exe or Services.exe.\r\n\r\nThe logon type field indicates the kind of logon that occurred. The most common types are 2 (interactive) and 3 (network).\r\n\r\nThe New Logon fields indicate the account for whom the new logon was created, i.e. the account that was logged on.\r\n\r\nThe network fields indicate where a remote logon request originated. Workstation name is not always available and may be left blank in some cases.\r\n\r\nThe impersonation level field indicates the extent to which a process in the logon session can impersonate.\r\n\r\nThe authentication information fields provide detailed information about this specific logon request.\r\n\t- Logon GUID is a unique identifier that can be used to correlate this event with a KDC event.\r\n\t- Transited services indicate which intermediate services have participated in this logon request.\r\n\t- Package name indicates which sub-protocol was used among the NTLM protocols.\r\n\t- Key length indicates the length of the generated session key. This will be 0 if no session key was requested.\r\n"}, {"event_date_time": "Thu Apr 11 20:14:22 2024", "event_id": "4672", "computer": "HP", "category": 12548, "record": 1059772, "source": "Microsoft-Windows-Security-Auditing", "event_type": "EVENTLOG_AUDIT_SUCCESS", "message": "Special privileges assigned to new logon.\r\n\r\nSubject:\r\n\tSecurity ID:\t\tS-1-5-18\r\n\tAccount Name:\t\tSYSTEM\r\n\tAccount Domain:\t\tNT AUTHORITY\r\n\tLogon ID:\t\t0x3e7\r\n\r\nPrivileges:\t\tSeAssignPrimaryTokenPrivilege\r\n\t\t\tSeTcbPrivilege\r\n\t\t\tSeSecurityPrivilege\r\n\t\t\tSeTakeOwnershipPrivilege\r\n\t\t\tSeLoadDriverPrivilege\r\n\t\t\tSeBackupPrivilege\r\n\t\t\tSeRestorePrivilege\r\n\t\t\tSeDebugPrivilege\r\n\t\t\tSeAuditPrivilege\r\n\t\t\tSeSystemEnvironmentPrivilege\r\n\t\t\tSeImpersonatePrivilege\r\n\t\t\tSeDelegateSessionUserImpersonatePrivilege\r\n"}, {"event_date_time": "Thu Apr 11 20:14:22 2024", "event_id": "4624", "computer": "HP", "category": 12544, "record": 1059771, "source": "Microsoft-Windows-Security-Auditing", "event_type": "EVENTLOG_AUDIT_SUCCESS", "message": "An account was successfully logged on.\r\n\r\nSubject:\r\n\tSecurity ID:\t\tS-1-5-18\r\n\tAccount Name:\t\tHP$\r\n\tAccount Domain:\t\tWORKGROUP\r\n\tLogon ID:\t\t0x3e7\r\n\r\nLogon Information:\r\n\tLogon Type:\t\t5\r\n\tRestricted Admin Mode:\t-\r\n\tRemote Credential Guard:\t-\r\n\tVirtual Account:\t\t%%1843\r\n\tElevated Token:\t\t%%1842\r\n\r\nImpersonation Level:\t\t%%1833\r\n\r\nNew Logon:\r\n\tSecurity ID:\t\tS-1-5-18\r\n\tAccount Name:\t\tSYSTEM\r\n\tAccount Domain:\t\tNT AUTHORITY\r\n\tLogon ID:\t\t0x3e7\r\n\tLinked Logon ID:\t\t0x0\r\n\tNetwork Account Name:\t-\r\n\tNetwork Account Domain:\t-\r\n\tLogon GUID:\t\t{00000000-0000-0000-0000-000000000000}\r\n\r\nProcess Information:\r\n\tProcess ID:\t\t0x4dc\r\n\tProcess Name:\t\tC:\\Windows\\System32\\services.exe\r\n\r\nNetwork Information:\r\n\tWorkstation Name:\t-\r\n\tSource Network Address:\t-\r\n\tSource Port:\t\t-\r\n\r\nDetailed Authentication Information:\r\n\tLogon Process:\t\tAdvapi  \r\n\tAuthentication Package:\tNegotiate\r\n\tTransited Services:\t-\r\n\tPackage Name (NTLM only):\t-\r\n\tKey Length:\t\t0\r\n\r\nThis event is generated when a logon session is created. It is generated on the computer that was accessed.\r\n\r\nThe subject fields indicate the account on the local system which requested the logon. This is most commonly a service such as the Server service, or a local process such as Winlogon.exe or Services.exe.\r\n\r\nThe logon type field indicates the kind of logon that occurred. The most common types are 2 (interactive) and 3 (network).\r\n\r\nThe New Logon fields indicate the account for whom the new logon was created, i.e. the account that was logged on.\r\n\r\nThe network fields indicate where a remote logon request originated. Workstation name is not always available and may be left blank in some cases.\r\n\r\nThe impersonation level field indicates the extent to which a process in the logon session can impersonate.\r\n\r\nThe authentication information fields provide detailed information about this specific logon request.\r\n\t- Logon GUID is a unique identifier that can be used to correlate this event with a KDC event.\r\n\t- Transited services indicate which intermediate services have participated in this logon request.\r\n\t- Package name indicates which sub-protocol was used among the NTLM protocols.\r\n\t- Key length indicates the length of the generated session key. This will be 0 if no session key was requested.\r\n"}, {"event_date_time": "Thu Apr 11 20:14:21 2024", "event_id": "4672", "computer": "HP", "category": 12548, "record": 1059770, "source": "Microsoft-Windows-Security-Auditing", "event_type": "EVENTLOG_AUDIT_SUCCESS", "message": "Special privileges assigned to new logon.\r\n\r\nSubject:\r\n\tSecurity ID:\t\tS-1-5-18\r\n\tAccount Name:\t\tSYSTEM\r\n\tAccount Domain:\t\tNT AUTHORITY\r\n\tLogon ID:\t\t0x3e7\r\n\r\nPrivileges:\t\tSeAssignPrimaryTokenPrivilege\r\n\t\t\tSeTcbPrivilege\r\n\t\t\tSeSecurityPrivilege\r\n\t\t\tSeTakeOwnershipPrivilege\r\n\t\t\tSeLoadDriverPrivilege\r\n\t\t\tSeBackupPrivilege\r\n\t\t\tSeRestorePrivilege\r\n\t\t\tSeDebugPrivilege\r\n\t\t\tSeAuditPrivilege\r\n\t\t\tSeSystemEnvironmentPrivilege\r\n\t\t\tSeImpersonatePrivilege\r\n\t\t\tSeDelegateSessionUserImpersonatePrivilege\r\n"}, {"event_date_time": "Thu Apr 11 20:14:21 2024", "event_id": "4624", "computer": "HP", "category": 12544, "record": 1059769, "source": "Microsoft-Windows-Security-Auditing", "event_type": "EVENTLOG_AUDIT_SUCCESS", "message": "An account was successfully logged on.\r\n\r\nSubject:\r\n\tSecurity ID:\t\tS-1-5-18\r\n\tAccount Name:\t\tHP$\r\n\tAccount Domain:\t\tWORKGROUP\r\n\tLogon ID:\t\t0x3e7\r\n\r\nLogon Information:\r\n\tLogon Type:\t\t5\r\n\tRestricted Admin Mode:\t-\r\n\tRemote Credential Guard:\t-\r\n\tVirtual Account:\t\t%%1843\r\n\tElevated Token:\t\t%%1842\r\n\r\nImpersonation Level:\t\t%%1833\r\n\r\nNew Logon:\r\n\tSecurity ID:\t\tS-1-5-18\r\n\tAccount Name:\t\tSYSTEM\r\n\tAccount Domain:\t\tNT AUTHORITY\r\n\tLogon ID:\t\t0x3e7\r\n\tLinked Logon ID:\t\t0x0\r\n\tNetwork Account Name:\t-\r\n\tNetwork Account Domain:\t-\r\n\tLogon GUID:\t\t{00000000-0000-0000-0000-000000000000}\r\n\r\nProcess Information:\r\n\tProcess ID:\t\t0x4dc\r\n\tProcess Name:\t\tC:\\Windows\\System32\\services.exe\r\n\r\nNetwork Information:\r\n\tWorkstation Name:\t-\r\n\tSource Network Address:\t-\r\n\tSource Port:\t\t-\r\n\r\nDetailed Authentication Information:\r\n\tLogon Process:\t\tAdvapi  \r\n\tAuthentication Package:\tNegotiate\r\n\tTransited Services:\t-\r\n\tPackage Name (NTLM only):\t-\r\n\tKey Length:\t\t0\r\n\r\nThis event is generated when a logon session is created. It is generated on the computer that was accessed.\r\n\r\nThe subject fields indicate the account on the local system which requested the logon. This is most commonly a service such as the Server service, or a local process such as Winlogon.exe or Services.exe.\r\n\r\nThe logon type field indicates the kind of logon that occurred. The most common types are 2 (interactive) and 3 (network).\r\n\r\nThe New Logon fields indicate the account for whom the new logon was created, i.e. the account that was logged on.\r\n\r\nThe network fields indicate where a remote logon request originated. Workstation name is not always available and may be left blank in some cases.\r\n\r\nThe impersonation level field indicates the extent to which a process in the logon session can impersonate.\r\n\r\nThe authentication information fields provide detailed information about this specific logon request.\r\n\t- Logon GUID is a unique identifier that can be used to correlate this event with a KDC event.\r\n\t- Transited services indicate which intermediate services have participated in this logon request.\r\n\t- Package name indicates which sub-protocol was used among the NTLM protocols.\r\n\t- Key length indicates the length of the generated session key. This will be 0 if no session key was requested.\r\n"}, {"event_date_time": "Thu Apr 11 20:13:58 2024", "event_id": "5379", "computer": "HP", "category": 13824, "record": 1059768, "source": "Microsoft-Windows-Security-Auditing", "event_type": "EVENTLOG_AUDIT_SUCCESS", "message": "Credential Manager credentials were read.\r\n\r\nSubject:\r\n\tSecurity ID:\t\tS-1-5-18\r\n\tAccount Name:\t\tHP$\r\n\tAccount Domain:\t\tWORKGROUP\r\n\tLogon ID:\t\t0x3e7\r\n\tRead Operation:\t\t%%8100\r\n\r\nThis event occurs when a user performs a read operation on stored credentials in Credential Manager.\r\n"}, {"event_date_time": "Thu Apr 11 20:13:58 2024", "event_id": "5379", "computer": "HP", "category": 13824, "record": 1059767, "source": "Microsoft-Windows-Security-Auditing", "event_type": "EVENTLOG_AUDIT_SUCCESS", "message": "Credential Manager credentials were read.\r\n\r\nSubject:\r\n\tSecurity ID:\t\tS-1-5-18\r\n\tAccount Name:\t\tHP$\r\n\tAccount Domain:\t\tWORKGROUP\r\n\tLogon ID:\t\t0x3e7\r\n\tRead Operation:\t\t%%8100\r\n\r\nThis event occurs when a user performs a read operation on stored credentials in Credential Manager.\r\n"}, {"event_date_time": "Thu Apr 11 20:13:58 2024", "event_id": "5379", "computer": "HP", "category": 13824, "record": 1059766, "source": "Microsoft-Windows-Security-Auditing", "event_type": "EVENTLOG_AUDIT_SUCCESS", "message": "Credential Manager credentials were read.\r\n\r\nSubject:\r\n\tSecurity ID:\t\tS-1-5-18\r\n\tAccount Name:\t\tHP$\r\n\tAccount Domain:\t\tWORKGROUP\r\n\tLogon ID:\t\t0x3e7\r\n\tRead Operation:\t\t%%8100\r\n\r\nThis event occurs when a user performs a read operation on stored credentials in Credential Manager.\r\n"}, {"event_date_time": "Thu Apr 11 20:13:58 2024", "event_id": "5379", "computer": "HP", "category": 13824, "record": 1059765, "source": "Microsoft-Windows-Security-Auditing", "event_type": "EVENTLOG_AUDIT_SUCCESS", "message": "Credential Manager credentials were read.\r\n\r\nSubject:\r\n\tSecurity ID:\t\tS-1-5-18\r\n\tAccount Name:\t\tHP$\r\n\tAccount Domain:\t\tWORKGROUP\r\n\tLogon ID:\t\t0x3e7\r\n\tRead Operation:\t\t%%8100\r\n\r\nThis event occurs when a user performs a read operation on stored credentials in Credential Manager.\r\n"}, {"event_date_time": "Thu Apr 11 20:13:58 2024", "event_id": "5379", "computer": "HP", "category": 13824, "record": 1059764, "source": "Microsoft-Windows-Security-Auditing", "event_type": "EVENTLOG_AUDIT_SUCCESS", "message": "Credential Manager credentials were read.\r\n\r\nSubject:\r\n\tSecurity ID:\t\tS-1-5-21-4209720783-2618409851-3726521692-1001\r\n\tAccount Name:\t\tHP\r\n\tAccount Domain:\t\tHP\r\n\tLogon ID:\t\t0x604d2\r\n\tRead Operation:\t\t%%8100\r\n\r\nThis event occurs when a user performs a read operation on stored credentials in Credential Manager.\r\n"}, {"event_date_time": "Thu Apr 11 20:13:58 2024", "event_id": "5379", "computer": "HP", "category": 13824, "record": 1059763, "source": "Microsoft-Windows-Security-Auditing", "event_type": "EVENTLOG_AUDIT_SUCCESS", "message": "Credential Manager credentials were read.\r\n\r\nSubject:\r\n\tSecurity ID:\t\tS-1-5-21-4209720783-2618409851-3726521692-1001\r\n\tAccount Name:\t\tHP\r\n\tAccount Domain:\t\tHP\r\n\tLogon ID:\t\t0x604d2\r\n\tRead Operation:\t\t%%8100\r\n\r\nThis event occurs when a user performs a read operation on stored credentials in Credential Manager.\r\n"}, {"event_date_time": "Thu Apr 11 20:13:58 2024", "event_id": "5379", "computer": "HP", "category": 13824, "record": 1059762, "source": "Microsoft-Windows-Security-Auditing", "event_type": "EVENTLOG_AUDIT_SUCCESS", "message": "Credential Manager credentials were read.\r\n\r\nSubject:\r\n\tSecurity ID:\t\tS-1-5-21-4209720783-2618409851-3726521692-1001\r\n\tAccount Name:\t\tHP\r\n\tAccount Domain:\t\tHP\r\n\tLogon ID:\t\t0x604d2\r\n\tRead Operation:\t\t%%8100\r\n\r\nThis event occurs when a user performs a read operation on stored credentials in Credential Manager.\r\n"}, {"event_date_time": "Thu Apr 11 20:13:58 2024", "event_id": "5379", "computer": "HP", "category": 13824, "record": 1059761, "source": "Microsoft-Windows-Security-Auditing", "event_type": "EVENTLOG_AUDIT_SUCCESS", "message": "Credential Manager credentials were read.\r\n\r\nSubject:\r\n\tSecurity ID:\t\tS-1-5-21-4209720783-2618409851-3726521692-1001\r\n\tAccount Name:\t\tHP\r\n\tAccount Domain:\t\tHP\r\n\tLogon ID:\t\t0x604d2\r\n\tRead Operation:\t\t%%8100\r\n\r\nThis event occurs when a user performs a read operation on stored credentials in Credential Manager.\r\n"}, {"event_date_time": "Thu Apr 11 20:13:58 2024", "event_id": "5379", "computer": "HP", "category": 13824, "record": 1059760, "source": "Microsoft-Windows-Security-Auditing", "event_type": "EVENTLOG_AUDIT_SUCCESS", "message": "Credential Manager credentials were read.\r\n\r\nSubject:\r\n\tSecurity ID:\t\tS-1-5-21-4209720783-2618409851-3726521692-1001\r\n\tAccount Name:\t\tHP\r\n\tAccount Domain:\t\tHP\r\n\tLogon ID:\t\t0x604d2\r\n\tRead Operation:\t\t%%8100\r\n\r\nThis event occurs when a user performs a read operation on stored credentials in Credential Manager.\r\n"}, {"event_date_time": "Thu Apr 11 20:13:58 2024", "event_id": "5379", "computer": "HP", "category": 13824, "record": 1059759, "source": "Microsoft-Windows-Security-Auditing", "event_type": "EVENTLOG_AUDIT_SUCCESS", "message": "Credential Manager credentials were read.\r\n\r\nSubject:\r\n\tSecurity ID:\t\tS-1-5-21-4209720783-2618409851-3726521692-1001\r\n\tAccount Name:\t\tHP\r\n\tAccount Domain:\t\tHP\r\n\tLogon ID:\t\t0x604d2\r\n\tRead Operation:\t\t%%8100\r\n\r\nThis event occurs when a user performs a read operation on stored credentials in Credential Manager.\r\n"}, {"event_date_time": "Thu Apr 11 20:13:58 2024", "event_id": "5379", "computer": "HP", "category": 13824, "record": 1059758, "source": "Microsoft-Windows-Security-Auditing", "event_type": "EVENTLOG_AUDIT_SUCCESS", "message": "Credential Manager credentials were read.\r\n\r\nSubject:\r\n\tSecurity ID:\t\tS-1-5-18\r\n\tAccount Name:\t\tHP$\r\n\tAccount Domain:\t\tWORKGROUP\r\n\tLogon ID:\t\t0x3e7\r\n\tRead Operation:\t\t%%8100\r\n\r\nThis event occurs when a user performs a read operation on stored credentials in Credential Manager.\r\n"}, {"event_date_time": "Thu Apr 11 20:13:58 2024", "event_id": "5379", "computer": "HP", "category": 13824, "record": 1059757, "source": "Microsoft-Windows-Security-Auditing", "event_type": "EVENTLOG_AUDIT_SUCCESS", "message": "Credential Manager credentials were read.\r\n\r\nSubject:\r\n\tSecurity ID:\t\tS-1-5-18\r\n\tAccount Name:\t\tHP$\r\n\tAccount Domain:\t\tWORKGROUP\r\n\tLogon ID:\t\t0x3e7\r\n\tRead Operation:\t\t%%8100\r\n\r\nThis event occurs when a user performs a read operation on stored credentials in Credential Manager.\r\n"}, {"event_date_time": "Thu Apr 11 20:13:58 2024", "event_id": "5379", "computer": "HP", "category": 13824, "record": 1059756, "source": "Microsoft-Windows-Security-Auditing", "event_type": "EVENTLOG_AUDIT_SUCCESS", "message": "Credential Manager credentials were read.\r\n\r\nSubject:\r\n\tSecurity ID:\t\tS-1-5-18\r\n\tAccount Name:\t\tHP$\r\n\tAccount Domain:\t\tWORKGROUP\r\n\tLogon ID:\t\t0x3e7\r\n\tRead Operation:\t\t%%8100\r\n\r\nThis event occurs when a user performs a read operation on stored credentials in Credential Manager.\r\n"}, {"event_date_time": "Thu Apr 11 20:13:58 2024", "event_id": "5379", "computer": "HP", "category": 13824, "record": 1059755, "source": "Microsoft-Windows-Security-Auditing", "event_type": "EVENTLOG_AUDIT_SUCCESS", "message": "Credential Manager credentials were read.\r\n\r\nSubject:\r\n\tSecurity ID:\t\tS-1-5-18\r\n\tAccount Name:\t\tHP$\r\n\tAccount Domain:\t\tWORKGROUP\r\n\tLogon ID:\t\t0x3e7\r\n\tRead Operation:\t\t%%8100\r\n\r\nThis event occurs when a user performs a read operation on stored credentials in Credential Manager.\r\n"}, {"event_date_time": "Thu Apr 11 20:13:58 2024", "event_id": "5379", "computer": "HP", "category": 13824, "record": 1059754, "source": "Microsoft-Windows-Security-Auditing", "event_type": "EVENTLOG_AUDIT_SUCCESS", "message": "Credential Manager credentials were read.\r\n\r\nSubject:\r\n\tSecurity ID:\t\tS-1-5-18\r\n\tAccount Name:\t\tHP$\r\n\tAccount Domain:\t\tWORKGROUP\r\n\tLogon ID:\t\t0x3e7\r\n\tRead Operation:\t\t%%8100\r\n\r\nThis event occurs when a user performs a read operation on stored credentials in Credential Manager.\r\n"}, {"event_date_time": "Thu Apr 11 20:13:58 2024", "event_id": "5379", "computer": "HP", "category": 13824, "record": 1059753, "source": "Microsoft-Windows-Security-Auditing", "event_type": "EVENTLOG_AUDIT_SUCCESS", "message": "Credential Manager credentials were read.\r\n\r\nSubject:\r\n\tSecurity ID:\t\tS-1-5-18\r\n\tAccount Name:\t\tHP$\r\n\tAccount Domain:\t\tWORKGROUP\r\n\tLogon ID:\t\t0x3e7\r\n\tRead Operation:\t\t%%8100\r\n\r\nThis event occurs when a user performs a read operation on stored credentials in Credential Manager.\r\n"}, {"event_date_time": "Thu Apr 11 20:13:57 2024", "event_id": "4672", "computer": "HP", "category": 12548, "record": 1059752, "source": "Microsoft-Windows-Security-Auditing", "event_type": "EVENTLOG_AUDIT_SUCCESS", "message": "Special privileges assigned to new logon.\r\n\r\nSubject:\r\n\tSecurity ID:\t\tS-1-5-18\r\n\tAccount Name:\t\tSYSTEM\r\n\tAccount Domain:\t\tNT AUTHORITY\r\n\tLogon ID:\t\t0x3e7\r\n\r\nPrivileges:\t\tSeAssignPrimaryTokenPrivilege\r\n\t\t\tSeTcbPrivilege\r\n\t\t\tSeSecurityPrivilege\r\n\t\t\tSeTakeOwnershipPrivilege\r\n\t\t\tSeLoadDriverPrivilege\r\n\t\t\tSeBackupPrivilege\r\n\t\t\tSeRestorePrivilege\r\n\t\t\tSeDebugPrivilege\r\n\t\t\tSeAuditPrivilege\r\n\t\t\tSeSystemEnvironmentPrivilege\r\n\t\t\tSeImpersonatePrivilege\r\n\t\t\tSeDelegateSessionUserImpersonatePrivilege\r\n"}, {"event_date_time": "Thu Apr 11 20:13:57 2024", "event_id": "4624", "computer": "HP", "category": 12544, "record": 1059751, "source": "Microsoft-Windows-Security-Auditing", "event_type": "EVENTLOG_AUDIT_SUCCESS", "message": "An account was successfully logged on.\r\n\r\n