Subject:\r\n\tSecurity ID:\t\tS-1-5-21-4209720783-2618409851-3726521692-1001\r\n\tAccount Name:\t\tHP\r\n\tAccount Domain:\t\tHP\r\n\tLogon ID:\t\t0x604d2\r\n\tRead Operation:\t\t%%8100\r\n\r\nThis event occurs when a user performs a read operation on stored credentials in Credential Manager.\r\n"}, {"event_date_time": "Thu Apr 11 15:50:23 2024", "event_id": "5379", "computer": "HP", "category": 13824, "record": 1059357, "source": "Microsoft-Windows-Security-Auditing", "event_type": "EVENTLOG_AUDIT_SUCCESS", "message": "Credential Manager credentials were read.\r\n\r\nSubject:\r\n\tSecurity ID:\t\tS-1-5-21-4209720783-2618409851-3726521692-1001\r\n\tAccount Name:\t\tHP\r\n\tAccount Domain:\t\tHP\r\n\tLogon ID:\t\t0x604d2\r\n\tRead Operation:\t\t%%8100\r\n\r\nThis event occurs when a user performs a read operation on stored credentials in Credential Manager.\r\n"}, {"event_date_time": "Thu Apr 11 15:50:23 2024", "event_id": "5379", "computer": "HP", "category": 13824, "record": 1059356, "source": "Microsoft-Windows-Security-Auditing", "event_type": "EVENTLOG_AUDIT_SUCCESS", "message": "Credential Manager credentials were read.\r\n\r\nSubject:\r\n\tSecurity ID:\t\tS-1-5-21-4209720783-2618409851-3726521692-1001\r\n\tAccount Name:\t\tHP\r\n\tAccount Domain:\t\tHP\r\n\tLogon ID:\t\t0x604d2\r\n\tRead Operation:\t\t%%8100\r\n\r\nThis event occurs when a user performs a read operation on stored credentials in Credential Manager.\r\n"}, {"event_date_time": "Thu Apr 11 15:50:23 2024", "event_id": "5379", "computer": "HP", "category": 13824, "record": 1059355, "source": "Microsoft-Windows-Security-Auditing", "event_type": "EVENTLOG_AUDIT_SUCCESS", "message": "Credential Manager credentials were read.\r\n\r\nSubject:\r\n\tSecurity ID:\t\tS-1-5-21-4209720783-2618409851-3726521692-1001\r\n\tAccount Name:\t\tHP\r\n\tAccount Domain:\t\tHP\r\n\tLogon ID:\t\t0x604d2\r\n\tRead Operation:\t\t%%8100\r\n\r\nThis event occurs when a user performs a read operation on stored credentials in Credential Manager.\r\n"}, {"event_date_time": "Thu Apr 11 15:50:23 2024", "event_id": "5379", "computer": "HP", "category": 13824, "record": 1059354, "source": "Microsoft-Windows-Security-Auditing", "event_type": "EVENTLOG_AUDIT_SUCCESS", "message": "Credential Manager credentials were read.\r\n\r\nSubject:\r\n\tSecurity ID:\t\tS-1-5-21-4209720783-2618409851-3726521692-1001\r\n\tAccount Name:\t\tHP\r\n\tAccount Domain:\t\tHP\r\n\tLogon ID:\t\t0x604d2\r\n\tRead Operation:\t\t%%8100\r\n\r\nThis event occurs when a user performs a read operation on stored credentials in Credential Manager.\r\n"}, {"event_date_time": "Thu Apr 11 15:50:23 2024", "event_id": "5379", "computer": "HP", "category": 13824, "record": 1059353, "source": "Microsoft-Windows-Security-Auditing", "event_type": "EVENTLOG_AUDIT_SUCCESS", "message": "Credential Manager credentials were read.\r\n\r\nSubject:\r\n\tSecurity ID:\t\tS-1-5-21-4209720783-2618409851-3726521692-1001\r\n\tAccount Name:\t\tHP\r\n\tAccount Domain:\t\tHP\r\n\tLogon ID:\t\t0x604d2\r\n\tRead Operation:\t\t%%8100\r\n\r\nThis event occurs when a user performs a read operation on stored credentials in Credential Manager.\r\n"}, {"event_date_time": "Thu Apr 11 15:50:23 2024", "event_id": "5379", "computer": "HP", "category": 13824, "record": 1059352, "source": "Microsoft-Windows-Security-Auditing", "event_type": "EVENTLOG_AUDIT_SUCCESS", "message": "Credential Manager credentials were read.\r\n\r\nSubject:\r\n\tSecurity ID:\t\tS-1-5-21-4209720783-2618409851-3726521692-1001\r\n\tAccount Name:\t\tHP\r\n\tAccount Domain:\t\tHP\r\n\tLogon ID:\t\t0x604d2\r\n\tRead Operation:\t\t%%8100\r\n\r\nThis event occurs when a user performs a read operation on stored credentials in Credential Manager.\r\n"}, {"event_date_time": "Thu Apr 11 15:50:23 2024", "event_id": "5379", "computer": "HP", "category": 13824, "record": 1059351, "source": "Microsoft-Windows-Security-Auditing", "event_type": "EVENTLOG_AUDIT_SUCCESS", "message": "Credential Manager credentials were read.\r\n\r\nSubject:\r\n\tSecurity ID:\t\tS-1-5-21-4209720783-2618409851-3726521692-1001\r\n\tAccount Name:\t\tHP\r\n\tAccount Domain:\t\tHP\r\n\tLogon ID:\t\t0x604d2\r\n\tRead Operation:\t\t%%8100\r\n\r\nThis event occurs when a user performs a read operation on stored credentials in Credential Manager.\r\n"}, {"event_date_time": "Thu Apr 11 15:50:23 2024", "event_id": "5379", "computer": "HP", "category": 13824, "record": 1059350, "source": "Microsoft-Windows-Security-Auditing", "event_type": "EVENTLOG_AUDIT_SUCCESS", "message": "Credential Manager credentials were read.\r\n\r\nSubject:\r\n\tSecurity ID:\t\tS-1-5-21-4209720783-2618409851-3726521692-1001\r\n\tAccount Name:\t\tHP\r\n\tAccount Domain:\t\tHP\r\n\tLogon ID:\t\t0x604d2\r\n\tRead Operation:\t\t%%8099\r\n\r\nThis event occurs when a user performs a read operation on stored credentials in Credential Manager.\r\n"}, {"event_date_time": "Thu Apr 11 15:50:23 2024", "event_id": "5379", "computer": "HP", "category": 13824, "record": 1059349, "source": "Microsoft-Windows-Security-Auditing", "event_type": "EVENTLOG_AUDIT_SUCCESS", "message": "Credential Manager credentials were read.\r\n\r\nSubject:\r\n\tSecurity ID:\t\tS-1-5-21-4209720783-2618409851-3726521692-1001\r\n\tAccount Name:\t\tHP\r\n\tAccount Domain:\t\tHP\r\n\tLogon ID:\t\t0x604d2\r\n\tRead Operation:\t\t%%8100\r\n\r\nThis event occurs when a user performs a read operation on stored credentials in Credential Manager.\r\n"}, {"event_date_time": "Thu Apr 11 15:50:23 2024", "event_id": "5379", "computer": "HP", "category": 13824, "record": 1059348, "source": "Microsoft-Windows-Security-Auditing", "event_type": "EVENTLOG_AUDIT_SUCCESS", "message": "Credential Manager credentials were read.\r\n\r\nSubject:\r\n\tSecurity ID:\t\tS-1-5-21-4209720783-2618409851-3726521692-1001\r\n\tAccount Name:\t\tHP\r\n\tAccount Domain:\t\tHP\r\n\tLogon ID:\t\t0x604d2\r\n\tRead Operation:\t\t%%8100\r\n\r\nThis event occurs when a user performs a read operation on stored credentials in Credential Manager.\r\n"}, {"event_date_time": "Thu Apr 11 15:50:23 2024", "event_id": "5379", "computer": "HP", "category": 13824, "record": 1059347, "source": "Microsoft-Windows-Security-Auditing", "event_type": "EVENTLOG_AUDIT_SUCCESS", "message": "Credential Manager credentials were read.\r\n\r\nSubject:\r\n\tSecurity ID:\t\tS-1-5-21-4209720783-2618409851-3726521692-1001\r\n\tAccount Name:\t\tHP\r\n\tAccount Domain:\t\tHP\r\n\tLogon ID:\t\t0x604d2\r\n\tRead Operation:\t\t%%8100\r\n\r\nThis event occurs when a user performs a read operation on stored credentials in Credential Manager.\r\n"}, {"event_date_time": "Thu Apr 11 15:50:23 2024", "event_id": "5379", "computer": "HP", "category": 13824, "record": 1059346, "source": "Microsoft-Windows-Security-Auditing", "event_type": "EVENTLOG_AUDIT_SUCCESS", "message": "Credential Manager credentials were read.\r\n\r\nSubject:\r\n\tSecurity ID:\t\tS-1-5-21-4209720783-2618409851-3726521692-1001\r\n\tAccount Name:\t\tHP\r\n\tAccount Domain:\t\tHP\r\n\tLogon ID:\t\t0x604d2\r\n\tRead Operation:\t\t%%8100\r\n\r\nThis event occurs when a user performs a read operation on stored credentials in Credential Manager.\r\n"}, {"event_date_time": "Thu Apr 11 15:50:23 2024", "event_id": "5379", "computer": "HP", "category": 13824, "record": 1059345, "source": "Microsoft-Windows-Security-Auditing", "event_type": "EVENTLOG_AUDIT_SUCCESS", "message": "Credential Manager credentials were read.\r\n\r\nSubject:\r\n\tSecurity ID:\t\tS-1-5-21-4209720783-2618409851-3726521692-1001\r\n\tAccount Name:\t\tHP\r\n\tAccount Domain:\t\tHP\r\n\tLogon ID:\t\t0x604d2\r\n\tRead Operation:\t\t%%8100\r\n\r\nThis event occurs when a user performs a read operation on stored credentials in Credential Manager.\r\n"}, {"event_date_time": "Thu Apr 11 15:50:23 2024", "event_id": "5379", "computer": "HP", "category": 13824, "record": 1059344, "source": "Microsoft-Windows-Security-Auditing", "event_type": "EVENTLOG_AUDIT_SUCCESS", "message": "Credential Manager credentials were read.\r\n\r\nSubject:\r\n\tSecurity ID:\t\tS-1-5-21-4209720783-2618409851-3726521692-1001\r\n\tAccount Name:\t\tHP\r\n\tAccount Domain:\t\tHP\r\n\tLogon ID:\t\t0x604d2\r\n\tRead Operation:\t\t%%8100\r\n\r\nThis event occurs when a user performs a read operation on stored credentials in Credential Manager.\r\n"}, {"event_date_time": "Thu Apr 11 15:50:23 2024", "event_id": "5379", "computer": "HP", "category": 13824, "record": 1059343, "source": "Microsoft-Windows-Security-Auditing", "event_type": "EVENTLOG_AUDIT_SUCCESS", "message": "Credential Manager credentials were read.\r\n\r\nSubject:\r\n\tSecurity ID:\t\tS-1-5-21-4209720783-2618409851-3726521692-1001\r\n\tAccount Name:\t\tHP\r\n\tAccount Domain:\t\tHP\r\n\tLogon ID:\t\t0x604d2\r\n\tRead Operation:\t\t%%8100\r\n\r\nThis event occurs when a user performs a read operation on stored credentials in Credential Manager.\r\n"}, {"event_date_time": "Thu Apr 11 15:50:23 2024", "event_id": "5379", "computer": "HP", "category": 13824, "record": 1059342, "source": "Microsoft-Windows-Security-Auditing", "event_type": "EVENTLOG_AUDIT_SUCCESS", "message": "Credential Manager credentials were read.\r\n\r\nSubject:\r\n\tSecurity ID:\t\tS-1-5-21-4209720783-2618409851-3726521692-1001\r\n\tAccount Name:\t\tHP\r\n\tAccount Domain:\t\tHP\r\n\tLogon ID:\t\t0x604d2\r\n\tRead Operation:\t\t%%8100\r\n\r\nThis event occurs when a user performs a read operation on stored credentials in Credential Manager.\r\n"}, {"event_date_time": "Thu Apr 11 15:50:23 2024", "event_id": "5379", "computer": "HP", "category": 13824, "record": 1059341, "source": "Microsoft-Windows-Security-Auditing", "event_type": "EVENTLOG_AUDIT_SUCCESS", "message": "Credential Manager credentials were read.\r\n\r\nSubject:\r\n\tSecurity ID:\t\tS-1-5-21-4209720783-2618409851-3726521692-1001\r\n\tAccount Name:\t\tHP\r\n\tAccount Domain:\t\tHP\r\n\tLogon ID:\t\t0x604d2\r\n\tRead Operation:\t\t%%8100\r\n\r\nThis event occurs when a user performs a read operation on stored credentials in Credential Manager.\r\n"}, {"event_date_time": "Thu Apr 11 15:50:23 2024", "event_id": "5379", "computer": "HP", "category": 13824, "record": 1059340, "source": "Microsoft-Windows-Security-Auditing", "event_type": "EVENTLOG_AUDIT_SUCCESS", "message": "Credential Manager credentials were read.\r\n\r\nSubject:\r\n\tSecurity ID:\t\tS-1-5-21-4209720783-2618409851-3726521692-1001\r\n\tAccount Name:\t\tHP\r\n\tAccount Domain:\t\tHP\r\n\tLogon ID:\t\t0x604d2\r\n\tRead Operation:\t\t%%8100\r\n\r\nThis event occurs when a user performs a read operation on stored credentials in Credential Manager.\r\n"}, {"event_date_time": "Thu Apr 11 15:50:23 2024", "event_id": "5379", "computer": "HP", "category": 13824, "record": 1059339, "source": "Microsoft-Windows-Security-Auditing", "event_type": "EVENTLOG_AUDIT_SUCCESS", "message": "Credential Manager credentials were read.\r\n\r\nSubject:\r\n\tSecurity ID:\t\tS-1-5-21-4209720783-2618409851-3726521692-1001\r\n\tAccount Name:\t\tHP\r\n\tAccount Domain:\t\tHP\r\n\tLogon ID:\t\t0x604d2\r\n\tRead Operation:\t\t%%8100\r\n\r\nThis event occurs when a user performs a read operation on stored credentials in Credential Manager.\r\n"}, {"event_date_time": "Thu Apr 11 15:50:23 2024", "event_id": "5379", "computer": "HP", "category": 13824, "record": 1059338, "source": "Microsoft-Windows-Security-Auditing", "event_type": "EVENTLOG_AUDIT_SUCCESS", "message": "Credential Manager credentials were read.\r\n\r\nSubject:\r\n\tSecurity ID:\t\tS-1-5-21-4209720783-2618409851-3726521692-1001\r\n\tAccount Name:\t\tHP\r\n\tAccount Domain:\t\tHP\r\n\tLogon ID:\t\t0x604d2\r\n\tRead Operation:\t\t%%8100\r\n\r\nThis event occurs when a user performs a read operation on stored credentials in Credential Manager.\r\n"}, {"event_date_time": "Thu Apr 11 15:50:23 2024", "event_id": "5379", "computer": "HP", "category": 13824, "record": 1059337, "source": "Microsoft-Windows-Security-Auditing", "event_type": "EVENTLOG_AUDIT_SUCCESS", "message": "Credential Manager credentials were read.\r\n\r\nSubject:\r\n\tSecurity ID:\t\tS-1-5-21-4209720783-2618409851-3726521692-1001\r\n\tAccount Name:\t\tHP\r\n\tAccount Domain:\t\tHP\r\n\tLogon ID:\t\t0x604d2\r\n\tRead Operation:\t\t%%8100\r\n\r\nThis event occurs when a user performs a read operation on stored credentials in Credential Manager.\r\n"}, {"event_date_time": "Thu Apr 11 15:50:23 2024", "event_id": "5379", "computer": "HP", "category": 13824, "record": 1059336, "source": "Microsoft-Windows-Security-Auditing", "event_type": "EVENTLOG_AUDIT_SUCCESS", "message": "Credential Manager credentials were read.\r\n\r\nSubject:\r\n\tSecurity ID:\t\tS-1-5-21-4209720783-2618409851-3726521692-1001\r\n\tAccount Name:\t\tHP\r\n\tAccount Domain:\t\tHP\r\n\tLogon ID:\t\t0x604d2\r\n\tRead Operation:\t\t%%8100\r\n\r\nThis event occurs when a user performs a read operation on stored credentials in Credential Manager.\r\n"}, {"event_date_time": "Thu Apr 11 15:50:23 2024", "event_id": "5379", "computer": "HP", "category": 13824, "record": 1059335, "source": "Microsoft-Windows-Security-Auditing", "event_type": "EVENTLOG_AUDIT_SUCCESS", "message": "Credential Manager credentials were read.\r\n\r\nSubject:\r\n\tSecurity ID:\t\tS-1-5-21-4209720783-2618409851-3726521692-1001\r\n\tAccount Name:\t\tHP\r\n\tAccount Domain:\t\tHP\r\n\tLogon ID:\t\t0x604d2\r\n\tRead Operation:\t\t%%8100\r\n\r\nThis event occurs when a user performs a read operation on stored credentials in Credential Manager.\r\n"}, {"event_date_time": "Thu Apr 11 15:50:23 2024", "event_id": "5379", "computer": "HP", "category": 13824, "record": 1059334, "source": "Microsoft-Windows-Security-Auditing", "event_type": "EVENTLOG_AUDIT_SUCCESS", "message": "Credential Manager credentials were read.\r\n\r\nSubject:\r\n\tSecurity ID:\t\tS-1-5-21-4209720783-2618409851-3726521692-1001\r\n\tAccount Name:\t\tHP\r\n\tAccount Domain:\t\tHP\r\n\tLogon ID:\t\t0x604d2\r\n\tRead Operation:\t\t%%8100\r\n\r\nThis event occurs when a user performs a read operation on stored credentials in Credential Manager.\r\n"}, {"event_date_time": "Thu Apr 11 15:50:23 2024", "event_id": "5379", "computer": "HP", "category": 13824, "record": 1059333, "source": "Microsoft-Windows-Security-Auditing", "event_type": "EVENTLOG_AUDIT_SUCCESS", "message": "Credential Manager credentials were read.\r\n\r\nSubject:\r\n\tSecurity ID:\t\tS-1-5-21-4209720783-2618409851-3726521692-1001\r\n\tAccount Name:\t\tHP\r\n\tAccount Domain:\t\tHP\r\n\tLogon ID:\t\t0x604d2\r\n\tRead Operation:\t\t%%8100\r\n\r\nThis event occurs when a user performs a read operation on stored credentials in Credential Manager.\r\n"}, {"event_date_time": "Thu Apr 11 15:50:23 2024", "event_id": "5379", "computer": "HP", "category": 13824, "record": 1059332, "source": "Microsoft-Windows-Security-Auditing", "event_type": "EVENTLOG_AUDIT_SUCCESS", "message": "Credential Manager credentials were read.\r\n\r\nSubject:\r\n\tSecurity ID:\t\tS-1-5-21-4209720783-2618409851-3726521692-1001\r\n\tAccount Name:\t\tHP\r\n\tAccount Domain:\t\tHP\r\n\tLogon ID:\t\t0x604d2\r\n\tRead Operation:\t\t%%8100\r\n\r\nThis event occurs when a user performs a read operation on stored credentials in Credential Manager.\r\n"}, {"event_date_time": "Thu Apr 11 15:50:23 2024", "event_id": "5379", "computer": "HP", "category": 13824, "record": 1059331, "source": "Microsoft-Windows-Security-Auditing", "event_type": "EVENTLOG_AUDIT_SUCCESS", "message": "Credential Manager credentials were read.\r\n\r\nSubject:\r\n\tSecurity ID:\t\tS-1-5-21-4209720783-2618409851-3726521692-1001\r\n\tAccount Name:\t\tHP\r\n\tAccount Domain:\t\tHP\r\n\tLogon ID:\t\t0x604d2\r\n\tRead Operation:\t\t%%8100\r\n\r\nThis event occurs when a user performs a read operation on stored credentials in Credential Manager.\r\n"}, {"event_date_time": "Thu Apr 11 15:50:23 2024", "event_id": "5379", "computer": "HP", "category": 13824, "record": 1059330, "source": "Microsoft-Windows-Security-Auditing", "event_type": "EVENTLOG_AUDIT_SUCCESS", "message": "Credential Manager credentials were read.\r\n\r\nSubject:\r\n\tSecurity ID:\t\tS-1-5-21-4209720783-2618409851-3726521692-1001\r\n\tAccount Name:\t\tHP\r\n\tAccount Domain:\t\tHP\r\n\tLogon ID:\t\t0x604d2\r\n\tRead Operation:\t\t%%8100\r\n\r\nThis event occurs when a user performs a read operation on stored credentials in Credential Manager.\r\n"}, {"event_date_time": "Thu Apr 11 15:50:21 2024", "event_id": "5379", "computer": "HP", "category": 13824, "record": 1059329, "source": "Microsoft-Windows-Security-Auditing", "event_type": "EVENTLOG_AUDIT_SUCCESS", "message": "Credential Manager credentials were read.\r\n\r\nSubject:\r\n\tSecurity ID:\t\tS-1-5-18\r\n\tAccount Name:\t\tHP$\r\n\tAccount Domain:\t\tWORKGROUP\r\n\tLogon ID:\t\t0x3e7\r\n\tRead Operation:\t\t%%8100\r\n\r\nThis event occurs when a user performs a read operation on stored credentials in Credential Manager.\r\n"}, {"event_date_time": "Thu Apr 11 15:50:21 2024", "event_id": "5379", "computer": "HP", "category": 13824, "record": 1059328, "source": "Microsoft-Windows-Security-Auditing", "event_type": "EVENTLOG_AUDIT_SUCCESS", "message": "Credential Manager credentials were read.\r\n\r\nSubject:\r\n\tSecurity ID:\t\tS-1-5-18\r\n\tAccount Name:\t\tHP$\r\n\tAccount Domain:\t\tWORKGROUP\r\n\tLogon ID:\t\t0x3e7\r\n\tRead Operation:\t\t%%8100\r\n\r\nThis event occurs when a user performs a read operation on stored credentials in Credential Manager.\r\n"}, {"event_date_time": "Thu Apr 11 15:50:21 2024", "event_id": "5379", "computer": "HP", "category": 13824, "record": 1059327, "source": "Microsoft-Windows-Security-Auditing", "event_type": "EVENTLOG_AUDIT_SUCCESS", "message": "Credential Manager credentials were read.\r\n\r\nSubject:\r\n\tSecurity ID:\t\tS-1-5-18\r\n\tAccount Name:\t\tHP$\r\n\tAccount Domain:\t\tWORKGROUP\r\n\tLogon ID:\t\t0x3e7\r\n\tRead Operation:\t\t%%8100\r\n\r\nThis event occurs when a user performs a read operation on stored credentials in Credential Manager.\r\n"}, {"event_date_time": "Thu Apr 11 15:50:21 2024", "event_id": "5379", "computer": "HP", "category": 13824, "record": 1059326, "source": "Microsoft-Windows-Security-Auditing", "event_type": "EVENTLOG_AUDIT_SUCCESS", "message": "Credential Manager credentials were read.\r\n\r\nSubject:\r\n\tSecurity ID:\t\tS-1-5-18\r\n\tAccount Name:\t\tHP$\r\n\tAccount Domain:\t\tWORKGROUP\r\n\tLogon ID:\t\t0x3e7\r\n\tRead Operation:\t\t%%8100\r\n\r\nThis event occurs when a user performs a read operation on stored credentials in Credential Manager.\r\n"}, {"event_date_time": "Thu Apr 11 15:50:20 2024", "event_id": "5379", "computer": "HP", "category": 13824, "record": 1059325, "source": "Microsoft-Windows-Security-Auditing", "event_type": "EVENTLOG_AUDIT_SUCCESS", "message": "Credential Manager credentials were read.\r\n\r\nSubject:\r\n\tSecurity ID:\t\tS-1-5-21-4209720783-2618409851-3726521692-1001\r\n\tAccount Name:\t\tHP\r\n\tAccount Domain:\t\tHP\r\n\tLogon ID:\t\t0x604d2\r\n\tRead Operation:\t\t%%8100\r\n\r\nThis event occurs when a user performs a read operation on stored credentials in Credential Manager.\r\n"}, {"event_date_time": "Thu Apr 11 15:50:20 2024", "event_id": "5379", "computer": "HP", "category": 13824, "record": 1059324, "source": "Microsoft-Windows-Security-Auditing", "event_type": "EVENTLOG_AUDIT_SUCCESS", "message": "Credential Manager credentials were read.\r\n\r\nSubject:\r\n\tSecurity ID:\t\tS-1-5-21-4209720783-2618409851-3726521692-1001\r\n\tAccount Name:\t\tHP\r\n\tAccount Domain:\t\tHP\r\n\tLogon ID:\t\t0x604d2\r\n\tRead Operation:\t\t%%8100\r\n\r\nThis event occurs when a user performs a read operation on stored credentials in Credential Manager.\r\n"}, {"event_date_time": "Thu Apr 11 15:50:20 2024", "event_id": "5379", "computer": "HP", "category": 13824, "record": 1059323, "source": "Microsoft-Windows-Security-Auditing", "event_type": "EVENTLOG_AUDIT_SUCCESS", "message": "Credential Manager credentials were read.\r\n\r\nSubject:\r\n\tSecurity ID:\t\tS-1-5-21-4209720783-2618409851-3726521692-1001\r\n\tAccount Name:\t\tHP\r\n\tAccount Domain:\t\tHP\r\n\tLogon ID:\t\t0x604d2\r\n\tRead Operation:\t\t%%8100\r\n\r\nThis event occurs when a user performs a read operation on stored credentials in Credential Manager.\r\n"}, {"event_date_time": "Thu Apr 11 15:50:20 2024", "event_id": "5379", "computer": "HP", "category": 13824, "record": 1059322, "source": "Microsoft-Windows-Security-Auditing", "event_type": "EVENTLOG_AUDIT_SUCCESS", "message": "Credential Manager credentials were read.\r\n\r\nSubject:\r\n\tSecurity ID:\t\tS-1-5-21-4209720783-2618409851-3726521692-1001\r\n\tAccount Name:\t\tHP\r\n\tAccount Domain:\t\tHP\r\n\tLogon ID:\t\t0x604d2\r\n\tRead Operation:\t\t%%8100\r\n\r\nThis event occurs when a user performs a read operation on stored credentials in Credential Manager.\r\n"}, {"event_date_time": "Thu Apr 11 15:50:20 2024", "event_id": "5379", "computer": "HP", "category": 13824, "record": 1059321, "source": "Microsoft-Windows-Security-Auditing", "event_type": "EVENTLOG_AUDIT_SUCCESS", "message": "Credential Manager credentials were read.\r\n\r\nSubject:\r\n\tSecurity ID:\t\tS-1-5-21-4209720783-2618409851-3726521692-1001\r\n\tAccount Name:\t\tHP\r\n\tAccount Domain:\t\tHP\r\n\tLogon ID:\t\t0x604d2\r\n\tRead Operation:\t\t%%8100\r\n\r\nThis event occurs when a user performs a read operation on stored credentials in Credential Manager.\r\n"}, {"event_date_time": "Thu Apr 11 15:50:20 2024", "event_id": "5379", "computer": "HP", "category": 13824, "record": 1059320, "source": "Microsoft-Windows-Security-Auditing", "event_type": "EVENTLOG_AUDIT_SUCCESS", "message": "Credential Manager credentials were read.\r\n\r\nSubject:\r\n\tSecurity ID:\t\tS-1-5-21-4209720783-2618409851-3726521692-1001\r\n\tAccount Name:\t\tHP\r\n\tAccount Domain:\t\tHP\r\n\tLogon ID:\t\t0x604d2\r\n\tRead Operation:\t\t%%8100\r\n\r\nThis event occurs when a user performs a read operation on stored credentials in Credential Manager.\r\n"}, {"event_date_time": "Thu Apr 11 15:50:20 2024", "event_id": "5379", "computer": "HP", "category": 13824, "record": 1059319, "source": "Microsoft-Windows-Security-Auditing", "event_type": "EVENTLOG_AUDIT_SUCCESS", "message": "Credential Manager credentials were read.\r\n\r\nSubject:\r\n\tSecurity ID:\t\tS-1-5-18\r\n\tAccount Name:\t\tHP$\r\n\tAccount Domain:\t\tWORKGROUP\r\n\tLogon ID:\t\t0x3e7\r\n\tRead Operation:\t\t%%8100\r\n\r\nThis event occurs when a user performs a read operation on stored credentials in Credential Manager.\r\n"}, {"event_date_time": "Thu Apr 11 15:50:20 2024", "event_id": "5379", "computer": "HP", "category": 13824, "record": 1059318, "source": "Microsoft-Windows-Security-Auditing", "event_type": "EVENTLOG_AUDIT_SUCCESS", "message": "Credential Manager credentials were read.\r\n\r\nSubject:\r\n\tSecurity ID:\t\tS-1-5-18\r\n\tAccount Name:\t\tHP$\r\n\tAccount Domain:\t\tWORKGROUP\r\n\tLogon ID:\t\t0x3e7\r\n\tRead Operation:\t\t%%8100\r\n\r\nThis event occurs when a user performs a read operation on stored credentials in Credential Manager.\r\n"}, {"event_date_time": "Thu Apr 11 15:50:20 2024", "event_id": "5379", "computer": "HP", "category": 13824, "record": 1059317, "source": "Microsoft-Windows-Security-Auditing", "event_type": "EVENTLOG_AUDIT_SUCCESS", "message": "Credential Manager credentials were read.\r\n\r\nSubject:\r\n\tSecurity ID:\t\tS-1-5-18\r\n\tAccount Name:\t\tHP$\r\n\tAccount Domain:\t\tWORKGROUP\r\n\tLogon ID:\t\t0x3e7\r\n\tRead Operation:\t\t%%8100\r\n\r\nThis event occurs when a user performs a read operation on stored credentials in Credential Manager.\r\n"}, {"event_date_time": "Thu Apr 11 15:50:20 2024", "event_id": "5379", "computer": "HP", "category": 13824, "record": 1059316, "source": "Microsoft-Windows-Security-Auditing", "event_type": "EVENTLOG_AUDIT_SUCCESS", "message": "Credential Manager credentials were read.\r\n\r\nSubject:\r\n\tSecurity ID:\t\tS-1-5-18\r\n\tAccount Name:\t\tHP$\r\n\tAccount Domain:\t\tWORKGROUP\r\n\tLogon ID:\t\t0x3e7\r\n\tRead Operation:\t\t%%8100\r\n\r\nThis event occurs when a user performs a read operation on stored credentials in Credential Manager.\r\n"}, {"event_date_time": "Thu Apr 11 15:50:20 2024", "event_id": "5379", "computer": "HP", "category": 13824, "record": 1059315, "source": "Microsoft-Windows-Security-Auditing", "event_type": "EVENTLOG_AUDIT_SUCCESS", "message": "Credential Manager credentials were read.\r\n\r\nSubject:\r\n\tSecurity ID:\t\tS-1-5-18\r\n\tAccount Name:\t\tHP$\r\n\tAccount Domain:\t\tWORKGROUP\r\n\tLogon ID:\t\t0x3e7\r\n\tRead Operation:\t\t%%8100\r\n\r\nThis event occurs when a user performs a read operation on stored credentials in Credential Manager.\r\n"}, {"event_date_time": "Thu Apr 11 15:50:20 2024", "event_id": "5379", "computer": "HP", "category": 13824, "record": 1059314, "source": "Microsoft-Windows-Security-Auditing", "event_type": "EVENTLOG_AUDIT_SUCCESS", "message": "Credential Manager credentials were read.\r\n\r\nSubject:\r\n\tSecurity ID:\t\tS-1-5-18\r\n\tAccount Name:\t\tHP$\r\n\tAccount Domain:\t\tWORKGROUP\r\n\tLogon ID:\t\t0x3e7\r\n\tRead Operation:\t\t%%8100\r\n\r\nThis event occurs when a user performs a read operation on stored credentials in Credential Manager.\r\n"}, {"event_date_time": "Thu Apr 11 15:50:20 2024", "event_id": "4672", "computer": "HP", "category": 12548, "record": 1059313, "source": "Microsoft-Windows-Security-Auditing", "event_type": "EVENTLOG_AUDIT_SUCCESS", "message": "Special privileges assigned to new logon.\r\n\r\nSubject:\r\n\tSecurity ID:\t\tS-1-5-18\r\n\tAccount Name:\t\tSYSTEM\r\n\tAccount Domain:\t\tNT AUTHORITY\r\n\tLogon ID:\t\t0x3e7\r\n\r\nPrivileges:\t\tSeAssignPrimaryTokenPrivilege\r\n\t\t\tSeTcbPrivilege\r\n\t\t\tSeSecurityPrivilege\r\n\t\t\tSeTakeOwnershipPrivilege\r\n\t\t\tSeLoadDriverPrivilege\r\n\t\t\tSeBackupPrivilege\r\n\t\t\tSeRestorePrivilege\r\n\t\t\tSeDebugPrivilege\r\n\t\t\tSeAuditPrivilege\r\n\t\t\tSeSystemEnvironmentPrivilege\r\n\t\t\tSeImpersonatePrivilege\r\n\t\t\tSeDelegateSessionUserImpersonatePrivilege\r\n"}, {"event_date_time": "Thu Apr 11 15:50:20 2024", "event_id": "4624", "computer": "HP", "category": 12544, "record": 1059312, "source": "Microsoft-Windows-Security-Auditing", "event_type": "EVENTLOG_AUDIT_SUCCESS", "message": "An account was successfully logged on.\r\n\r\nSubject:\r\n\tSecurity ID:\t\tS-1-5-18\r\n\tAccount Name:\t\tHP$\r\n\tAccount Domain:\t\tWORKGROUP\r\n\tLogon ID:\t\t0x3e7\r\n\r\nLogon Information:\r\n\tLogon Type:\t\t5\r\n\tRestricted Admin Mode:\t-\r\n\tRemote Credential Guard:\t-\r\n\tVirtual Account:\t\t%%1843\r\n\tElevated Token:\t\t%%1842\r\n\r\nImpersonation Level:\t\t%%1833\r\n\r\nNew Logon:\r\n\tSecurity ID:\t\tS-1-5-18\r\n\tAccount Name:\t\tSYSTEM\r\n\tAccount Domain:\t\tNT AUTHORITY\r\n\tLogon ID:\t\t0x3e7\r\n\tLinked Logon ID:\t\t0x0\r\n\tNetwork Account Name:\t-\r\n\tNetwork Account Domain:\t-\r\n\tLogon GUID:\t\t{00000000-0000-0000-0000-000000000000}\r\n\r\nProcess Information:\r\n\tProcess ID:\t\t0x4dc\r\n\tProcess Name:\t\tC:\\Windows\\System32\\services.exe\r\n\r\nNetwork Information:\r\n\tWorkstation Name:\t-\r\n\tSource Network Address:\t-\r\n\tSource Port:\t\t-\r\n\r\nDetailed Authentication Information:\r\n\tLogon Process:\t\tAdvapi  \r\n\tAuthentication Package:\tNegotiate\r\n\tTransited Services:\t-\r\n\tPackage Name (NTLM only):\t-\r\n\tKey Length:\t\t0\r\n\r\nThis event is generated when a logon session is created. It is generated on the computer that was accessed.\r\n\r\nThe subject fields indicate the account on the local system which requested the logon. This is most commonly a service such as the Server service, or a local process such as Winlogon.exe or Services.exe.\r\n\r\nThe logon type field indicates the kind of logon that occurred. The most common types are 2 (interactive) and 3 (network).\r\n\r\nThe New Logon fields indicate the account for whom the new logon was created, i.e. the account that was logged on.\r\n\r\nThe network fields indicate where a remote logon request originated. Workstation name is not always available and may be left blank in some cases.\r\n\r\nThe impersonation level field indicates the extent to which a process in the logon session can impersonate.\r\n\r\nThe authentication information fields provide detailed information about this specific logon request.\r\n\t- Logon GUID is a unique identifier that can be used to correlate this event with a KDC event.\r\n\t- Transited services indicate which intermediate services have participated in this logon request.\r\n\t- Package name indicates which sub-protocol was used among the NTLM protocols.\r\n\t- Key length indicates the length of the generated session key. This will be 0 if no session key was requested.\r\n"}, {"event_date_time": "Thu Apr 11 15:50:19 2024", "event_id": "4672", "computer": "HP", "category": 12548, "record": 1059311, "source": "Microsoft-Windows-Security-Auditing", "event_type": "EVENTLOG_AUDIT_SUCCESS", "message": "Special privileges assigned to new logon.\r\n\r\nSubject:\r\n\tSecurity ID:\t\tS-1-5-18\r\n\tAccount Name:\t\tSYSTEM\r\n\tAccount Domain:\t\tNT AUTHORITY\r\n\tLogon ID:\t\t0x3e7\r\n\r\nPrivileges:\t\tSeAssignPrimaryTokenPrivilege\r\n\t\t\tSeTcbPrivilege\r\n\t\t\tSeSecurityPrivilege\r\n\t\t\tSeTakeOwnershipPrivilege\r\n\t\t\tSeLoadDriverPrivilege\r\n\t\t\tSeBackupPrivilege\r\n\t\t\tSeRestorePrivilege\r\n\t\t\tSeDebugPrivilege\r\n\t\t\tSeAuditPrivilege\r\n\t\t\tSeSystemEnvironmentPrivilege\r\n\t\t\tSeImpersonatePrivilege\r\n\t\t\tSeDelegateSessionUserImpersonatePrivilege\r\n"}, {"event_date_time": "Thu Apr 11 15:50:19 2024", "event_id": "4624", "computer": "HP", "category": 12544, "record": 1059310, "source": "Microsoft-Windows-Security-Auditing", "event_type": "EVENTLOG_AUDIT_SUCCESS", "message": "An account was successfully logged on.\r\n\r\nSubject:\r\n\tSecurity ID:\t\tS-1-5-18\r\n\tAccount Name:\t\tHP$\r\n\tAccount Domain:\t\tWORKGROUP\r\n\tLogon ID:\t\t0x3e7\r\n\r\nLogon Information:\r\n\tLogon Type:\t\t5\r\n\tRestricted Admin Mode:\t-\r\n\tRemote Credential Guard:\t-\r\n\tVirtual Account:\t\t%%1843\r\n\tElevated Token:\t\t%%1842\r\n\r\nImpersonation Level:\t\t%%1833\r\n\r\nNew Logon:\r\n\tSecurity ID:\t\tS-1-5-18\r\n\tAccount Name:\t\tSYSTEM\r\n\tAccount Domain:\t\tNT AUTHORITY\r\n\tLogon ID:\t\t0x3e7\r\n\tLinked Logon ID:\t\t0x0\r\n\tNetwork Account Name:\t-\r\n\tNetwork Account Domain:\t-\r\n\tLogon GUID:\t\t{00000000-0000-0000-0000-000000000000}\r\n\r\nProcess Information:\r\n\tProcess ID:\t\t0x4dc\r\n\tProcess Name:\t\tC:\\Windows\\System32\\services.exe\r\n\r\nNetwork Information:\r\n\tWorkstation Name:\t-\r\n\tSource Network Address:\t-\r\n\tSource Port:\t\t-\r\n\r\nDetailed Authentication Information:\r\n\tLogon Process:\t\tAdvapi  \r\n\tAuthentication Package:\tNegotiate\r\n\tTransited Services:\t-\r\n\tPackage Name (NTLM only):\t-\r\n\tKey Length:\t\t0\r\n\r\nThis event is generated when a logon session is created. It is generated on the computer that was accessed.\r\n\r\nThe subject fields indicate the account on the local system which requested the logon. This is most commonly a service such as the Server service, or a local process such as Winlogon.exe or Services.exe.\r\n\r\nThe logon type field indicates the kind of logon that occurred. The most common types are 2 (interactive) and 3 (network).\r\n\r\nThe New Logon fields indicate the account for whom the new logon was created, i.e. the account that was logged on.\r\n\r\nThe network fields indicate where a remote logon request originated. Workstation name is not always available and may be left blank in some cases.\r\n\r\nThe impersonation level field indicates the extent to which a process in the logon session can impersonate.\r\n\r\nThe authentication information fields provide detailed information about this specific logon request.\r\n\t- Logon GUID is a unique identifier that can be used to correlate this event with a KDC event.\r\n\t- Transited services indicate which intermediate services have participated in this logon request.\r\n\t- Package name indicates which sub-protocol was used among the NTLM protocols.\r\n\t- Key length indicates the length of the generated session key. This will be 0 if no session key was requested.\r\n"}, {"event_date_time": "Thu Apr 11 15:50:19 2024", "event_id": "4672", "computer": "HP", "category": 12548, "record": 1059309, "source": "Microsoft-Windows-Security-Auditing", "event_type": "EVENTLOG_AUDIT_SUCCESS", "message": "Special privileges assigned to new logon.\r\n\r\nSubject:\r\n\tSecurity ID:\t\tS-1-5-18\r\n\tAccount Name:\t\tSYSTEM\r\n\tAccount Domain:\t\tNT AUTHORITY\r\n\tLogon ID:\t\t0x3e7\r\n\r\nPrivileges:\t\tSeAssignPrimaryTokenPrivilege\r\n\t\t\tSeTcbPrivilege\r\n\t\t\tSeSecurityPrivilege\r\n\t\t\tSeTakeOwnershipPrivilege\r\n\t\t\tSeLoadDriverPrivilege\r\n\t\t\tSeBackupPrivilege\r\n\t\t\tSeRestorePrivilege\r\n\t\t\tSeDebugPrivilege\r\n\t\t\tSeAuditPrivilege\r\n\t\t\tSeSystemEnvironmentPrivilege\r\n\t\t\tSeImpersonatePrivilege\r\n\t\t\tSeDelegateSessionUserImpersonatePrivilege\r\n"}, {"event_date_time": "Thu Apr 11 15:50:19 2024", "event_id": "4624", "computer": "HP", "category": 12544, "record": 1059308, "source": "Microsoft-Windows-Security-Auditing", "event_type": "EVENTLOG_AUDIT_SUCCESS", "message": "An account was successfully logged on.\r\n\r\nSubject:\r\n\tSecurity ID:\t\tS-1-5-18\r\n\tAccount Name:\t\tHP$\r\n\tAccount Domain:\t\tWORKGROUP\r\n\tLogon ID:\t\t0x3e7\r\n\r\nLogon Information:\r\n\tLogon Type:\t\t5\r\n\tRestricted Admin Mode:\t-\r\n\tRemote Credential Guard:\t-\r\n\tVirtual Account:\t\t%%1843\r\n\tElevated Token:\t\t%%1842\r\n\r\nImpersonation Level:\t\t%%1833\r\n\r\nNew Logon:\r\n\tSecurity ID:\t\tS-1-5-18\r\n\tAccount Name:\t\tSYSTEM\r\n\tAccount Domain:\t\tNT AUTHORITY\r\n\tLogon ID:\t\t0x3e7\r\n\tLinked Logon ID:\t\t0x0\r\n\tNetwork Account Name:\t-\r\n\tNetwork Account Domain:\t-\r\n\tLogon GUID:\t\t{00000000-0000-0000-0000-000000000000}\r\n\r\nProcess Information:\r\n\tProcess ID:\t\t0x4dc\r\n\tProcess Name:\t\tC:\\Windows\\System32\\services.exe\r\n\r\nNetwork Information:\r\n\tWorkstation Name:\t-\r\n\tSource Network Address:\t-\r\n\tSource Port:\t\t-\r\n\r\nDetailed Authentication Information:\r\n\tLogon Process:\t\tAdvapi  \r\n\tAuthentication Package:\tNegotiate\r\n\tTransited Services:\t-\r\n\tPackage Name (NTLM only):\t-\r\n\tKey Length:\t\t0\r\n\r\nThis event is generated when a logon session is created. It is generated on the computer that was accessed.\r\n\r\nThe subject fields indicate the account on the local system which requested the logon. This is most commonly a service such as the Server service, or a local process such as Winlogon.exe or Services.exe.\r\n\r\nThe logon type field indicates the kind of logon that occurred. The most common types are 2 (interactive) and 3 (network).\r\n\r\nThe New Logon fields indicate the account for whom the new logon was created, i.e. the account that was logged on.\r\n\r\nThe network fields indicate where a remote logon request originated. Workstation name is not always available and may be left blank in some cases.\r\n\r\nThe impersonation level field indicates the extent to which a process in the logon session can impersonate.\r\n\r\nThe authentication information fields provide detailed information about this specific logon request.\r\n\t- Logon GUID is a unique identifier that can be used to correlate this event with a KDC event.\r\n\t- Transited services indicate which intermediate services have participated in this logon request.\r\n\t- Package name indicates which sub-protocol was used among the NTLM protocols.\r\n\t- Key length indicates the length of the generated session key. This will be 0 if no session key was requested.\r\n"}, {"event_date_time": "Thu Apr 11 15:50:19 2024", "event_id": "4672", "computer": "HP", "category": 12548, "record": 1059307, "source": "Microsoft-Windows-Security-Auditing", "event_type": "EVENTLOG_AUDIT_SUCCESS", "message": "Special privileges assigned to new logon.\r\n\r\nSubject:\r\n\tSecurity ID:\t\tS-1-5-18\r\n\tAccount Name:\t\tSYSTEM\r\n\tAccount Domain:\t\tNT AUTHORITY\r\n\tLogon ID:\t\t0x3e7\r\n\r\nPrivileges:\t\tSeAssignPrimaryTokenPrivilege\r\n\t\t\tSeTcbPrivilege\r\n\t\t\tSeSecurityPrivilege\r\n\t\t\tSeTakeOwnershipPrivilege\r\n\t\t\tSeLoadDriverPrivilege\r\n\t\t\tSeBackupPrivilege\r\n\t\t\tSeRestorePrivilege\r\n\t\t\tSeDebugPrivilege\r\n\t\t\tSeAuditPrivilege\r\n\t\t\tSeSystemEnvironmentPrivilege\r\n\t\t\tSeImpersonatePrivilege\r\n\t\t\tSeDelegateSessionUserImpersonatePrivilege\r\n"}, {"event_date_time": "Thu Apr 11 15:50:19 2024", "event_id": "4624", "computer": "HP", "category": 12544, "record": 1059306, "source": "Microsoft-Windows-Security-Auditing", "event_type": "EVENTLOG_AUDIT_SUCCESS", "message": "An account was successfully logged on.\r\n\r\nSubject:\r\n\tSecurity ID:\t\tS-1-5-18\r\n\tAccount Name:\t\tHP$\r\n\tAccount Domain:\t\tWORKGROUP\r\n\tLogon ID:\t\t0x3e7\r\n\r\nLogon Information:\r\n\tLogon Type:\t\t5\r\n\tRestricted Admin Mode:\t-\r\n\tRemote Credential Guard:\t-\r\n\tVirtual Account:\t\t%%1843\r\n\tElevated Token:\t\t%%1842\r\n\r\nImpersonation Level:\t\t%%1833\r\n\r\nNew Logon:\r\n\tSecurity ID:\t\tS-1-5-18\r\n\tAccount Name:\t\tSYSTEM\r\n\tAccount Domain:\t\tNT AUTHORITY\r\n\tLogon ID:\t\t0x3e7\r\n\tLinked Logon ID:\t\t0x0\r\n\tNetwork Account Name:\t-\r\n\tNetwork Account Domain:\t-\r\n\tLogon GUID:\t\t{00000000-0000-0000-0000-000000000000}\r\n\r\nProcess Information:\r\n\tProcess ID:\t\t0x4dc\r\n\tProcess Name:\t\tC:\\Windows\\System32\\services.exe\r\n\r\nNetwork Information:\r\n\tWorkstation Name:\t-\r\n\tSource Network Address:\t-\r\n\tSource Port:\t\t-\r\n\r\nDetailed Authentication Information:\r\n\tLogon Process:\t\tAdvapi  \r\n\tAuthentication Package:\tNegotiate\r\n\tTransited Services:\t-\r\n\tPackage Name (NTLM only):\t-\r\n\tKey Length:\t\t0\r\n\r\nThis event is generated when a logon session is created. It is generated on the computer that was accessed.\r\n\r\nThe subject fields indicate the account on the local system which requested the logon. This is most commonly a service such as the Server service, or a local process such as Winlogon.exe or Services.exe.\r\n\r\nThe logon type field indicates the kind of logon that occurred. The most common types are 2 (interactive) and 3 (network).\r\n\r\nThe New Logon fields indicate the account for whom the new logon was created, i.e. the account that was logged on.\r\n\r\nThe network fields indicate where a remote logon request originated. Workstation name is not always available and may be left blank in some cases.\r\n\r\nThe impersonation level field indicates the extent to which a process in the logon session can impersonate.\r\n\r\nThe authentication information fields provide detailed information about this specific logon request.\r\n\t- Logon GUID is a unique identifier that can be used to correlate this event with a KDC event.\r\n\t- Transited services indicate which intermediate services have participated in this logon request.\r\n\t- Package name indicates which sub-protocol was used among the NTLM protocols.\r\n\t- Key length indicates the length of the generated session key. This will be 0 if no session key was requested.\r\n"}, {"event_date_time": "Thu Apr 11 15:46:30 2024", "event_id": "5379", "computer": "HP", "category": 13824, "record": 1059305, "source": "Microsoft-Windows-Security-Auditing", "event_type": "EVENTLOG_AUDIT_SUCCESS", "message": "Credential Manager credentials were read.\r\n\r\nSubject:\r\n\tSecurity ID:\t\tS-1-5-21-4209720783-2618409851-3726521692-1001\r\n\tAccount Name:\t\tHP\r\n\tAccount Domain:\t\tHP\r\n\tLogon ID:\t\t0x604d2\r\n\tRead Operation:\t\t%%8100\r\n\r\nThis event occurs when a user performs a read operation on stored credentials in Credential Manager.\r\n"}, {"event_date_time": "Thu Apr 11 15:46:30 2024", "event_id": "5379", "computer": "HP", "category": 13824, "record": 1059304, "source": "Microsoft-Windows-Security-Auditing", "event_type": "EVENTLOG_AUDIT_SUCCESS", "message": "Credential Manager credentials were read.\r\n\r\nSubject:\r\n\tSecurity ID:\t\tS-1-5-21-4209720783-2618409851-3726521692-1001\r\n\tAccount Name:\t\tHP\r\n\tAccount Domain:\t\tHP\r\n\tLogon ID:\t\t0x604d2\r\n\tRead Operation:\t\t%%8100\r\n\r\nThis event occurs when a user performs a read operation on stored credentials in Credential Manager.\r\n"}, {"event_date_time": "Thu Apr 11 15:46:30 2024", "event_id": "5379", "computer": "HP", "category": 13824, "record": 1059303, "source": "Microsoft-Windows-Security-Auditing", "event_type": "EVENTLOG_AUDIT_SUCCESS", "message": "Credential Manager credentials were read.\r\n\r\nSubject:\r\n\tSecurity ID:\t\tS-1-5-21-4209720783-2618409851-3726521692-1001\r\n\tAccount Name:\t\tHP\r\n\tAccount Domain:\t\tHP\r\n\tLogon ID:\t\t0x604d2\r\n\tRead Operation:\t\t%%8100\r\n\r\nThis event occurs when a user performs a read operation on stored credentials in Credential Manager.\r\n"}, {"event_date_time": "Thu Apr 11 15:46:30 2024", "event_id": "5379", "computer": "HP", "category": 13824, "record": 1059302, "source": "Microsoft-Windows-Security-Auditing", "event_type": "EVENTLOG_AUDIT_SUCCESS", "message": "Credential Manager credentials were read.\r\n\r\nSubject:\r\n\tSecurity ID:\t\tS-1-5-21-4209720783-2618409851-3726521692-1001\r\n\tAccount Name:\t\tHP\r\n\tAccount Domain:\t\tHP\r\n\tLogon ID:\t\t0x604d2\r\n\tRead Operation:\t\t%%8100\r\n\r\nThis event occurs when a user performs a read operation on stored credentials in Credential Manager.\r\n"}, {"event_date_time": "Thu Apr 11 15:46:30 2024", "event_id": "5379", "computer": "HP", "category": 13824, "record": 1059301, "source": "Microsoft-Windows-Security-Auditing", "event_type": "EVENTLOG_AUDIT_SUCCESS", "message": "Credential Manager credentials were read.\r\n\r\nSubject:\r\n\tSecurity ID:\t\tS-1-5-21-4209720783-2618409851-3726521692-1001\r\n\tAccount Name:\t\tHP\r\n\tAccount Domain:\t\tHP\r\n\tLogon ID:\t\t0x604d2\r\n\tRead Operation:\t\t%%8100\r\n\r\nThis event occurs when a user performs a read operation on stored credentials in Credential Manager.\r\n"}, {"event_date_time": "Thu Apr 11 15:46:30 2024", "event_id": "5379", "computer": "HP", "category": 13824, "record": 1059300, "source": "Microsoft-Windows-Security-Auditing", "event_type": "EVENTLOG_AUDIT_SUCCESS", "message": "Credential Manager credentials were read.\r\n\r\nSubject:\r\n\tSecurity ID:\t\tS-1-5-21-4209720783-2618409851-3726521692-1001\r\n\tAccount Name:\t\tHP\r\n\tAccount Domain:\t\tHP\r\n\tLogon ID:\t\t0x604d2\r\n\tRead Operation:\t\t%%8100\r\n\r\nThis event occurs when a user performs a read operation on stored credentials in Credential Manager.\r\n"}, {"event_date_time": "Thu Apr 11 15:46:30 2024", "event_id": "5379", "computer": "HP", "category": 13824, "record": 1059299, "source": "Microsoft-Windows-Security-Auditing", "event_type": "EVENTLOG_AUDIT_SUCCESS", "message": "Credential Manager credentials were read.\r\n\r\nSubject:\r\n\tSecurity ID:\t\tS-1-5-21-4209720783-2618409851-3726521692-1001\r\n\tAccount Name:\t\tHP\r\n\tAccount Domain:\t\tHP\r\n\tLogon ID:\t\t0x604d2\r\n\tRead Operation:\t\t%%8100\r\n\r\nThis event occurs when a user performs a read operation on stored credentials in Credential Manager.\r\n"}, {"event_date_time": "Thu Apr 11 15:46:30 2024", "event_id": "5379", "computer": "HP", "category": 13824, "record": 1059298, "source": "Microsoft-Windows-Security-Auditing", "event_type": "EVENTLOG_AUDIT_SUCCESS", "message": "Credential Manager credentials were read.\r\n\r\nSubject:\r\n\tSecurity ID:\t\tS-1-5-21-4209720783-2618409851-3726521692-1001\r\n\tAccount Name:\t\tHP\r\n\tAccount Domain:\t\tHP\r\n\tLogon ID:\t\t0x604d2\r\n\tRead Operation:\t\t%%8100\r\n\r\nThis event occurs when a user performs a read operation on stored credentials in Credential Manager.\r\n"}, {"event_date_time": "Thu Apr 11 15:46:30 2024", "event_id": "5379", "computer": "HP", "category": 13824, "record": 1059297, "source": "Microsoft-Windows-Security-Auditing", "event_type": "EVENTLOG_AUDIT_SUCCESS", "message": "Credential Manager credentials were read.\r\n\r\nSubject:\r\n\tSecurity ID:\t\tS-1-5-21-4209720783-2618409851-3726521692-1001\r\n\tAccount Name:\t\tHP\r\n\tAccount Domain:\t\tHP\r\n\tLogon ID:\t\t0x604d2\r\n\tRead Operation:\t\t%%8100\r\n\r\nThis event occurs when a user performs a read operation on stored credentials in Credential Manager.\r\n"}, {"event_date_time": "Thu Apr 11 15:46:30 2024", "event_id": "5379", "computer": "HP", "category": 13824, "record": 1059296, "source": "Microsoft-Windows-Security-Auditing", "event_type": "EVENTLOG_AUDIT_SUCCESS", "message": "Credential Manager credentials were read.\r\n\r\nSubject:\r\n\tSecurity ID:\t\tS-1-5-21-4209720783-2618409851-3726521692-1001\r\n\tAccount Name:\t\tHP\r\n\tAccount Domain:\t\tHP\r\n\tLogon ID:\t\t0x604d2\r\n\tRead Operation:\t\t%%8100\r\n\r\nThis event occurs when a user performs a read operation on stored credentials in Credential Manager.\r\n"}, {"event_date_time": "Thu Apr 11 15:46:30 2024", "event_id": "5379", "computer": "HP", "category": 13824, "record": 1059295, "source": "Microsoft-Windows-Security-Auditing", "event_type": "EVENTLOG_AUDIT_SUCCESS", "message": "Credential Manager credentials were read.\r\n\r\nSubject:\r\n\tSecurity ID:\t\tS-1-5-21-4209720783-2618409851-3726521692-1001\r\n\tAccount Name:\t\tHP\r\n\tAccount Domain:\t\tHP\r\n\tLogon ID:\t\t0x604d2\r\n\tRead Operation:\t\t%%8100\r\n\r\nThis event occurs when a user performs a read operation on stored credentials in Credential Manager.\r\n"}, {"event_date_time": "Thu Apr 11 15:46:30 2024", "event_id": "5379", "computer": "HP", "category": 13824, "record": 1059294, "source": "Microsoft-Windows-Security-Auditing", "event_type": "EVENTLOG_AUDIT_SUCCESS", "message": "Credential Manager credentials were read.\r\n\r\nSubject:\r\n\tSecurity ID:\t\tS-1-5-21-4209720783-2618409851-3726521692-1001\r\n\tAccount Name:\t\tHP\r\n\tAccount Domain:\t\tHP\r\n\tLogon ID:\t\t0x604d2\r\n\tRead Operation:\t\t%%8100\r\n\r\nThis event occurs when a user performs a read operation on stored credentials in Credential Manager.\r\n"}, {"event_date_time": "Thu Apr 11 15:46:30 2024", "event_id": "5379", "computer": "HP", "category": 13824, "record": 1059293, "source": "Microsoft-Windows-Security-Auditing", "event_type": "EVENTLOG_AUDIT_SUCCESS", "message": "Credential Manager credentials were read.\r\n\r\nSubject:\r\n\tSecurity ID:\t\tS-1-5-21-4209720783-2618409851-3726521692-1001\r\n\tAccount Name:\t\tHP\r\n\tAccount Domain:\t\tHP\r\n\tLogon ID:\t\t0x604d2\r\n\tRead Operation:\t\t%%8100\r\n\r\nThis event occurs when a user performs a read operation on stored credentials in Credential Manager.\r\n"}, {"event_date_time": "Thu Apr 11 15:46:30 2024", "event_id": "5379", "computer": "HP", "category": 13824, "record": 1059292, "source": "Microsoft-Windows-Security-Auditing", "event_type": "EVENTLOG_AUDIT_SUCCESS", "message": "Credential Manager credentials were read.\r\n\r\nSubject:\r\n\tSecurity ID:\t\tS-1-5-21-4209720783-2618409851-3726521692-1001\r\n\tAccount Name:\t\tHP\r\n\tAccount Domain:\t\tHP\r\n\tLogon ID:\t\t0x604d2\r\n\tRead Operation:\t\t%%8100\r\n\r\nThis event occurs when a user performs a read operation on stored credentials in Credential Manager.\r\n"}, {"event_date_time": "Thu Apr 11 15:46:30 2024", "event_id": "5379", "computer": "HP", "category": 13824, "record": 1059291, "source": "Microsoft-Windows-Security-Auditing", "event_type": "EVENTLOG_AUDIT_SUCCESS", "message": "Credential Manager credentials were read.\r\n\r\nSubject:\r\n\tSecurity ID:\t\tS-1-5-21-4209720783-2618409851-3726521692-1001\r\n\tAccount Name:\t\tHP\r\n\tAccount Domain:\t\tHP\r\n\tLogon ID:\t\t0x604d2\r\n\tRead Operation:\t\t%%8100\r\n\r\nThis event occurs when a user performs a read operation on stored credentials in Credential Manager.\r\n"}, {"event_date_time": "Thu Apr 11 15:46:30 2024", "event_id": "5379", "computer": "HP", "category": 13824, "record": 1059290, "source": "Microsoft-Windows-Security-Auditing", "event_type": "EVENTLOG_AUDIT_SUCCESS", "message": "Credential Manager credentials were read.\r\n\r\nSubject:\r\n\tSecurity ID:\t\tS-1-5-21-4209720783-2618409851-3726521692-1001\r\n\tAccount Name:\t\tHP\r\n\tAccount Domain:\t\tHP\r\n\tLogon ID:\t\t0x604d2\r\n\tRead Operation:\t\t%%8100\r\n\r\nThis event occurs when a user performs a read operation on stored credentials in Credential Manager.\r\n"}, {"event_date_time": "Thu Apr 11 15:46:30 2024", "event_id": "5379", "computer": "HP", "category": 13824, "record": 1059289, "source": "Microsoft-Windows-Security-Auditing", "event_type": "EVENTLOG_AUDIT_SUCCESS", "message": "Credential Manager credentials were read.\r\n\r\nSubject:\r\n\tSecurity ID:\t\tS-1-5-21-4209720783-2618409851-3726521692-1001\r\n\tAccount Name:\t\tHP\r\n\tAccount Domain:\t\tHP\r\n\tLogon ID:\t\t0x604d2\r\n\tRead Operation:\t\t%%8100\r\n\r\nThis event occurs when a user performs a read operation on stored credentials in Credential Manager.\r\n"}, {"event_date_time": "Thu Apr 11 15:46:30 2024", "event_id": "5379", "computer": "HP", "category": 13824, "record": 1059288, "source": "Microsoft-Windows-Security-Auditing", "event_type": "EVENTLOG_AUDIT_SUCCESS", "message": "Credential Manager credentials were read.\r\n\r\nSubject:\r\n\tSecurity ID:\t\tS-1-5-21-4209720783-2618409851-3726521692-1001\r\n\tAccount Name:\t\tHP\r\n\tAccount Domain:\t\tHP\r\n\tLogon ID:\t\t0x604d2\r\n\tRead Operation:\t\t%%8100\r\n\r\nThis event occurs when a user performs a read operation on stored credentials in Credential Manager.\r\n"}, {"event_date_time": "Thu Apr 11 15:46:30 2024", "event_id": "5379", "computer": "HP", "category": 13824, "record": 1059287, "source": "Microsoft-Windows-Security-Auditing", "event_type": "EVENTLOG_AUDIT_SUCCESS", "message": "Credential Manager credentials were read.\r\n\r\n