Subject:\r\n\tSecurity ID:\t\tS-1-5-21-4209720783-2618409851-3726521692-1001\r\n\tAccount Name:\t\tHP\r\n\tAccount Domain:\t\tHP\r\n\tLogon ID:\t\t0x258cbe2\r\n\tRead Operation:\t\t%%8100\r\n\r\nThis event occurs when a user performs a read operation on stored credentials in Credential Manager.\r\n"}, {"event_date_time": "Thu Apr 11 14:26:53 2024", "event_id": "5379", "computer": "HP", "category": 13824, "record": 1058532, "source": "Microsoft-Windows-Security-Auditing", "event_type": "EVENTLOG_AUDIT_SUCCESS", "message": "Credential Manager credentials were read.\r\n\r\nSubject:\r\n\tSecurity ID:\t\tS-1-5-21-4209720783-2618409851-3726521692-1001\r\n\tAccount Name:\t\tHP\r\n\tAccount Domain:\t\tHP\r\n\tLogon ID:\t\t0x258cbe2\r\n\tRead Operation:\t\t%%8100\r\n\r\nThis event occurs when a user performs a read operation on stored credentials in Credential Manager.\r\n"}, {"event_date_time": "Thu Apr 11 14:26:53 2024", "event_id": "5379", "computer": "HP", "category": 13824, "record": 1058531, "source": "Microsoft-Windows-Security-Auditing", "event_type": "EVENTLOG_AUDIT_SUCCESS", "message": "Credential Manager credentials were read.\r\n\r\nSubject:\r\n\tSecurity ID:\t\tS-1-5-21-4209720783-2618409851-3726521692-1001\r\n\tAccount Name:\t\tHP\r\n\tAccount Domain:\t\tHP\r\n\tLogon ID:\t\t0x258cbe2\r\n\tRead Operation:\t\t%%8100\r\n\r\nThis event occurs when a user performs a read operation on stored credentials in Credential Manager.\r\n"}, {"event_date_time": "Thu Apr 11 14:26:53 2024", "event_id": "5379", "computer": "HP", "category": 13824, "record": 1058530, "source": "Microsoft-Windows-Security-Auditing", "event_type": "EVENTLOG_AUDIT_SUCCESS", "message": "Credential Manager credentials were read.\r\n\r\nSubject:\r\n\tSecurity ID:\t\tS-1-5-21-4209720783-2618409851-3726521692-1001\r\n\tAccount Name:\t\tHP\r\n\tAccount Domain:\t\tHP\r\n\tLogon ID:\t\t0x258cbe2\r\n\tRead Operation:\t\t%%8100\r\n\r\nThis event occurs when a user performs a read operation on stored credentials in Credential Manager.\r\n"}, {"event_date_time": "Thu Apr 11 14:26:53 2024", "event_id": "5379", "computer": "HP", "category": 13824, "record": 1058529, "source": "Microsoft-Windows-Security-Auditing", "event_type": "EVENTLOG_AUDIT_SUCCESS", "message": "Credential Manager credentials were read.\r\n\r\nSubject:\r\n\tSecurity ID:\t\tS-1-5-21-4209720783-2618409851-3726521692-1001\r\n\tAccount Name:\t\tHP\r\n\tAccount Domain:\t\tHP\r\n\tLogon ID:\t\t0x258cbe2\r\n\tRead Operation:\t\t%%8100\r\n\r\nThis event occurs when a user performs a read operation on stored credentials in Credential Manager.\r\n"}, {"event_date_time": "Thu Apr 11 14:26:53 2024", "event_id": "5379", "computer": "HP", "category": 13824, "record": 1058528, "source": "Microsoft-Windows-Security-Auditing", "event_type": "EVENTLOG_AUDIT_SUCCESS", "message": "Credential Manager credentials were read.\r\n\r\nSubject:\r\n\tSecurity ID:\t\tS-1-5-21-4209720783-2618409851-3726521692-1001\r\n\tAccount Name:\t\tHP\r\n\tAccount Domain:\t\tHP\r\n\tLogon ID:\t\t0x258cbe2\r\n\tRead Operation:\t\t%%8100\r\n\r\nThis event occurs when a user performs a read operation on stored credentials in Credential Manager.\r\n"}, {"event_date_time": "Thu Apr 11 14:26:53 2024", "event_id": "5379", "computer": "HP", "category": 13824, "record": 1058527, "source": "Microsoft-Windows-Security-Auditing", "event_type": "EVENTLOG_AUDIT_SUCCESS", "message": "Credential Manager credentials were read.\r\n\r\nSubject:\r\n\tSecurity ID:\t\tS-1-5-21-4209720783-2618409851-3726521692-1001\r\n\tAccount Name:\t\tHP\r\n\tAccount Domain:\t\tHP\r\n\tLogon ID:\t\t0x258cbe2\r\n\tRead Operation:\t\t%%8100\r\n\r\nThis event occurs when a user performs a read operation on stored credentials in Credential Manager.\r\n"}, {"event_date_time": "Thu Apr 11 14:26:53 2024", "event_id": "5379", "computer": "HP", "category": 13824, "record": 1058526, "source": "Microsoft-Windows-Security-Auditing", "event_type": "EVENTLOG_AUDIT_SUCCESS", "message": "Credential Manager credentials were read.\r\n\r\nSubject:\r\n\tSecurity ID:\t\tS-1-5-21-4209720783-2618409851-3726521692-1001\r\n\tAccount Name:\t\tHP\r\n\tAccount Domain:\t\tHP\r\n\tLogon ID:\t\t0x258cbe2\r\n\tRead Operation:\t\t%%8100\r\n\r\nThis event occurs when a user performs a read operation on stored credentials in Credential Manager.\r\n"}, {"event_date_time": "Thu Apr 11 14:26:53 2024", "event_id": "5379", "computer": "HP", "category": 13824, "record": 1058525, "source": "Microsoft-Windows-Security-Auditing", "event_type": "EVENTLOG_AUDIT_SUCCESS", "message": "Credential Manager credentials were read.\r\n\r\nSubject:\r\n\tSecurity ID:\t\tS-1-5-21-4209720783-2618409851-3726521692-1001\r\n\tAccount Name:\t\tHP\r\n\tAccount Domain:\t\tHP\r\n\tLogon ID:\t\t0x258cbe2\r\n\tRead Operation:\t\t%%8100\r\n\r\nThis event occurs when a user performs a read operation on stored credentials in Credential Manager.\r\n"}, {"event_date_time": "Thu Apr 11 14:26:53 2024", "event_id": "5379", "computer": "HP", "category": 13824, "record": 1058524, "source": "Microsoft-Windows-Security-Auditing", "event_type": "EVENTLOG_AUDIT_SUCCESS", "message": "Credential Manager credentials were read.\r\n\r\nSubject:\r\n\tSecurity ID:\t\tS-1-5-21-4209720783-2618409851-3726521692-1001\r\n\tAccount Name:\t\tHP\r\n\tAccount Domain:\t\tHP\r\n\tLogon ID:\t\t0x258cbe2\r\n\tRead Operation:\t\t%%8100\r\n\r\nThis event occurs when a user performs a read operation on stored credentials in Credential Manager.\r\n"}, {"event_date_time": "Thu Apr 11 14:26:53 2024", "event_id": "5379", "computer": "HP", "category": 13824, "record": 1058523, "source": "Microsoft-Windows-Security-Auditing", "event_type": "EVENTLOG_AUDIT_SUCCESS", "message": "Credential Manager credentials were read.\r\n\r\nSubject:\r\n\tSecurity ID:\t\tS-1-5-21-4209720783-2618409851-3726521692-1001\r\n\tAccount Name:\t\tHP\r\n\tAccount Domain:\t\tHP\r\n\tLogon ID:\t\t0x258cbe2\r\n\tRead Operation:\t\t%%8100\r\n\r\nThis event occurs when a user performs a read operation on stored credentials in Credential Manager.\r\n"}, {"event_date_time": "Thu Apr 11 14:26:53 2024", "event_id": "5379", "computer": "HP", "category": 13824, "record": 1058522, "source": "Microsoft-Windows-Security-Auditing", "event_type": "EVENTLOG_AUDIT_SUCCESS", "message": "Credential Manager credentials were read.\r\n\r\nSubject:\r\n\tSecurity ID:\t\tS-1-5-21-4209720783-2618409851-3726521692-1001\r\n\tAccount Name:\t\tHP\r\n\tAccount Domain:\t\tHP\r\n\tLogon ID:\t\t0x258cbe2\r\n\tRead Operation:\t\t%%8099\r\n\r\nThis event occurs when a user performs a read operation on stored credentials in Credential Manager.\r\n"}, {"event_date_time": "Thu Apr 11 14:26:53 2024", "event_id": "5379", "computer": "HP", "category": 13824, "record": 1058521, "source": "Microsoft-Windows-Security-Auditing", "event_type": "EVENTLOG_AUDIT_SUCCESS", "message": "Credential Manager credentials were read.\r\n\r\nSubject:\r\n\tSecurity ID:\t\tS-1-5-21-4209720783-2618409851-3726521692-1001\r\n\tAccount Name:\t\tHP\r\n\tAccount Domain:\t\tHP\r\n\tLogon ID:\t\t0x258cbe2\r\n\tRead Operation:\t\t%%8100\r\n\r\nThis event occurs when a user performs a read operation on stored credentials in Credential Manager.\r\n"}, {"event_date_time": "Thu Apr 11 14:26:53 2024", "event_id": "5379", "computer": "HP", "category": 13824, "record": 1058520, "source": "Microsoft-Windows-Security-Auditing", "event_type": "EVENTLOG_AUDIT_SUCCESS", "message": "Credential Manager credentials were read.\r\n\r\nSubject:\r\n\tSecurity ID:\t\tS-1-5-21-4209720783-2618409851-3726521692-1001\r\n\tAccount Name:\t\tHP\r\n\tAccount Domain:\t\tHP\r\n\tLogon ID:\t\t0x258cbe2\r\n\tRead Operation:\t\t%%8100\r\n\r\nThis event occurs when a user performs a read operation on stored credentials in Credential Manager.\r\n"}, {"event_date_time": "Thu Apr 11 14:26:53 2024", "event_id": "5379", "computer": "HP", "category": 13824, "record": 1058519, "source": "Microsoft-Windows-Security-Auditing", "event_type": "EVENTLOG_AUDIT_SUCCESS", "message": "Credential Manager credentials were read.\r\n\r\nSubject:\r\n\tSecurity ID:\t\tS-1-5-21-4209720783-2618409851-3726521692-1001\r\n\tAccount Name:\t\tHP\r\n\tAccount Domain:\t\tHP\r\n\tLogon ID:\t\t0x258cbe2\r\n\tRead Operation:\t\t%%8100\r\n\r\nThis event occurs when a user performs a read operation on stored credentials in Credential Manager.\r\n"}, {"event_date_time": "Thu Apr 11 14:26:53 2024", "event_id": "5379", "computer": "HP", "category": 13824, "record": 1058518, "source": "Microsoft-Windows-Security-Auditing", "event_type": "EVENTLOG_AUDIT_SUCCESS", "message": "Credential Manager credentials were read.\r\n\r\nSubject:\r\n\tSecurity ID:\t\tS-1-5-21-4209720783-2618409851-3726521692-1001\r\n\tAccount Name:\t\tHP\r\n\tAccount Domain:\t\tHP\r\n\tLogon ID:\t\t0x258cbe2\r\n\tRead Operation:\t\t%%8100\r\n\r\nThis event occurs when a user performs a read operation on stored credentials in Credential Manager.\r\n"}, {"event_date_time": "Thu Apr 11 14:26:53 2024", "event_id": "5379", "computer": "HP", "category": 13824, "record": 1058517, "source": "Microsoft-Windows-Security-Auditing", "event_type": "EVENTLOG_AUDIT_SUCCESS", "message": "Credential Manager credentials were read.\r\n\r\nSubject:\r\n\tSecurity ID:\t\tS-1-5-21-4209720783-2618409851-3726521692-1001\r\n\tAccount Name:\t\tHP\r\n\tAccount Domain:\t\tHP\r\n\tLogon ID:\t\t0x258cbe2\r\n\tRead Operation:\t\t%%8100\r\n\r\nThis event occurs when a user performs a read operation on stored credentials in Credential Manager.\r\n"}, {"event_date_time": "Thu Apr 11 14:26:53 2024", "event_id": "5379", "computer": "HP", "category": 13824, "record": 1058516, "source": "Microsoft-Windows-Security-Auditing", "event_type": "EVENTLOG_AUDIT_SUCCESS", "message": "Credential Manager credentials were read.\r\n\r\nSubject:\r\n\tSecurity ID:\t\tS-1-5-21-4209720783-2618409851-3726521692-1001\r\n\tAccount Name:\t\tHP\r\n\tAccount Domain:\t\tHP\r\n\tLogon ID:\t\t0x258cbe2\r\n\tRead Operation:\t\t%%8100\r\n\r\nThis event occurs when a user performs a read operation on stored credentials in Credential Manager.\r\n"}, {"event_date_time": "Thu Apr 11 14:26:53 2024", "event_id": "5379", "computer": "HP", "category": 13824, "record": 1058515, "source": "Microsoft-Windows-Security-Auditing", "event_type": "EVENTLOG_AUDIT_SUCCESS", "message": "Credential Manager credentials were read.\r\n\r\nSubject:\r\n\tSecurity ID:\t\tS-1-5-21-4209720783-2618409851-3726521692-1001\r\n\tAccount Name:\t\tHP\r\n\tAccount Domain:\t\tHP\r\n\tLogon ID:\t\t0x258cbe2\r\n\tRead Operation:\t\t%%8100\r\n\r\nThis event occurs when a user performs a read operation on stored credentials in Credential Manager.\r\n"}, {"event_date_time": "Thu Apr 11 14:26:53 2024", "event_id": "5379", "computer": "HP", "category": 13824, "record": 1058514, "source": "Microsoft-Windows-Security-Auditing", "event_type": "EVENTLOG_AUDIT_SUCCESS", "message": "Credential Manager credentials were read.\r\n\r\nSubject:\r\n\tSecurity ID:\t\tS-1-5-21-4209720783-2618409851-3726521692-1001\r\n\tAccount Name:\t\tHP\r\n\tAccount Domain:\t\tHP\r\n\tLogon ID:\t\t0x258cbe2\r\n\tRead Operation:\t\t%%8100\r\n\r\nThis event occurs when a user performs a read operation on stored credentials in Credential Manager.\r\n"}, {"event_date_time": "Thu Apr 11 14:26:53 2024", "event_id": "5379", "computer": "HP", "category": 13824, "record": 1058513, "source": "Microsoft-Windows-Security-Auditing", "event_type": "EVENTLOG_AUDIT_SUCCESS", "message": "Credential Manager credentials were read.\r\n\r\nSubject:\r\n\tSecurity ID:\t\tS-1-5-21-4209720783-2618409851-3726521692-1001\r\n\tAccount Name:\t\tHP\r\n\tAccount Domain:\t\tHP\r\n\tLogon ID:\t\t0x258cbe2\r\n\tRead Operation:\t\t%%8100\r\n\r\nThis event occurs when a user performs a read operation on stored credentials in Credential Manager.\r\n"}, {"event_date_time": "Thu Apr 11 14:26:53 2024", "event_id": "5379", "computer": "HP", "category": 13824, "record": 1058512, "source": "Microsoft-Windows-Security-Auditing", "event_type": "EVENTLOG_AUDIT_SUCCESS", "message": "Credential Manager credentials were read.\r\n\r\nSubject:\r\n\tSecurity ID:\t\tS-1-5-21-4209720783-2618409851-3726521692-1001\r\n\tAccount Name:\t\tHP\r\n\tAccount Domain:\t\tHP\r\n\tLogon ID:\t\t0x258cbe2\r\n\tRead Operation:\t\t%%8100\r\n\r\nThis event occurs when a user performs a read operation on stored credentials in Credential Manager.\r\n"}, {"event_date_time": "Thu Apr 11 14:26:53 2024", "event_id": "5379", "computer": "HP", "category": 13824, "record": 1058511, "source": "Microsoft-Windows-Security-Auditing", "event_type": "EVENTLOG_AUDIT_SUCCESS", "message": "Credential Manager credentials were read.\r\n\r\nSubject:\r\n\tSecurity ID:\t\tS-1-5-21-4209720783-2618409851-3726521692-1001\r\n\tAccount Name:\t\tHP\r\n\tAccount Domain:\t\tHP\r\n\tLogon ID:\t\t0x258cbe2\r\n\tRead Operation:\t\t%%8100\r\n\r\nThis event occurs when a user performs a read operation on stored credentials in Credential Manager.\r\n"}, {"event_date_time": "Thu Apr 11 14:26:53 2024", "event_id": "5379", "computer": "HP", "category": 13824, "record": 1058510, "source": "Microsoft-Windows-Security-Auditing", "event_type": "EVENTLOG_AUDIT_SUCCESS", "message": "Credential Manager credentials were read.\r\n\r\nSubject:\r\n\tSecurity ID:\t\tS-1-5-21-4209720783-2618409851-3726521692-1001\r\n\tAccount Name:\t\tHP\r\n\tAccount Domain:\t\tHP\r\n\tLogon ID:\t\t0x258cbe2\r\n\tRead Operation:\t\t%%8100\r\n\r\nThis event occurs when a user performs a read operation on stored credentials in Credential Manager.\r\n"}, {"event_date_time": "Thu Apr 11 14:26:53 2024", "event_id": "5379", "computer": "HP", "category": 13824, "record": 1058509, "source": "Microsoft-Windows-Security-Auditing", "event_type": "EVENTLOG_AUDIT_SUCCESS", "message": "Credential Manager credentials were read.\r\n\r\nSubject:\r\n\tSecurity ID:\t\tS-1-5-21-4209720783-2618409851-3726521692-1001\r\n\tAccount Name:\t\tHP\r\n\tAccount Domain:\t\tHP\r\n\tLogon ID:\t\t0x258cbe2\r\n\tRead Operation:\t\t%%8100\r\n\r\nThis event occurs when a user performs a read operation on stored credentials in Credential Manager.\r\n"}, {"event_date_time": "Thu Apr 11 14:26:53 2024", "event_id": "5379", "computer": "HP", "category": 13824, "record": 1058508, "source": "Microsoft-Windows-Security-Auditing", "event_type": "EVENTLOG_AUDIT_SUCCESS", "message": "Credential Manager credentials were read.\r\n\r\nSubject:\r\n\tSecurity ID:\t\tS-1-5-21-4209720783-2618409851-3726521692-1001\r\n\tAccount Name:\t\tHP\r\n\tAccount Domain:\t\tHP\r\n\tLogon ID:\t\t0x258cbe2\r\n\tRead Operation:\t\t%%8100\r\n\r\nThis event occurs when a user performs a read operation on stored credentials in Credential Manager.\r\n"}, {"event_date_time": "Thu Apr 11 14:26:53 2024", "event_id": "5379", "computer": "HP", "category": 13824, "record": 1058507, "source": "Microsoft-Windows-Security-Auditing", "event_type": "EVENTLOG_AUDIT_SUCCESS", "message": "Credential Manager credentials were read.\r\n\r\nSubject:\r\n\tSecurity ID:\t\tS-1-5-21-4209720783-2618409851-3726521692-1001\r\n\tAccount Name:\t\tHP\r\n\tAccount Domain:\t\tHP\r\n\tLogon ID:\t\t0x258cbe2\r\n\tRead Operation:\t\t%%8100\r\n\r\nThis event occurs when a user performs a read operation on stored credentials in Credential Manager.\r\n"}, {"event_date_time": "Thu Apr 11 14:26:51 2024", "event_id": "5379", "computer": "HP", "category": 13824, "record": 1058506, "source": "Microsoft-Windows-Security-Auditing", "event_type": "EVENTLOG_AUDIT_SUCCESS", "message": "Credential Manager credentials were read.\r\n\r\nSubject:\r\n\tSecurity ID:\t\tS-1-5-21-4209720783-2618409851-3726521692-1001\r\n\tAccount Name:\t\tHP\r\n\tAccount Domain:\t\tHP\r\n\tLogon ID:\t\t0x258cbe2\r\n\tRead Operation:\t\t%%8100\r\n\r\nThis event occurs when a user performs a read operation on stored credentials in Credential Manager.\r\n"}, {"event_date_time": "Thu Apr 11 14:26:51 2024", "event_id": "5379", "computer": "HP", "category": 13824, "record": 1058505, "source": "Microsoft-Windows-Security-Auditing", "event_type": "EVENTLOG_AUDIT_SUCCESS", "message": "Credential Manager credentials were read.\r\n\r\nSubject:\r\n\tSecurity ID:\t\tS-1-5-21-4209720783-2618409851-3726521692-1001\r\n\tAccount Name:\t\tHP\r\n\tAccount Domain:\t\tHP\r\n\tLogon ID:\t\t0x258cbe2\r\n\tRead Operation:\t\t%%8100\r\n\r\nThis event occurs when a user performs a read operation on stored credentials in Credential Manager.\r\n"}, {"event_date_time": "Thu Apr 11 14:26:51 2024", "event_id": "5379", "computer": "HP", "category": 13824, "record": 1058504, "source": "Microsoft-Windows-Security-Auditing", "event_type": "EVENTLOG_AUDIT_SUCCESS", "message": "Credential Manager credentials were read.\r\n\r\nSubject:\r\n\tSecurity ID:\t\tS-1-5-21-4209720783-2618409851-3726521692-1001\r\n\tAccount Name:\t\tHP\r\n\tAccount Domain:\t\tHP\r\n\tLogon ID:\t\t0x258cbe2\r\n\tRead Operation:\t\t%%8100\r\n\r\nThis event occurs when a user performs a read operation on stored credentials in Credential Manager.\r\n"}, {"event_date_time": "Thu Apr 11 14:26:51 2024", "event_id": "5379", "computer": "HP", "category": 13824, "record": 1058503, "source": "Microsoft-Windows-Security-Auditing", "event_type": "EVENTLOG_AUDIT_SUCCESS", "message": "Credential Manager credentials were read.\r\n\r\nSubject:\r\n\tSecurity ID:\t\tS-1-5-21-4209720783-2618409851-3726521692-1001\r\n\tAccount Name:\t\tHP\r\n\tAccount Domain:\t\tHP\r\n\tLogon ID:\t\t0x258cbe2\r\n\tRead Operation:\t\t%%8100\r\n\r\nThis event occurs when a user performs a read operation on stored credentials in Credential Manager.\r\n"}, {"event_date_time": "Thu Apr 11 14:26:51 2024", "event_id": "5379", "computer": "HP", "category": 13824, "record": 1058502, "source": "Microsoft-Windows-Security-Auditing", "event_type": "EVENTLOG_AUDIT_SUCCESS", "message": "Credential Manager credentials were read.\r\n\r\nSubject:\r\n\tSecurity ID:\t\tS-1-5-21-4209720783-2618409851-3726521692-1001\r\n\tAccount Name:\t\tHP\r\n\tAccount Domain:\t\tHP\r\n\tLogon ID:\t\t0x258cbe2\r\n\tRead Operation:\t\t%%8100\r\n\r\nThis event occurs when a user performs a read operation on stored credentials in Credential Manager.\r\n"}, {"event_date_time": "Thu Apr 11 14:26:47 2024", "event_id": "4799", "computer": "HP", "category": 13826, "record": 1058501, "source": "Microsoft-Windows-Security-Auditing", "event_type": "EVENTLOG_AUDIT_SUCCESS", "message": "A security-enabled local group membership was enumerated.\r\n\r\nSubject:\r\n\tSecurity ID:\t\tS-1-5-18\r\n\tAccount Name:\t\tHP$\r\n\tAccount Domain:\t\tWORKGROUP\r\n\tLogon ID:\t\t0x3e7\r\n\r\nGroup:\r\n\tSecurity ID:\t\tS-1-5-32-544\r\n\tGroup Name:\t\tAdministrators\r\n\tGroup Domain:\t\tBuiltin\r\n\r\nProcess Information:\r\n\tProcess ID:\t\t0x257c\r\n\tProcess Name:\t\tC:\\Windows\\System32\\svchost.exe\r\n"}, {"event_date_time": "Thu Apr 11 14:26:44 2024", "event_id": "4672", "computer": "HP", "category": 12548, "record": 1058500, "source": "Microsoft-Windows-Security-Auditing", "event_type": "EVENTLOG_AUDIT_SUCCESS", "message": "Special privileges assigned to new logon.\r\n\r\nSubject:\r\n\tSecurity ID:\t\tS-1-5-18\r\n\tAccount Name:\t\tSYSTEM\r\n\tAccount Domain:\t\tNT AUTHORITY\r\n\tLogon ID:\t\t0x3e7\r\n\r\nPrivileges:\t\tSeAssignPrimaryTokenPrivilege\r\n\t\t\tSeTcbPrivilege\r\n\t\t\tSeSecurityPrivilege\r\n\t\t\tSeTakeOwnershipPrivilege\r\n\t\t\tSeLoadDriverPrivilege\r\n\t\t\tSeBackupPrivilege\r\n\t\t\tSeRestorePrivilege\r\n\t\t\tSeDebugPrivilege\r\n\t\t\tSeAuditPrivilege\r\n\t\t\tSeSystemEnvironmentPrivilege\r\n\t\t\tSeImpersonatePrivilege\r\n\t\t\tSeDelegateSessionUserImpersonatePrivilege\r\n"}, {"event_date_time": "Thu Apr 11 14:26:44 2024", "event_id": "4624", "computer": "HP", "category": 12544, "record": 1058499, "source": "Microsoft-Windows-Security-Auditing", "event_type": "EVENTLOG_AUDIT_SUCCESS", "message": "An account was successfully logged on.\r\n\r\nSubject:\r\n\tSecurity ID:\t\tS-1-5-18\r\n\tAccount Name:\t\tHP$\r\n\tAccount Domain:\t\tWORKGROUP\r\n\tLogon ID:\t\t0x3e7\r\n\r\nLogon Information:\r\n\tLogon Type:\t\t5\r\n\tRestricted Admin Mode:\t-\r\n\tRemote Credential Guard:\t-\r\n\tVirtual Account:\t\t%%1843\r\n\tElevated Token:\t\t%%1842\r\n\r\nImpersonation Level:\t\t%%1833\r\n\r\nNew Logon:\r\n\tSecurity ID:\t\tS-1-5-18\r\n\tAccount Name:\t\tSYSTEM\r\n\tAccount Domain:\t\tNT AUTHORITY\r\n\tLogon ID:\t\t0x3e7\r\n\tLinked Logon ID:\t\t0x0\r\n\tNetwork Account Name:\t-\r\n\tNetwork Account Domain:\t-\r\n\tLogon GUID:\t\t{00000000-0000-0000-0000-000000000000}\r\n\r\nProcess Information:\r\n\tProcess ID:\t\t0x4e0\r\n\tProcess Name:\t\tC:\\Windows\\System32\\services.exe\r\n\r\nNetwork Information:\r\n\tWorkstation Name:\t-\r\n\tSource Network Address:\t-\r\n\tSource Port:\t\t-\r\n\r\nDetailed Authentication Information:\r\n\tLogon Process:\t\tAdvapi  \r\n\tAuthentication Package:\tNegotiate\r\n\tTransited Services:\t-\r\n\tPackage Name (NTLM only):\t-\r\n\tKey Length:\t\t0\r\n\r\nThis event is generated when a logon session is created. It is generated on the computer that was accessed.\r\n\r\nThe subject fields indicate the account on the local system which requested the logon. This is most commonly a service such as the Server service, or a local process such as Winlogon.exe or Services.exe.\r\n\r\nThe logon type field indicates the kind of logon that occurred. The most common types are 2 (interactive) and 3 (network).\r\n\r\nThe New Logon fields indicate the account for whom the new logon was created, i.e. the account that was logged on.\r\n\r\nThe network fields indicate where a remote logon request originated. Workstation name is not always available and may be left blank in some cases.\r\n\r\nThe impersonation level field indicates the extent to which a process in the logon session can impersonate.\r\n\r\nThe authentication information fields provide detailed information about this specific logon request.\r\n\t- Logon GUID is a unique identifier that can be used to correlate this event with a KDC event.\r\n\t- Transited services indicate which intermediate services have participated in this logon request.\r\n\t- Package name indicates which sub-protocol was used among the NTLM protocols.\r\n\t- Key length indicates the length of the generated session key. This will be 0 if no session key was requested.\r\n"}, {"event_date_time": "Thu Apr 11 14:26:44 2024", "event_id": "4634", "computer": "HP", "category": 12545, "record": 1058498, "source": "Microsoft-Windows-Security-Auditing", "event_type": "EVENTLOG_AUDIT_SUCCESS", "message": "An account was logged off.\r\n\r\nSubject:\r\n\tSecurity ID:\t\tS-1-5-21-4209720783-2618409851-3726521692-1001\r\n\tAccount Name:\t\tHP\r\n\tAccount Domain:\t\tHP\r\n\tLogon ID:\t\t0x3dee490\r\n\r\nLogon Type:\t\t\t2\r\n\r\nThis event is generated when a logon session is destroyed. It may be positively correlated with a logon event using the Logon ID value. Logon IDs are only unique between reboots on the same computer.\r\n"}, {"event_date_time": "Thu Apr 11 14:26:44 2024", "event_id": "4634", "computer": "HP", "category": 12545, "record": 1058497, "source": "Microsoft-Windows-Security-Auditing", "event_type": "EVENTLOG_AUDIT_SUCCESS", "message": "An account was logged off.\r\n\r\nSubject:\r\n\tSecurity ID:\t\tS-1-5-21-4209720783-2618409851-3726521692-1001\r\n\tAccount Name:\t\tHP\r\n\tAccount Domain:\t\tHP\r\n\tLogon ID:\t\t0x3dee4c1\r\n\r\nLogon Type:\t\t\t2\r\n\r\nThis event is generated when a logon session is destroyed. It may be positively correlated with a logon event using the Logon ID value. Logon IDs are only unique between reboots on the same computer.\r\n"}, {"event_date_time": "Thu Apr 11 14:26:44 2024", "event_id": "4672", "computer": "HP", "category": 12548, "record": 1058496, "source": "Microsoft-Windows-Security-Auditing", "event_type": "EVENTLOG_AUDIT_SUCCESS", "message": "Special privileges assigned to new logon.\r\n\r\nSubject:\r\n\tSecurity ID:\t\tS-1-5-21-4209720783-2618409851-3726521692-1001\r\n\tAccount Name:\t\tHP\r\n\tAccount Domain:\t\tHP\r\n\tLogon ID:\t\t0x3dee490\r\n\r\nPrivileges:\t\tSeSecurityPrivilege\r\n\t\t\tSeTakeOwnershipPrivilege\r\n\t\t\tSeLoadDriverPrivilege\r\n\t\t\tSeBackupPrivilege\r\n\t\t\tSeRestorePrivilege\r\n\t\t\tSeDebugPrivilege\r\n\t\t\tSeSystemEnvironmentPrivilege\r\n\t\t\tSeImpersonatePrivilege\r\n\t\t\tSeDelegateSessionUserImpersonatePrivilege\r\n"}, {"event_date_time": "Thu Apr 11 14:26:44 2024", "event_id": "4624", "computer": "HP", "category": 12544, "record": 1058495, "source": "Microsoft-Windows-Security-Auditing", "event_type": "EVENTLOG_AUDIT_SUCCESS", "message": "An account was successfully logged on.\r\n\r\nSubject:\r\n\tSecurity ID:\t\tS-1-5-18\r\n\tAccount Name:\t\tHP$\r\n\tAccount Domain:\t\tWORKGROUP\r\n\tLogon ID:\t\t0x3e7\r\n\r\nLogon Information:\r\n\tLogon Type:\t\t2\r\n\tRestricted Admin Mode:\t-\r\n\tRemote Credential Guard:\t-\r\n\tVirtual Account:\t\t%%1843\r\n\tElevated Token:\t\t%%1843\r\n\r\nImpersonation Level:\t\t%%1833\r\n\r\nNew Logon:\r\n\tSecurity ID:\t\tS-1-5-21-4209720783-2618409851-3726521692-1001\r\n\tAccount Name:\t\tHP\r\n\tAccount Domain:\t\tHP\r\n\tLogon ID:\t\t0x3dee4c1\r\n\tLinked Logon ID:\t\t0x3dee490\r\n\tNetwork Account Name:\t-\r\n\tNetwork Account Domain:\t-\r\n\tLogon GUID:\t\t{00000000-0000-0000-0000-000000000000}\r\n\r\nProcess Information:\r\n\tProcess ID:\t\t0x8b4\r\n\tProcess Name:\t\tC:\\Windows\\System32\\svchost.exe\r\n\r\nNetwork Information:\r\n\tWorkstation Name:\tHP\r\n\tSource Network Address:\t127.0.0.1\r\n\tSource Port:\t\t0\r\n\r\nDetailed Authentication Information:\r\n\tLogon Process:\t\tUser32 \r\n\tAuthentication Package:\tNegotiate\r\n\tTransited Services:\t-\r\n\tPackage Name (NTLM only):\t-\r\n\tKey Length:\t\t0\r\n\r\nThis event is generated when a logon session is created. It is generated on the computer that was accessed.\r\n\r\nThe subject fields indicate the account on the local system which requested the logon. This is most commonly a service such as the Server service, or a local process such as Winlogon.exe or Services.exe.\r\n\r\nThe logon type field indicates the kind of logon that occurred. The most common types are 2 (interactive) and 3 (network).\r\n\r\nThe New Logon fields indicate the account for whom the new logon was created, i.e. the account that was logged on.\r\n\r\nThe network fields indicate where a remote logon request originated. Workstation name is not always available and may be left blank in some cases.\r\n\r\nThe impersonation level field indicates the extent to which a process in the logon session can impersonate.\r\n\r\nThe authentication information fields provide detailed information about this specific logon request.\r\n\t- Logon GUID is a unique identifier that can be used to correlate this event with a KDC event.\r\n\t- Transited services indicate which intermediate services have participated in this logon request.\r\n\t- Package name indicates which sub-protocol was used among the NTLM protocols.\r\n\t- Key length indicates the length of the generated session key. This will be 0 if no session key was requested.\r\n"}, {"event_date_time": "Thu Apr 11 14:26:44 2024", "event_id": "4624", "computer": "HP", "category": 12544, "record": 1058494, "source": "Microsoft-Windows-Security-Auditing", "event_type": "EVENTLOG_AUDIT_SUCCESS", "message": "An account was successfully logged on.\r\n\r\nSubject:\r\n\tSecurity ID:\t\tS-1-5-18\r\n\tAccount Name:\t\tHP$\r\n\tAccount Domain:\t\tWORKGROUP\r\n\tLogon ID:\t\t0x3e7\r\n\r\nLogon Information:\r\n\tLogon Type:\t\t2\r\n\tRestricted Admin Mode:\t-\r\n\tRemote Credential Guard:\t-\r\n\tVirtual Account:\t\t%%1843\r\n\tElevated Token:\t\t%%1842\r\n\r\nImpersonation Level:\t\t%%1833\r\n\r\nNew Logon:\r\n\tSecurity ID:\t\tS-1-5-21-4209720783-2618409851-3726521692-1001\r\n\tAccount Name:\t\tHP\r\n\tAccount Domain:\t\tHP\r\n\tLogon ID:\t\t0x3dee490\r\n\tLinked Logon ID:\t\t0x3dee4c1\r\n\tNetwork Account Name:\t-\r\n\tNetwork Account Domain:\t-\r\n\tLogon GUID:\t\t{00000000-0000-0000-0000-000000000000}\r\n\r\nProcess Information:\r\n\tProcess ID:\t\t0x8b4\r\n\tProcess Name:\t\tC:\\Windows\\System32\\svchost.exe\r\n\r\nNetwork Information:\r\n\tWorkstation Name:\tHP\r\n\tSource Network Address:\t127.0.0.1\r\n\tSource Port:\t\t0\r\n\r\nDetailed Authentication Information:\r\n\tLogon Process:\t\tUser32 \r\n\tAuthentication Package:\tNegotiate\r\n\tTransited Services:\t-\r\n\tPackage Name (NTLM only):\t-\r\n\tKey Length:\t\t0\r\n\r\nThis event is generated when a logon session is created. It is generated on the computer that was accessed.\r\n\r\nThe subject fields indicate the account on the local system which requested the logon. This is most commonly a service such as the Server service, or a local process such as Winlogon.exe or Services.exe.\r\n\r\nThe logon type field indicates the kind of logon that occurred. The most common types are 2 (interactive) and 3 (network).\r\n\r\nThe New Logon fields indicate the account for whom the new logon was created, i.e. the account that was logged on.\r\n\r\nThe network fields indicate where a remote logon request originated. Workstation name is not always available and may be left blank in some cases.\r\n\r\nThe impersonation level field indicates the extent to which a process in the logon session can impersonate.\r\n\r\nThe authentication information fields provide detailed information about this specific logon request.\r\n\t- Logon GUID is a unique identifier that can be used to correlate this event with a KDC event.\r\n\t- Transited services indicate which intermediate services have participated in this logon request.\r\n\t- Package name indicates which sub-protocol was used among the NTLM protocols.\r\n\t- Key length indicates the length of the generated session key. This will be 0 if no session key was requested.\r\n"}, {"event_date_time": "Thu Apr 11 14:26:44 2024", "event_id": "4648", "computer": "HP", "category": 12544, "record": 1058493, "source": "Microsoft-Windows-Security-Auditing", "event_type": "EVENTLOG_AUDIT_SUCCESS", "message": "A logon was attempted using explicit credentials.\r\n\r\nSubject:\r\n\tSecurity ID:\t\tS-1-5-18\r\n\tAccount Name:\t\tHP$\r\n\tAccount Domain:\t\tWORKGROUP\r\n\tLogon ID:\t\t0x3e7\r\n\tLogon GUID:\t\t{00000000-0000-0000-0000-000000000000}\r\n\r\nAccount Whose Credentials Were Used:\r\n\tAccount Name:\t\tHP\r\n\tAccount Domain:\t\tHP\r\n\tLogon GUID:\t\t{00000000-0000-0000-0000-000000000000}\r\n\r\nTarget Server:\r\n\tTarget Server Name:\tlocalhost\r\n\tAdditional Information:\tlocalhost\r\n\r\nProcess Information:\r\n\tProcess ID:\t\t0x8b4\r\n\tProcess Name:\t\tC:\\Windows\\System32\\svchost.exe\r\n\r\nNetwork Information:\r\n\tNetwork Address:\t127.0.0.1\r\n\tPort:\t\t\t0\r\n\r\nThis event is generated when a process attempts to log on an account by explicitly specifying that account\u2019s credentials.  This most commonly occurs in batch-type configurations such as scheduled tasks, or when using the RUNAS command.\r\n"}, {"event_date_time": "Thu Apr 11 14:26:43 2024", "event_id": "4672", "computer": "HP", "category": 12548, "record": 1058492, "source": "Microsoft-Windows-Security-Auditing", "event_type": "EVENTLOG_AUDIT_SUCCESS", "message": "Special privileges assigned to new logon.\r\n\r\nSubject:\r\n\tSecurity ID:\t\tS-1-5-18\r\n\tAccount Name:\t\tSYSTEM\r\n\tAccount Domain:\t\tNT AUTHORITY\r\n\tLogon ID:\t\t0x3e7\r\n\r\nPrivileges:\t\tSeAssignPrimaryTokenPrivilege\r\n\t\t\tSeTcbPrivilege\r\n\t\t\tSeSecurityPrivilege\r\n\t\t\tSeTakeOwnershipPrivilege\r\n\t\t\tSeLoadDriverPrivilege\r\n\t\t\tSeBackupPrivilege\r\n\t\t\tSeRestorePrivilege\r\n\t\t\tSeDebugPrivilege\r\n\t\t\tSeAuditPrivilege\r\n\t\t\tSeSystemEnvironmentPrivilege\r\n\t\t\tSeImpersonatePrivilege\r\n\t\t\tSeDelegateSessionUserImpersonatePrivilege\r\n"}, {"event_date_time": "Thu Apr 11 14:26:43 2024", "event_id": "4624", "computer": "HP", "category": 12544, "record": 1058491, "source": "Microsoft-Windows-Security-Auditing", "event_type": "EVENTLOG_AUDIT_SUCCESS", "message": "An account was successfully logged on.\r\n\r\nSubject:\r\n\tSecurity ID:\t\tS-1-5-18\r\n\tAccount Name:\t\tHP$\r\n\tAccount Domain:\t\tWORKGROUP\r\n\tLogon ID:\t\t0x3e7\r\n\r\nLogon Information:\r\n\tLogon Type:\t\t5\r\n\tRestricted Admin Mode:\t-\r\n\tRemote Credential Guard:\t-\r\n\tVirtual Account:\t\t%%1843\r\n\tElevated Token:\t\t%%1842\r\n\r\nImpersonation Level:\t\t%%1833\r\n\r\nNew Logon:\r\n\tSecurity ID:\t\tS-1-5-18\r\n\tAccount Name:\t\tSYSTEM\r\n\tAccount Domain:\t\tNT AUTHORITY\r\n\tLogon ID:\t\t0x3e7\r\n\tLinked Logon ID:\t\t0x0\r\n\tNetwork Account Name:\t-\r\n\tNetwork Account Domain:\t-\r\n\tLogon GUID:\t\t{00000000-0000-0000-0000-000000000000}\r\n\r\nProcess Information:\r\n\tProcess ID:\t\t0x4e0\r\n\tProcess Name:\t\tC:\\Windows\\System32\\services.exe\r\n\r\nNetwork Information:\r\n\tWorkstation Name:\t-\r\n\tSource Network Address:\t-\r\n\tSource Port:\t\t-\r\n\r\nDetailed Authentication Information:\r\n\tLogon Process:\t\tAdvapi  \r\n\tAuthentication Package:\tNegotiate\r\n\tTransited Services:\t-\r\n\tPackage Name (NTLM only):\t-\r\n\tKey Length:\t\t0\r\n\r\nThis event is generated when a logon session is created. It is generated on the computer that was accessed.\r\n\r\nThe subject fields indicate the account on the local system which requested the logon. This is most commonly a service such as the Server service, or a local process such as Winlogon.exe or Services.exe.\r\n\r\nThe logon type field indicates the kind of logon that occurred. The most common types are 2 (interactive) and 3 (network).\r\n\r\nThe New Logon fields indicate the account for whom the new logon was created, i.e. the account that was logged on.\r\n\r\nThe network fields indicate where a remote logon request originated. Workstation name is not always available and may be left blank in some cases.\r\n\r\nThe impersonation level field indicates the extent to which a process in the logon session can impersonate.\r\n\r\nThe authentication information fields provide detailed information about this specific logon request.\r\n\t- Logon GUID is a unique identifier that can be used to correlate this event with a KDC event.\r\n\t- Transited services indicate which intermediate services have participated in this logon request.\r\n\t- Package name indicates which sub-protocol was used among the NTLM protocols.\r\n\t- Key length indicates the length of the generated session key. This will be 0 if no session key was requested.\r\n"}, {"event_date_time": "Thu Apr 11 14:11:30 2024", "event_id": "4798", "computer": "HP", "category": 13824, "record": 1058490, "source": "Microsoft-Windows-Security-Auditing", "event_type": "EVENTLOG_AUDIT_SUCCESS", "message": "A user's local group membership was enumerated.\r\n\r\nSubject:\r\n\tSecurity ID:\t\tS-1-5-18\r\n\tAccount Name:\t\tHP$\r\n\tAccount Domain:\t\tWORKGROUP\r\n\tLogon ID:\t\t0x3e7\r\n\r\nUser:\r\n\tSecurity ID:\t\tS-1-5-21-4209720783-2618409851-3726521692-1001\r\n\tAccount Name:\t\tHP\r\n\tAccount Domain:\t\tHP\r\n\r\nProcess Information:\r\n\tProcess ID:\t\t0x4fa8\r\n\tProcess Name:\t\tC:\\Windows\\System32\\LogonUI.exe\r\n"}, {"event_date_time": "Thu Apr 11 14:11:30 2024", "event_id": "4672", "computer": "HP", "category": 12548, "record": 1058489, "source": "Microsoft-Windows-Security-Auditing", "event_type": "EVENTLOG_AUDIT_SUCCESS", "message": "Special privileges assigned to new logon.\r\n\r\nSubject:\r\n\tSecurity ID:\t\tS-1-5-18\r\n\tAccount Name:\t\tSYSTEM\r\n\tAccount Domain:\t\tNT AUTHORITY\r\n\tLogon ID:\t\t0x3e7\r\n\r\nPrivileges:\t\tSeAssignPrimaryTokenPrivilege\r\n\t\t\tSeTcbPrivilege\r\n\t\t\tSeSecurityPrivilege\r\n\t\t\tSeTakeOwnershipPrivilege\r\n\t\t\tSeLoadDriverPrivilege\r\n\t\t\tSeBackupPrivilege\r\n\t\t\tSeRestorePrivilege\r\n\t\t\tSeDebugPrivilege\r\n\t\t\tSeAuditPrivilege\r\n\t\t\tSeSystemEnvironmentPrivilege\r\n\t\t\tSeImpersonatePrivilege\r\n\t\t\tSeDelegateSessionUserImpersonatePrivilege\r\n"}, {"event_date_time": "Thu Apr 11 14:11:30 2024", "event_id": "4624", "computer": "HP", "category": 12544, "record": 1058488, "source": "Microsoft-Windows-Security-Auditing", "event_type": "EVENTLOG_AUDIT_SUCCESS", "message": "An account was successfully logged on.\r\n\r\nSubject:\r\n\tSecurity ID:\t\tS-1-5-18\r\n\tAccount Name:\t\tHP$\r\n\tAccount Domain:\t\tWORKGROUP\r\n\tLogon ID:\t\t0x3e7\r\n\r\nLogon Information:\r\n\tLogon Type:\t\t5\r\n\tRestricted Admin Mode:\t-\r\n\tRemote Credential Guard:\t-\r\n\tVirtual Account:\t\t%%1843\r\n\tElevated Token:\t\t%%1842\r\n\r\nImpersonation Level:\t\t%%1833\r\n\r\nNew Logon:\r\n\tSecurity ID:\t\tS-1-5-18\r\n\tAccount Name:\t\tSYSTEM\r\n\tAccount Domain:\t\tNT AUTHORITY\r\n\tLogon ID:\t\t0x3e7\r\n\tLinked Logon ID:\t\t0x0\r\n\tNetwork Account Name:\t-\r\n\tNetwork Account Domain:\t-\r\n\tLogon GUID:\t\t{00000000-0000-0000-0000-000000000000}\r\n\r\nProcess Information:\r\n\tProcess ID:\t\t0x4e0\r\n\tProcess Name:\t\tC:\\Windows\\System32\\services.exe\r\n\r\nNetwork Information:\r\n\tWorkstation Name:\t-\r\n\tSource Network Address:\t-\r\n\tSource Port:\t\t-\r\n\r\nDetailed Authentication Information:\r\n\tLogon Process:\t\tAdvapi  \r\n\tAuthentication Package:\tNegotiate\r\n\tTransited Services:\t-\r\n\tPackage Name (NTLM only):\t-\r\n\tKey Length:\t\t0\r\n\r\nThis event is generated when a logon session is created. It is generated on the computer that was accessed.\r\n\r\nThe subject fields indicate the account on the local system which requested the logon. This is most commonly a service such as the Server service, or a local process such as Winlogon.exe or Services.exe.\r\n\r\nThe logon type field indicates the kind of logon that occurred. The most common types are 2 (interactive) and 3 (network).\r\n\r\nThe New Logon fields indicate the account for whom the new logon was created, i.e. the account that was logged on.\r\n\r\nThe network fields indicate where a remote logon request originated. Workstation name is not always available and may be left blank in some cases.\r\n\r\nThe impersonation level field indicates the extent to which a process in the logon session can impersonate.\r\n\r\nThe authentication information fields provide detailed information about this specific logon request.\r\n\t- Logon GUID is a unique identifier that can be used to correlate this event with a KDC event.\r\n\t- Transited services indicate which intermediate services have participated in this logon request.\r\n\t- Package name indicates which sub-protocol was used among the NTLM protocols.\r\n\t- Key length indicates the length of the generated session key. This will be 0 if no session key was requested.\r\n"}, {"event_date_time": "Thu Apr 11 14:10:38 2024", "event_id": "4798", "computer": "HP", "category": 13824, "record": 1058487, "source": "Microsoft-Windows-Security-Auditing", "event_type": "EVENTLOG_AUDIT_SUCCESS", "message": "A user's local group membership was enumerated.\r\n\r\nSubject:\r\n\tSecurity ID:\t\tS-1-5-21-4209720783-2618409851-3726521692-1001\r\n\tAccount Name:\t\tHP\r\n\tAccount Domain:\t\tHP\r\n\tLogon ID:\t\t0x258cbe2\r\n\r\nUser:\r\n\tSecurity ID:\t\tS-1-5-21-4209720783-2618409851-3726521692-1001\r\n\tAccount Name:\t\tHP\r\n\tAccount Domain:\t\tHP\r\n\r\nProcess Information:\r\n\tProcess ID:\t\t0x3198\r\n\tProcess Name:\t\tC:\\Windows\\explorer.exe\r\n"}, {"event_date_time": "Thu Apr 11 14:10:08 2024", "event_id": "5379", "computer": "HP", "category": 13824, "record": 1058486, "source": "Microsoft-Windows-Security-Auditing", "event_type": "EVENTLOG_AUDIT_SUCCESS", "message": "Credential Manager credentials were read.\r\n\r\nSubject:\r\n\tSecurity ID:\t\tS-1-5-21-4209720783-2618409851-3726521692-1001\r\n\tAccount Name:\t\tHP\r\n\tAccount Domain:\t\tHP\r\n\tLogon ID:\t\t0x258cbe2\r\n\tRead Operation:\t\t%%8100\r\n\r\nThis event occurs when a user performs a read operation on stored credentials in Credential Manager.\r\n"}, {"event_date_time": "Thu Apr 11 14:10:08 2024", "event_id": "5379", "computer": "HP", "category": 13824, "record": 1058485, "source": "Microsoft-Windows-Security-Auditing", "event_type": "EVENTLOG_AUDIT_SUCCESS", "message": "Credential Manager credentials were read.\r\n\r\nSubject:\r\n\tSecurity ID:\t\tS-1-5-21-4209720783-2618409851-3726521692-1001\r\n\tAccount Name:\t\tHP\r\n\tAccount Domain:\t\tHP\r\n\tLogon ID:\t\t0x258cbe2\r\n\tRead Operation:\t\t%%8100\r\n\r\nThis event occurs when a user performs a read operation on stored credentials in Credential Manager.\r\n"}, {"event_date_time": "Thu Apr 11 14:10:08 2024", "event_id": "5379", "computer": "HP", "category": 13824, "record": 1058484, "source": "Microsoft-Windows-Security-Auditing", "event_type": "EVENTLOG_AUDIT_SUCCESS", "message": "Credential Manager credentials were read.\r\n\r\nSubject:\r\n\tSecurity ID:\t\tS-1-5-21-4209720783-2618409851-3726521692-1001\r\n\tAccount Name:\t\tHP\r\n\tAccount Domain:\t\tHP\r\n\tLogon ID:\t\t0x258cbe2\r\n\tRead Operation:\t\t%%8100\r\n\r\nThis event occurs when a user performs a read operation on stored credentials in Credential Manager.\r\n"}, {"event_date_time": "Thu Apr 11 14:10:08 2024", "event_id": "5379", "computer": "HP", "category": 13824, "record": 1058483, "source": "Microsoft-Windows-Security-Auditing", "event_type": "EVENTLOG_AUDIT_SUCCESS", "message": "Credential Manager credentials were read.\r\n\r\nSubject:\r\n\tSecurity ID:\t\tS-1-5-21-4209720783-2618409851-3726521692-1001\r\n\tAccount Name:\t\tHP\r\n\tAccount Domain:\t\tHP\r\n\tLogon ID:\t\t0x258cbe2\r\n\tRead Operation:\t\t%%8100\r\n\r\nThis event occurs when a user performs a read operation on stored credentials in Credential Manager.\r\n"}, {"event_date_time": "Thu Apr 11 14:10:08 2024", "event_id": "5379", "computer": "HP", "category": 13824, "record": 1058482, "source": "Microsoft-Windows-Security-Auditing", "event_type": "EVENTLOG_AUDIT_SUCCESS", "message": "Credential Manager credentials were read.\r\n\r\nSubject:\r\n\tSecurity ID:\t\tS-1-5-21-4209720783-2618409851-3726521692-1001\r\n\tAccount Name:\t\tHP\r\n\tAccount Domain:\t\tHP\r\n\tLogon ID:\t\t0x258cbe2\r\n\tRead Operation:\t\t%%8100\r\n\r\nThis event occurs when a user performs a read operation on stored credentials in Credential Manager.\r\n"}, {"event_date_time": "Thu Apr 11 14:10:08 2024", "event_id": "5379", "computer": "HP", "category": 13824, "record": 1058481, "source": "Microsoft-Windows-Security-Auditing", "event_type": "EVENTLOG_AUDIT_SUCCESS", "message": "Credential Manager credentials were read.\r\n\r\nSubject:\r\n\tSecurity ID:\t\tS-1-5-21-4209720783-2618409851-3726521692-1001\r\n\tAccount Name:\t\tHP\r\n\tAccount Domain:\t\tHP\r\n\tLogon ID:\t\t0x258cbe2\r\n\tRead Operation:\t\t%%8100\r\n\r\nThis event occurs when a user performs a read operation on stored credentials in Credential Manager.\r\n"}, {"event_date_time": "Thu Apr 11 14:10:08 2024", "event_id": "5379", "computer": "HP", "category": 13824, "record": 1058480, "source": "Microsoft-Windows-Security-Auditing", "event_type": "EVENTLOG_AUDIT_SUCCESS", "message": "Credential Manager credentials were read.\r\n\r\nSubject:\r\n\tSecurity ID:\t\tS-1-5-21-4209720783-2618409851-3726521692-1001\r\n\tAccount Name:\t\tHP\r\n\tAccount Domain:\t\tHP\r\n\tLogon ID:\t\t0x258cbe2\r\n\tRead Operation:\t\t%%8100\r\n\r\nThis event occurs when a user performs a read operation on stored credentials in Credential Manager.\r\n"}, {"event_date_time": "Thu Apr 11 14:10:08 2024", "event_id": "5379", "computer": "HP", "category": 13824, "record": 1058479, "source": "Microsoft-Windows-Security-Auditing", "event_type": "EVENTLOG_AUDIT_SUCCESS", "message": "Credential Manager credentials were read.\r\n\r\nSubject:\r\n\tSecurity ID:\t\tS-1-5-21-4209720783-2618409851-3726521692-1001\r\n\tAccount Name:\t\tHP\r\n\tAccount Domain:\t\tHP\r\n\tLogon ID:\t\t0x258cbe2\r\n\tRead Operation:\t\t%%8100\r\n\r\nThis event occurs when a user performs a read operation on stored credentials in Credential Manager.\r\n"}, {"event_date_time": "Thu Apr 11 14:10:08 2024", "event_id": "5379", "computer": "HP", "category": 13824, "record": 1058478, "source": "Microsoft-Windows-Security-Auditing", "event_type": "EVENTLOG_AUDIT_SUCCESS", "message": "Credential Manager credentials were read.\r\n\r\nSubject:\r\n\tSecurity ID:\t\tS-1-5-21-4209720783-2618409851-3726521692-1001\r\n\tAccount Name:\t\tHP\r\n\tAccount Domain:\t\tHP\r\n\tLogon ID:\t\t0x258cbe2\r\n\tRead Operation:\t\t%%8100\r\n\r\nThis event occurs when a user performs a read operation on stored credentials in Credential Manager.\r\n"}, {"event_date_time": "Thu Apr 11 14:10:08 2024", "event_id": "5379", "computer": "HP", "category": 13824, "record": 1058477, "source": "Microsoft-Windows-Security-Auditing", "event_type": "EVENTLOG_AUDIT_SUCCESS", "message": "Credential Manager credentials were read.\r\n\r\nSubject:\r\n\tSecurity ID:\t\tS-1-5-21-4209720783-2618409851-3726521692-1001\r\n\tAccount Name:\t\tHP\r\n\tAccount Domain:\t\tHP\r\n\tLogon ID:\t\t0x258cbe2\r\n\tRead Operation:\t\t%%8100\r\n\r\nThis event occurs when a user performs a read operation on stored credentials in Credential Manager.\r\n"}, {"event_date_time": "Thu Apr 11 14:10:08 2024", "event_id": "5379", "computer": "HP", "category": 13824, "record": 1058476, "source": "Microsoft-Windows-Security-Auditing", "event_type": "EVENTLOG_AUDIT_SUCCESS", "message": "Credential Manager credentials were read.\r\n\r\nSubject:\r\n\tSecurity ID:\t\tS-1-5-21-4209720783-2618409851-3726521692-1001\r\n\tAccount Name:\t\tHP\r\n\tAccount Domain:\t\tHP\r\n\tLogon ID:\t\t0x258cbe2\r\n\tRead Operation:\t\t%%8100\r\n\r\nThis event occurs when a user performs a read operation on stored credentials in Credential Manager.\r\n"}, {"event_date_time": "Thu Apr 11 14:10:08 2024", "event_id": "5379", "computer": "HP", "category": 13824, "record": 1058475, "source": "Microsoft-Windows-Security-Auditing", "event_type": "EVENTLOG_AUDIT_SUCCESS", "message": "Credential Manager credentials were read.\r\n\r\nSubject:\r\n\tSecurity ID:\t\tS-1-5-21-4209720783-2618409851-3726521692-1001\r\n\tAccount Name:\t\tHP\r\n\tAccount Domain:\t\tHP\r\n\tLogon ID:\t\t0x258cbe2\r\n\tRead Operation:\t\t%%8100\r\n\r\nThis event occurs when a user performs a read operation on stored credentials in Credential Manager.\r\n"}, {"event_date_time": "Thu Apr 11 14:10:08 2024", "event_id": "5379", "computer": "HP", "category": 13824, "record": 1058474, "source": "Microsoft-Windows-Security-Auditing", "event_type": "EVENTLOG_AUDIT_SUCCESS", "message": "Credential Manager credentials were read.\r\n\r\nSubject:\r\n\tSecurity ID:\t\tS-1-5-21-4209720783-2618409851-3726521692-1001\r\n\tAccount Name:\t\tHP\r\n\tAccount Domain:\t\tHP\r\n\tLogon ID:\t\t0x258cbe2\r\n\tRead Operation:\t\t%%8100\r\n\r\nThis event occurs when a user performs a read operation on stored credentials in Credential Manager.\r\n"}, {"event_date_time": "Thu Apr 11 14:10:08 2024", "event_id": "5379", "computer": "HP", "category": 13824, "record": 1058473, "source": "Microsoft-Windows-Security-Auditing", "event_type": "EVENTLOG_AUDIT_SUCCESS", "message": "Credential Manager credentials were read.\r\n\r\nSubject:\r\n\tSecurity ID:\t\tS-1-5-21-4209720783-2618409851-3726521692-1001\r\n\tAccount Name:\t\tHP\r\n\tAccount Domain:\t\tHP\r\n\tLogon ID:\t\t0x258cbe2\r\n\tRead Operation:\t\t%%8100\r\n\r\nThis event occurs when a user performs a read operation on stored credentials in Credential Manager.\r\n"}, {"event_date_time": "Thu Apr 11 14:10:08 2024", "event_id": "5379", "computer": "HP", "category": 13824, "record": 1058472, "source": "Microsoft-Windows-Security-Auditing", "event_type": "EVENTLOG_AUDIT_SUCCESS", "message": "Credential Manager credentials were read.\r\n\r\nSubject:\r\n\tSecurity ID:\t\tS-1-5-21-4209720783-2618409851-3726521692-1001\r\n\tAccount Name:\t\tHP\r\n\tAccount Domain:\t\tHP\r\n\tLogon ID:\t\t0x258cbe2\r\n\tRead Operation:\t\t%%8100\r\n\r\nThis event occurs when a user performs a read operation on stored credentials in Credential Manager.\r\n"}, {"event_date_time": "Thu Apr 11 14:10:08 2024", "event_id": "5379", "computer": "HP", "category": 13824, "record": 1058471, "source": "Microsoft-Windows-Security-Auditing", "event_type": "EVENTLOG_AUDIT_SUCCESS", "message": "Credential Manager credentials were read.\r\n\r\nSubject:\r\n\tSecurity ID:\t\tS-1-5-21-4209720783-2618409851-3726521692-1001\r\n\tAccount Name:\t\tHP\r\n\tAccount Domain:\t\tHP\r\n\tLogon ID:\t\t0x258cbe2\r\n\tRead Operation:\t\t%%8100\r\n\r\nThis event occurs when a user performs a read operation on stored credentials in Credential Manager.\r\n"}, {"event_date_time": "Thu Apr 11 14:10:08 2024", "event_id": "5379", "computer": "HP", "category": 13824, "record": 1058470, "source": "Microsoft-Windows-Security-Auditing", "event_type": "EVENTLOG_AUDIT_SUCCESS", "message": "Credential Manager credentials were read.\r\n\r\nSubject:\r\n\tSecurity ID:\t\tS-1-5-21-4209720783-2618409851-3726521692-1001\r\n\tAccount Name:\t\tHP\r\n\tAccount Domain:\t\tHP\r\n\tLogon ID:\t\t0x258cbe2\r\n\tRead Operation:\t\t%%8100\r\n\r\nThis event occurs when a user performs a read operation on stored credentials in Credential Manager.\r\n"}, {"event_date_time": "Thu Apr 11 14:10:08 2024", "event_id": "5379", "computer": "HP", "category": 13824, "record": 1058469, "source": "Microsoft-Windows-Security-Auditing", "event_type": "EVENTLOG_AUDIT_SUCCESS", "message": "Credential Manager credentials were read.\r\n\r\nSubject:\r\n\tSecurity ID:\t\tS-1-5-21-4209720783-2618409851-3726521692-1001\r\n\tAccount Name:\t\tHP\r\n\tAccount Domain:\t\tHP\r\n\tLogon ID:\t\t0x258cbe2\r\n\tRead Operation:\t\t%%8100\r\n\r\nThis event occurs when a user performs a read operation on stored credentials in Credential Manager.\r\n"}, {"event_date_time": "Thu Apr 11 14:10:08 2024", "event_id": "5379", "computer": "HP", "category": 13824, "record": 1058468, "source": "Microsoft-Windows-Security-Auditing", "event_type": "EVENTLOG_AUDIT_SUCCESS", "message": "Credential Manager credentials were read.\r\n\r\n