Subject:\r\n\tSecurity ID:\t\tS-1-5-21-4209720783-2618409851-3726521692-1001\r\n\tAccount Name:\t\tHP\r\n\tAccount Domain:\t\tHP\r\n\tLogon ID:\t\t0x604d2\r\n\tRead Operation:\t\t%%8100\r\n\r\nThis event occurs when a user performs a read operation on stored credentials in Credential Manager.\r\n"}, {"event_date_time": "Thu Apr 11 20:04:23 2024", "event_id": "5379", "computer": "HP", "category": 13824, "record": 1059538, "source": "Microsoft-Windows-Security-Auditing", "event_type": "EVENTLOG_AUDIT_SUCCESS", "message": "Credential Manager credentials were read.\r\n\r\nSubject:\r\n\tSecurity ID:\t\tS-1-5-21-4209720783-2618409851-3726521692-1001\r\n\tAccount Name:\t\tHP\r\n\tAccount Domain:\t\tHP\r\n\tLogon ID:\t\t0x604d2\r\n\tRead Operation:\t\t%%8100\r\n\r\nThis event occurs when a user performs a read operation on stored credentials in Credential Manager.\r\n"}, {"event_date_time": "Thu Apr 11 20:04:23 2024", "event_id": "5379", "computer": "HP", "category": 13824, "record": 1059537, "source": "Microsoft-Windows-Security-Auditing", "event_type": "EVENTLOG_AUDIT_SUCCESS", "message": "Credential Manager credentials were read.\r\n\r\nSubject:\r\n\tSecurity ID:\t\tS-1-5-21-4209720783-2618409851-3726521692-1001\r\n\tAccount Name:\t\tHP\r\n\tAccount Domain:\t\tHP\r\n\tLogon ID:\t\t0x604d2\r\n\tRead Operation:\t\t%%8100\r\n\r\nThis event occurs when a user performs a read operation on stored credentials in Credential Manager.\r\n"}, {"event_date_time": "Thu Apr 11 20:04:23 2024", "event_id": "5379", "computer": "HP", "category": 13824, "record": 1059536, "source": "Microsoft-Windows-Security-Auditing", "event_type": "EVENTLOG_AUDIT_SUCCESS", "message": "Credential Manager credentials were read.\r\n\r\nSubject:\r\n\tSecurity ID:\t\tS-1-5-21-4209720783-2618409851-3726521692-1001\r\n\tAccount Name:\t\tHP\r\n\tAccount Domain:\t\tHP\r\n\tLogon ID:\t\t0x604d2\r\n\tRead Operation:\t\t%%8099\r\n\r\nThis event occurs when a user performs a read operation on stored credentials in Credential Manager.\r\n"}, {"event_date_time": "Thu Apr 11 20:04:23 2024", "event_id": "5379", "computer": "HP", "category": 13824, "record": 1059535, "source": "Microsoft-Windows-Security-Auditing", "event_type": "EVENTLOG_AUDIT_SUCCESS", "message": "Credential Manager credentials were read.\r\n\r\nSubject:\r\n\tSecurity ID:\t\tS-1-5-21-4209720783-2618409851-3726521692-1001\r\n\tAccount Name:\t\tHP\r\n\tAccount Domain:\t\tHP\r\n\tLogon ID:\t\t0x604d2\r\n\tRead Operation:\t\t%%8100\r\n\r\nThis event occurs when a user performs a read operation on stored credentials in Credential Manager.\r\n"}, {"event_date_time": "Thu Apr 11 20:04:23 2024", "event_id": "5379", "computer": "HP", "category": 13824, "record": 1059534, "source": "Microsoft-Windows-Security-Auditing", "event_type": "EVENTLOG_AUDIT_SUCCESS", "message": "Credential Manager credentials were read.\r\n\r\nSubject:\r\n\tSecurity ID:\t\tS-1-5-21-4209720783-2618409851-3726521692-1001\r\n\tAccount Name:\t\tHP\r\n\tAccount Domain:\t\tHP\r\n\tLogon ID:\t\t0x604d2\r\n\tRead Operation:\t\t%%8100\r\n\r\nThis event occurs when a user performs a read operation on stored credentials in Credential Manager.\r\n"}, {"event_date_time": "Thu Apr 11 20:04:23 2024", "event_id": "5379", "computer": "HP", "category": 13824, "record": 1059533, "source": "Microsoft-Windows-Security-Auditing", "event_type": "EVENTLOG_AUDIT_SUCCESS", "message": "Credential Manager credentials were read.\r\n\r\nSubject:\r\n\tSecurity ID:\t\tS-1-5-21-4209720783-2618409851-3726521692-1001\r\n\tAccount Name:\t\tHP\r\n\tAccount Domain:\t\tHP\r\n\tLogon ID:\t\t0x604d2\r\n\tRead Operation:\t\t%%8100\r\n\r\nThis event occurs when a user performs a read operation on stored credentials in Credential Manager.\r\n"}, {"event_date_time": "Thu Apr 11 20:04:23 2024", "event_id": "5379", "computer": "HP", "category": 13824, "record": 1059532, "source": "Microsoft-Windows-Security-Auditing", "event_type": "EVENTLOG_AUDIT_SUCCESS", "message": "Credential Manager credentials were read.\r\n\r\nSubject:\r\n\tSecurity ID:\t\tS-1-5-21-4209720783-2618409851-3726521692-1001\r\n\tAccount Name:\t\tHP\r\n\tAccount Domain:\t\tHP\r\n\tLogon ID:\t\t0x604d2\r\n\tRead Operation:\t\t%%8100\r\n\r\nThis event occurs when a user performs a read operation on stored credentials in Credential Manager.\r\n"}, {"event_date_time": "Thu Apr 11 20:04:23 2024", "event_id": "5379", "computer": "HP", "category": 13824, "record": 1059531, "source": "Microsoft-Windows-Security-Auditing", "event_type": "EVENTLOG_AUDIT_SUCCESS", "message": "Credential Manager credentials were read.\r\n\r\nSubject:\r\n\tSecurity ID:\t\tS-1-5-21-4209720783-2618409851-3726521692-1001\r\n\tAccount Name:\t\tHP\r\n\tAccount Domain:\t\tHP\r\n\tLogon ID:\t\t0x604d2\r\n\tRead Operation:\t\t%%8100\r\n\r\nThis event occurs when a user performs a read operation on stored credentials in Credential Manager.\r\n"}, {"event_date_time": "Thu Apr 11 20:04:23 2024", "event_id": "5379", "computer": "HP", "category": 13824, "record": 1059530, "source": "Microsoft-Windows-Security-Auditing", "event_type": "EVENTLOG_AUDIT_SUCCESS", "message": "Credential Manager credentials were read.\r\n\r\nSubject:\r\n\tSecurity ID:\t\tS-1-5-21-4209720783-2618409851-3726521692-1001\r\n\tAccount Name:\t\tHP\r\n\tAccount Domain:\t\tHP\r\n\tLogon ID:\t\t0x604d2\r\n\tRead Operation:\t\t%%8100\r\n\r\nThis event occurs when a user performs a read operation on stored credentials in Credential Manager.\r\n"}, {"event_date_time": "Thu Apr 11 20:04:23 2024", "event_id": "5379", "computer": "HP", "category": 13824, "record": 1059529, "source": "Microsoft-Windows-Security-Auditing", "event_type": "EVENTLOG_AUDIT_SUCCESS", "message": "Credential Manager credentials were read.\r\n\r\nSubject:\r\n\tSecurity ID:\t\tS-1-5-21-4209720783-2618409851-3726521692-1001\r\n\tAccount Name:\t\tHP\r\n\tAccount Domain:\t\tHP\r\n\tLogon ID:\t\t0x604d2\r\n\tRead Operation:\t\t%%8100\r\n\r\nThis event occurs when a user performs a read operation on stored credentials in Credential Manager.\r\n"}, {"event_date_time": "Thu Apr 11 20:04:23 2024", "event_id": "5379", "computer": "HP", "category": 13824, "record": 1059528, "source": "Microsoft-Windows-Security-Auditing", "event_type": "EVENTLOG_AUDIT_SUCCESS", "message": "Credential Manager credentials were read.\r\n\r\nSubject:\r\n\tSecurity ID:\t\tS-1-5-21-4209720783-2618409851-3726521692-1001\r\n\tAccount Name:\t\tHP\r\n\tAccount Domain:\t\tHP\r\n\tLogon ID:\t\t0x604d2\r\n\tRead Operation:\t\t%%8100\r\n\r\nThis event occurs when a user performs a read operation on stored credentials in Credential Manager.\r\n"}, {"event_date_time": "Thu Apr 11 20:04:23 2024", "event_id": "5379", "computer": "HP", "category": 13824, "record": 1059527, "source": "Microsoft-Windows-Security-Auditing", "event_type": "EVENTLOG_AUDIT_SUCCESS", "message": "Credential Manager credentials were read.\r\n\r\nSubject:\r\n\tSecurity ID:\t\tS-1-5-21-4209720783-2618409851-3726521692-1001\r\n\tAccount Name:\t\tHP\r\n\tAccount Domain:\t\tHP\r\n\tLogon ID:\t\t0x604d2\r\n\tRead Operation:\t\t%%8100\r\n\r\nThis event occurs when a user performs a read operation on stored credentials in Credential Manager.\r\n"}, {"event_date_time": "Thu Apr 11 20:04:23 2024", "event_id": "5379", "computer": "HP", "category": 13824, "record": 1059526, "source": "Microsoft-Windows-Security-Auditing", "event_type": "EVENTLOG_AUDIT_SUCCESS", "message": "Credential Manager credentials were read.\r\n\r\nSubject:\r\n\tSecurity ID:\t\tS-1-5-21-4209720783-2618409851-3726521692-1001\r\n\tAccount Name:\t\tHP\r\n\tAccount Domain:\t\tHP\r\n\tLogon ID:\t\t0x604d2\r\n\tRead Operation:\t\t%%8100\r\n\r\nThis event occurs when a user performs a read operation on stored credentials in Credential Manager.\r\n"}, {"event_date_time": "Thu Apr 11 20:04:23 2024", "event_id": "5379", "computer": "HP", "category": 13824, "record": 1059525, "source": "Microsoft-Windows-Security-Auditing", "event_type": "EVENTLOG_AUDIT_SUCCESS", "message": "Credential Manager credentials were read.\r\n\r\nSubject:\r\n\tSecurity ID:\t\tS-1-5-21-4209720783-2618409851-3726521692-1001\r\n\tAccount Name:\t\tHP\r\n\tAccount Domain:\t\tHP\r\n\tLogon ID:\t\t0x604d2\r\n\tRead Operation:\t\t%%8100\r\n\r\nThis event occurs when a user performs a read operation on stored credentials in Credential Manager.\r\n"}, {"event_date_time": "Thu Apr 11 20:04:23 2024", "event_id": "5379", "computer": "HP", "category": 13824, "record": 1059524, "source": "Microsoft-Windows-Security-Auditing", "event_type": "EVENTLOG_AUDIT_SUCCESS", "message": "Credential Manager credentials were read.\r\n\r\nSubject:\r\n\tSecurity ID:\t\tS-1-5-21-4209720783-2618409851-3726521692-1001\r\n\tAccount Name:\t\tHP\r\n\tAccount Domain:\t\tHP\r\n\tLogon ID:\t\t0x604d2\r\n\tRead Operation:\t\t%%8100\r\n\r\nThis event occurs when a user performs a read operation on stored credentials in Credential Manager.\r\n"}, {"event_date_time": "Thu Apr 11 20:04:23 2024", "event_id": "5379", "computer": "HP", "category": 13824, "record": 1059523, "source": "Microsoft-Windows-Security-Auditing", "event_type": "EVENTLOG_AUDIT_SUCCESS", "message": "Credential Manager credentials were read.\r\n\r\nSubject:\r\n\tSecurity ID:\t\tS-1-5-21-4209720783-2618409851-3726521692-1001\r\n\tAccount Name:\t\tHP\r\n\tAccount Domain:\t\tHP\r\n\tLogon ID:\t\t0x604d2\r\n\tRead Operation:\t\t%%8100\r\n\r\nThis event occurs when a user performs a read operation on stored credentials in Credential Manager.\r\n"}, {"event_date_time": "Thu Apr 11 20:04:23 2024", "event_id": "5379", "computer": "HP", "category": 13824, "record": 1059522, "source": "Microsoft-Windows-Security-Auditing", "event_type": "EVENTLOG_AUDIT_SUCCESS", "message": "Credential Manager credentials were read.\r\n\r\nSubject:\r\n\tSecurity ID:\t\tS-1-5-21-4209720783-2618409851-3726521692-1001\r\n\tAccount Name:\t\tHP\r\n\tAccount Domain:\t\tHP\r\n\tLogon ID:\t\t0x604d2\r\n\tRead Operation:\t\t%%8100\r\n\r\nThis event occurs when a user performs a read operation on stored credentials in Credential Manager.\r\n"}, {"event_date_time": "Thu Apr 11 20:04:23 2024", "event_id": "5379", "computer": "HP", "category": 13824, "record": 1059521, "source": "Microsoft-Windows-Security-Auditing", "event_type": "EVENTLOG_AUDIT_SUCCESS", "message": "Credential Manager credentials were read.\r\n\r\nSubject:\r\n\tSecurity ID:\t\tS-1-5-21-4209720783-2618409851-3726521692-1001\r\n\tAccount Name:\t\tHP\r\n\tAccount Domain:\t\tHP\r\n\tLogon ID:\t\t0x604d2\r\n\tRead Operation:\t\t%%8100\r\n\r\nThis event occurs when a user performs a read operation on stored credentials in Credential Manager.\r\n"}, {"event_date_time": "Thu Apr 11 20:04:22 2024", "event_id": "5379", "computer": "HP", "category": 13824, "record": 1059520, "source": "Microsoft-Windows-Security-Auditing", "event_type": "EVENTLOG_AUDIT_SUCCESS", "message": "Credential Manager credentials were read.\r\n\r\nSubject:\r\n\tSecurity ID:\t\tS-1-5-21-4209720783-2618409851-3726521692-1001\r\n\tAccount Name:\t\tHP\r\n\tAccount Domain:\t\tHP\r\n\tLogon ID:\t\t0x604d2\r\n\tRead Operation:\t\t%%8100\r\n\r\nThis event occurs when a user performs a read operation on stored credentials in Credential Manager.\r\n"}, {"event_date_time": "Thu Apr 11 20:04:22 2024", "event_id": "5379", "computer": "HP", "category": 13824, "record": 1059519, "source": "Microsoft-Windows-Security-Auditing", "event_type": "EVENTLOG_AUDIT_SUCCESS", "message": "Credential Manager credentials were read.\r\n\r\nSubject:\r\n\tSecurity ID:\t\tS-1-5-21-4209720783-2618409851-3726521692-1001\r\n\tAccount Name:\t\tHP\r\n\tAccount Domain:\t\tHP\r\n\tLogon ID:\t\t0x604d2\r\n\tRead Operation:\t\t%%8100\r\n\r\nThis event occurs when a user performs a read operation on stored credentials in Credential Manager.\r\n"}, {"event_date_time": "Thu Apr 11 20:04:22 2024", "event_id": "5379", "computer": "HP", "category": 13824, "record": 1059518, "source": "Microsoft-Windows-Security-Auditing", "event_type": "EVENTLOG_AUDIT_SUCCESS", "message": "Credential Manager credentials were read.\r\n\r\nSubject:\r\n\tSecurity ID:\t\tS-1-5-21-4209720783-2618409851-3726521692-1001\r\n\tAccount Name:\t\tHP\r\n\tAccount Domain:\t\tHP\r\n\tLogon ID:\t\t0x604d2\r\n\tRead Operation:\t\t%%8100\r\n\r\nThis event occurs when a user performs a read operation on stored credentials in Credential Manager.\r\n"}, {"event_date_time": "Thu Apr 11 20:04:22 2024", "event_id": "5379", "computer": "HP", "category": 13824, "record": 1059517, "source": "Microsoft-Windows-Security-Auditing", "event_type": "EVENTLOG_AUDIT_SUCCESS", "message": "Credential Manager credentials were read.\r\n\r\nSubject:\r\n\tSecurity ID:\t\tS-1-5-21-4209720783-2618409851-3726521692-1001\r\n\tAccount Name:\t\tHP\r\n\tAccount Domain:\t\tHP\r\n\tLogon ID:\t\t0x604d2\r\n\tRead Operation:\t\t%%8100\r\n\r\nThis event occurs when a user performs a read operation on stored credentials in Credential Manager.\r\n"}, {"event_date_time": "Thu Apr 11 20:04:22 2024", "event_id": "5379", "computer": "HP", "category": 13824, "record": 1059516, "source": "Microsoft-Windows-Security-Auditing", "event_type": "EVENTLOG_AUDIT_SUCCESS", "message": "Credential Manager credentials were read.\r\n\r\nSubject:\r\n\tSecurity ID:\t\tS-1-5-21-4209720783-2618409851-3726521692-1001\r\n\tAccount Name:\t\tHP\r\n\tAccount Domain:\t\tHP\r\n\tLogon ID:\t\t0x604d2\r\n\tRead Operation:\t\t%%8100\r\n\r\nThis event occurs when a user performs a read operation on stored credentials in Credential Manager.\r\n"}, {"event_date_time": "Thu Apr 11 20:04:22 2024", "event_id": "5379", "computer": "HP", "category": 13824, "record": 1059515, "source": "Microsoft-Windows-Security-Auditing", "event_type": "EVENTLOG_AUDIT_SUCCESS", "message": "Credential Manager credentials were read.\r\n\r\nSubject:\r\n\tSecurity ID:\t\tS-1-5-21-4209720783-2618409851-3726521692-1001\r\n\tAccount Name:\t\tHP\r\n\tAccount Domain:\t\tHP\r\n\tLogon ID:\t\t0x604d2\r\n\tRead Operation:\t\t%%8100\r\n\r\nThis event occurs when a user performs a read operation on stored credentials in Credential Manager.\r\n"}, {"event_date_time": "Thu Apr 11 20:04:22 2024", "event_id": "5379", "computer": "HP", "category": 13824, "record": 1059514, "source": "Microsoft-Windows-Security-Auditing", "event_type": "EVENTLOG_AUDIT_SUCCESS", "message": "Credential Manager credentials were read.\r\n\r\nSubject:\r\n\tSecurity ID:\t\tS-1-5-21-4209720783-2618409851-3726521692-1001\r\n\tAccount Name:\t\tHP\r\n\tAccount Domain:\t\tHP\r\n\tLogon ID:\t\t0x604d2\r\n\tRead Operation:\t\t%%8100\r\n\r\nThis event occurs when a user performs a read operation on stored credentials in Credential Manager.\r\n"}, {"event_date_time": "Thu Apr 11 20:04:22 2024", "event_id": "5379", "computer": "HP", "category": 13824, "record": 1059513, "source": "Microsoft-Windows-Security-Auditing", "event_type": "EVENTLOG_AUDIT_SUCCESS", "message": "Credential Manager credentials were read.\r\n\r\nSubject:\r\n\tSecurity ID:\t\tS-1-5-21-4209720783-2618409851-3726521692-1001\r\n\tAccount Name:\t\tHP\r\n\tAccount Domain:\t\tHP\r\n\tLogon ID:\t\t0x604d2\r\n\tRead Operation:\t\t%%8100\r\n\r\nThis event occurs when a user performs a read operation on stored credentials in Credential Manager.\r\n"}, {"event_date_time": "Thu Apr 11 20:04:22 2024", "event_id": "5379", "computer": "HP", "category": 13824, "record": 1059512, "source": "Microsoft-Windows-Security-Auditing", "event_type": "EVENTLOG_AUDIT_SUCCESS", "message": "Credential Manager credentials were read.\r\n\r\nSubject:\r\n\tSecurity ID:\t\tS-1-5-21-4209720783-2618409851-3726521692-1001\r\n\tAccount Name:\t\tHP\r\n\tAccount Domain:\t\tHP\r\n\tLogon ID:\t\t0x604d2\r\n\tRead Operation:\t\t%%8100\r\n\r\nThis event occurs when a user performs a read operation on stored credentials in Credential Manager.\r\n"}, {"event_date_time": "Thu Apr 11 20:04:22 2024", "event_id": "5379", "computer": "HP", "category": 13824, "record": 1059511, "source": "Microsoft-Windows-Security-Auditing", "event_type": "EVENTLOG_AUDIT_SUCCESS", "message": "Credential Manager credentials were read.\r\n\r\nSubject:\r\n\tSecurity ID:\t\tS-1-5-21-4209720783-2618409851-3726521692-1001\r\n\tAccount Name:\t\tHP\r\n\tAccount Domain:\t\tHP\r\n\tLogon ID:\t\t0x604d2\r\n\tRead Operation:\t\t%%8100\r\n\r\nThis event occurs when a user performs a read operation on stored credentials in Credential Manager.\r\n"}, {"event_date_time": "Thu Apr 11 20:04:22 2024", "event_id": "5379", "computer": "HP", "category": 13824, "record": 1059510, "source": "Microsoft-Windows-Security-Auditing", "event_type": "EVENTLOG_AUDIT_SUCCESS", "message": "Credential Manager credentials were read.\r\n\r\nSubject:\r\n\tSecurity ID:\t\tS-1-5-21-4209720783-2618409851-3726521692-1001\r\n\tAccount Name:\t\tHP\r\n\tAccount Domain:\t\tHP\r\n\tLogon ID:\t\t0x604d2\r\n\tRead Operation:\t\t%%8100\r\n\r\nThis event occurs when a user performs a read operation on stored credentials in Credential Manager.\r\n"}, {"event_date_time": "Thu Apr 11 20:04:22 2024", "event_id": "5379", "computer": "HP", "category": 13824, "record": 1059509, "source": "Microsoft-Windows-Security-Auditing", "event_type": "EVENTLOG_AUDIT_SUCCESS", "message": "Credential Manager credentials were read.\r\n\r\nSubject:\r\n\tSecurity ID:\t\tS-1-5-21-4209720783-2618409851-3726521692-1001\r\n\tAccount Name:\t\tHP\r\n\tAccount Domain:\t\tHP\r\n\tLogon ID:\t\t0x604d2\r\n\tRead Operation:\t\t%%8100\r\n\r\nThis event occurs when a user performs a read operation on stored credentials in Credential Manager.\r\n"}, {"event_date_time": "Thu Apr 11 20:04:22 2024", "event_id": "5379", "computer": "HP", "category": 13824, "record": 1059508, "source": "Microsoft-Windows-Security-Auditing", "event_type": "EVENTLOG_AUDIT_SUCCESS", "message": "Credential Manager credentials were read.\r\n\r\nSubject:\r\n\tSecurity ID:\t\tS-1-5-21-4209720783-2618409851-3726521692-1001\r\n\tAccount Name:\t\tHP\r\n\tAccount Domain:\t\tHP\r\n\tLogon ID:\t\t0x604d2\r\n\tRead Operation:\t\t%%8100\r\n\r\nThis event occurs when a user performs a read operation on stored credentials in Credential Manager.\r\n"}, {"event_date_time": "Thu Apr 11 20:04:22 2024", "event_id": "5379", "computer": "HP", "category": 13824, "record": 1059507, "source": "Microsoft-Windows-Security-Auditing", "event_type": "EVENTLOG_AUDIT_SUCCESS", "message": "Credential Manager credentials were read.\r\n\r\nSubject:\r\n\tSecurity ID:\t\tS-1-5-21-4209720783-2618409851-3726521692-1001\r\n\tAccount Name:\t\tHP\r\n\tAccount Domain:\t\tHP\r\n\tLogon ID:\t\t0x604d2\r\n\tRead Operation:\t\t%%8100\r\n\r\nThis event occurs when a user performs a read operation on stored credentials in Credential Manager.\r\n"}, {"event_date_time": "Thu Apr 11 20:04:22 2024", "event_id": "5379", "computer": "HP", "category": 13824, "record": 1059506, "source": "Microsoft-Windows-Security-Auditing", "event_type": "EVENTLOG_AUDIT_SUCCESS", "message": "Credential Manager credentials were read.\r\n\r\nSubject:\r\n\tSecurity ID:\t\tS-1-5-21-4209720783-2618409851-3726521692-1001\r\n\tAccount Name:\t\tHP\r\n\tAccount Domain:\t\tHP\r\n\tLogon ID:\t\t0x604d2\r\n\tRead Operation:\t\t%%8100\r\n\r\nThis event occurs when a user performs a read operation on stored credentials in Credential Manager.\r\n"}, {"event_date_time": "Thu Apr 11 20:04:22 2024", "event_id": "5379", "computer": "HP", "category": 13824, "record": 1059505, "source": "Microsoft-Windows-Security-Auditing", "event_type": "EVENTLOG_AUDIT_SUCCESS", "message": "Credential Manager credentials were read.\r\n\r\nSubject:\r\n\tSecurity ID:\t\tS-1-5-21-4209720783-2618409851-3726521692-1001\r\n\tAccount Name:\t\tHP\r\n\tAccount Domain:\t\tHP\r\n\tLogon ID:\t\t0x604d2\r\n\tRead Operation:\t\t%%8100\r\n\r\nThis event occurs when a user performs a read operation on stored credentials in Credential Manager.\r\n"}, {"event_date_time": "Thu Apr 11 20:04:22 2024", "event_id": "5379", "computer": "HP", "category": 13824, "record": 1059504, "source": "Microsoft-Windows-Security-Auditing", "event_type": "EVENTLOG_AUDIT_SUCCESS", "message": "Credential Manager credentials were read.\r\n\r\nSubject:\r\n\tSecurity ID:\t\tS-1-5-21-4209720783-2618409851-3726521692-1001\r\n\tAccount Name:\t\tHP\r\n\tAccount Domain:\t\tHP\r\n\tLogon ID:\t\t0x604d2\r\n\tRead Operation:\t\t%%8100\r\n\r\nThis event occurs when a user performs a read operation on stored credentials in Credential Manager.\r\n"}, {"event_date_time": "Thu Apr 11 20:04:22 2024", "event_id": "5379", "computer": "HP", "category": 13824, "record": 1059503, "source": "Microsoft-Windows-Security-Auditing", "event_type": "EVENTLOG_AUDIT_SUCCESS", "message": "Credential Manager credentials were read.\r\n\r\nSubject:\r\n\tSecurity ID:\t\tS-1-5-21-4209720783-2618409851-3726521692-1001\r\n\tAccount Name:\t\tHP\r\n\tAccount Domain:\t\tHP\r\n\tLogon ID:\t\t0x604d2\r\n\tRead Operation:\t\t%%8100\r\n\r\nThis event occurs when a user performs a read operation on stored credentials in Credential Manager.\r\n"}, {"event_date_time": "Thu Apr 11 20:04:22 2024", "event_id": "5379", "computer": "HP", "category": 13824, "record": 1059502, "source": "Microsoft-Windows-Security-Auditing", "event_type": "EVENTLOG_AUDIT_SUCCESS", "message": "Credential Manager credentials were read.\r\n\r\nSubject:\r\n\tSecurity ID:\t\tS-1-5-21-4209720783-2618409851-3726521692-1001\r\n\tAccount Name:\t\tHP\r\n\tAccount Domain:\t\tHP\r\n\tLogon ID:\t\t0x604d2\r\n\tRead Operation:\t\t%%8100\r\n\r\nThis event occurs when a user performs a read operation on stored credentials in Credential Manager.\r\n"}, {"event_date_time": "Thu Apr 11 20:04:22 2024", "event_id": "5379", "computer": "HP", "category": 13824, "record": 1059501, "source": "Microsoft-Windows-Security-Auditing", "event_type": "EVENTLOG_AUDIT_SUCCESS", "message": "Credential Manager credentials were read.\r\n\r\nSubject:\r\n\tSecurity ID:\t\tS-1-5-21-4209720783-2618409851-3726521692-1001\r\n\tAccount Name:\t\tHP\r\n\tAccount Domain:\t\tHP\r\n\tLogon ID:\t\t0x604d2\r\n\tRead Operation:\t\t%%8100\r\n\r\nThis event occurs when a user performs a read operation on stored credentials in Credential Manager.\r\n"}, {"event_date_time": "Thu Apr 11 20:04:22 2024", "event_id": "5379", "computer": "HP", "category": 13824, "record": 1059500, "source": "Microsoft-Windows-Security-Auditing", "event_type": "EVENTLOG_AUDIT_SUCCESS", "message": "Credential Manager credentials were read.\r\n\r\nSubject:\r\n\tSecurity ID:\t\tS-1-5-21-4209720783-2618409851-3726521692-1001\r\n\tAccount Name:\t\tHP\r\n\tAccount Domain:\t\tHP\r\n\tLogon ID:\t\t0x604d2\r\n\tRead Operation:\t\t%%8100\r\n\r\nThis event occurs when a user performs a read operation on stored credentials in Credential Manager.\r\n"}, {"event_date_time": "Thu Apr 11 20:04:22 2024", "event_id": "4672", "computer": "HP", "category": 12548, "record": 1059499, "source": "Microsoft-Windows-Security-Auditing", "event_type": "EVENTLOG_AUDIT_SUCCESS", "message": "Special privileges assigned to new logon.\r\n\r\nSubject:\r\n\tSecurity ID:\t\tS-1-5-18\r\n\tAccount Name:\t\tSYSTEM\r\n\tAccount Domain:\t\tNT AUTHORITY\r\n\tLogon ID:\t\t0x3e7\r\n\r\nPrivileges:\t\tSeAssignPrimaryTokenPrivilege\r\n\t\t\tSeTcbPrivilege\r\n\t\t\tSeSecurityPrivilege\r\n\t\t\tSeTakeOwnershipPrivilege\r\n\t\t\tSeLoadDriverPrivilege\r\n\t\t\tSeBackupPrivilege\r\n\t\t\tSeRestorePrivilege\r\n\t\t\tSeDebugPrivilege\r\n\t\t\tSeAuditPrivilege\r\n\t\t\tSeSystemEnvironmentPrivilege\r\n\t\t\tSeImpersonatePrivilege\r\n\t\t\tSeDelegateSessionUserImpersonatePrivilege\r\n"}, {"event_date_time": "Thu Apr 11 20:04:22 2024", "event_id": "4624", "computer": "HP", "category": 12544, "record": 1059498, "source": "Microsoft-Windows-Security-Auditing", "event_type": "EVENTLOG_AUDIT_SUCCESS", "message": "An account was successfully logged on.\r\n\r\nSubject:\r\n\tSecurity ID:\t\tS-1-5-18\r\n\tAccount Name:\t\tHP$\r\n\tAccount Domain:\t\tWORKGROUP\r\n\tLogon ID:\t\t0x3e7\r\n\r\nLogon Information:\r\n\tLogon Type:\t\t5\r\n\tRestricted Admin Mode:\t-\r\n\tRemote Credential Guard:\t-\r\n\tVirtual Account:\t\t%%1843\r\n\tElevated Token:\t\t%%1842\r\n\r\nImpersonation Level:\t\t%%1833\r\n\r\nNew Logon:\r\n\tSecurity ID:\t\tS-1-5-18\r\n\tAccount Name:\t\tSYSTEM\r\n\tAccount Domain:\t\tNT AUTHORITY\r\n\tLogon ID:\t\t0x3e7\r\n\tLinked Logon ID:\t\t0x0\r\n\tNetwork Account Name:\t-\r\n\tNetwork Account Domain:\t-\r\n\tLogon GUID:\t\t{00000000-0000-0000-0000-000000000000}\r\n\r\nProcess Information:\r\n\tProcess ID:\t\t0x4dc\r\n\tProcess Name:\t\tC:\\Windows\\System32\\services.exe\r\n\r\nNetwork Information:\r\n\tWorkstation Name:\t-\r\n\tSource Network Address:\t-\r\n\tSource Port:\t\t-\r\n\r\nDetailed Authentication Information:\r\n\tLogon Process:\t\tAdvapi  \r\n\tAuthentication Package:\tNegotiate\r\n\tTransited Services:\t-\r\n\tPackage Name (NTLM only):\t-\r\n\tKey Length:\t\t0\r\n\r\nThis event is generated when a logon session is created. It is generated on the computer that was accessed.\r\n\r\nThe subject fields indicate the account on the local system which requested the logon. This is most commonly a service such as the Server service, or a local process such as Winlogon.exe or Services.exe.\r\n\r\nThe logon type field indicates the kind of logon that occurred. The most common types are 2 (interactive) and 3 (network).\r\n\r\nThe New Logon fields indicate the account for whom the new logon was created, i.e. the account that was logged on.\r\n\r\nThe network fields indicate where a remote logon request originated. Workstation name is not always available and may be left blank in some cases.\r\n\r\nThe impersonation level field indicates the extent to which a process in the logon session can impersonate.\r\n\r\nThe authentication information fields provide detailed information about this specific logon request.\r\n\t- Logon GUID is a unique identifier that can be used to correlate this event with a KDC event.\r\n\t- Transited services indicate which intermediate services have participated in this logon request.\r\n\t- Package name indicates which sub-protocol was used among the NTLM protocols.\r\n\t- Key length indicates the length of the generated session key. This will be 0 if no session key was requested.\r\n"}, {"event_date_time": "Thu Apr 11 20:04:22 2024", "event_id": "4672", "computer": "HP", "category": 12548, "record": 1059497, "source": "Microsoft-Windows-Security-Auditing", "event_type": "EVENTLOG_AUDIT_SUCCESS", "message": "Special privileges assigned to new logon.\r\n\r\nSubject:\r\n\tSecurity ID:\t\tS-1-5-18\r\n\tAccount Name:\t\tSYSTEM\r\n\tAccount Domain:\t\tNT AUTHORITY\r\n\tLogon ID:\t\t0x3e7\r\n\r\nPrivileges:\t\tSeAssignPrimaryTokenPrivilege\r\n\t\t\tSeTcbPrivilege\r\n\t\t\tSeSecurityPrivilege\r\n\t\t\tSeTakeOwnershipPrivilege\r\n\t\t\tSeLoadDriverPrivilege\r\n\t\t\tSeBackupPrivilege\r\n\t\t\tSeRestorePrivilege\r\n\t\t\tSeDebugPrivilege\r\n\t\t\tSeAuditPrivilege\r\n\t\t\tSeSystemEnvironmentPrivilege\r\n\t\t\tSeImpersonatePrivilege\r\n\t\t\tSeDelegateSessionUserImpersonatePrivilege\r\n"}, {"event_date_time": "Thu Apr 11 20:04:22 2024", "event_id": "4624", "computer": "HP", "category": 12544, "record": 1059496, "source": "Microsoft-Windows-Security-Auditing", "event_type": "EVENTLOG_AUDIT_SUCCESS", "message": "An account was successfully logged on.\r\n\r\nSubject:\r\n\tSecurity ID:\t\tS-1-5-18\r\n\tAccount Name:\t\tHP$\r\n\tAccount Domain:\t\tWORKGROUP\r\n\tLogon ID:\t\t0x3e7\r\n\r\nLogon Information:\r\n\tLogon Type:\t\t5\r\n\tRestricted Admin Mode:\t-\r\n\tRemote Credential Guard:\t-\r\n\tVirtual Account:\t\t%%1843\r\n\tElevated Token:\t\t%%1842\r\n\r\nImpersonation Level:\t\t%%1833\r\n\r\nNew Logon:\r\n\tSecurity ID:\t\tS-1-5-18\r\n\tAccount Name:\t\tSYSTEM\r\n\tAccount Domain:\t\tNT AUTHORITY\r\n\tLogon ID:\t\t0x3e7\r\n\tLinked Logon ID:\t\t0x0\r\n\tNetwork Account Name:\t-\r\n\tNetwork Account Domain:\t-\r\n\tLogon GUID:\t\t{00000000-0000-0000-0000-000000000000}\r\n\r\nProcess Information:\r\n\tProcess ID:\t\t0x4dc\r\n\tProcess Name:\t\tC:\\Windows\\System32\\services.exe\r\n\r\nNetwork Information:\r\n\tWorkstation Name:\t-\r\n\tSource Network Address:\t-\r\n\tSource Port:\t\t-\r\n\r\nDetailed Authentication Information:\r\n\tLogon Process:\t\tAdvapi  \r\n\tAuthentication Package:\tNegotiate\r\n\tTransited Services:\t-\r\n\tPackage Name (NTLM only):\t-\r\n\tKey Length:\t\t0\r\n\r\nThis event is generated when a logon session is created. It is generated on the computer that was accessed.\r\n\r\nThe subject fields indicate the account on the local system which requested the logon. This is most commonly a service such as the Server service, or a local process such as Winlogon.exe or Services.exe.\r\n\r\nThe logon type field indicates the kind of logon that occurred. The most common types are 2 (interactive) and 3 (network).\r\n\r\nThe New Logon fields indicate the account for whom the new logon was created, i.e. the account that was logged on.\r\n\r\nThe network fields indicate where a remote logon request originated. Workstation name is not always available and may be left blank in some cases.\r\n\r\nThe impersonation level field indicates the extent to which a process in the logon session can impersonate.\r\n\r\nThe authentication information fields provide detailed information about this specific logon request.\r\n\t- Logon GUID is a unique identifier that can be used to correlate this event with a KDC event.\r\n\t- Transited services indicate which intermediate services have participated in this logon request.\r\n\t- Package name indicates which sub-protocol was used among the NTLM protocols.\r\n\t- Key length indicates the length of the generated session key. This will be 0 if no session key was requested.\r\n"}, {"event_date_time": "Thu Apr 11 20:04:20 2024", "event_id": "5379", "computer": "HP", "category": 13824, "record": 1059495, "source": "Microsoft-Windows-Security-Auditing", "event_type": "EVENTLOG_AUDIT_SUCCESS", "message": "Credential Manager credentials were read.\r\n\r\nSubject:\r\n\tSecurity ID:\t\tS-1-5-21-4209720783-2618409851-3726521692-1001\r\n\tAccount Name:\t\tHP\r\n\tAccount Domain:\t\tHP\r\n\tLogon ID:\t\t0x604d2\r\n\tRead Operation:\t\t%%8100\r\n\r\nThis event occurs when a user performs a read operation on stored credentials in Credential Manager.\r\n"}, {"event_date_time": "Thu Apr 11 20:04:20 2024", "event_id": "4798", "computer": "HP", "category": 13824, "record": 1059494, "source": "Microsoft-Windows-Security-Auditing", "event_type": "EVENTLOG_AUDIT_SUCCESS", "message": "A user's local group membership was enumerated.\r\n\r\nSubject:\r\n\tSecurity ID:\t\tS-1-5-18\r\n\tAccount Name:\t\tHP$\r\n\tAccount Domain:\t\tWORKGROUP\r\n\tLogon ID:\t\t0x3e7\r\n\r\nUser:\r\n\tSecurity ID:\t\tS-1-5-21-4209720783-2618409851-3726521692-1001\r\n\tAccount Name:\t\tHP\r\n\tAccount Domain:\t\tHP\r\n\r\nProcess Information:\r\n\tProcess ID:\t\t0x16e4\r\n\tProcess Name:\t\tC:\\Windows\\System32\\taskhostw.exe\r\n"}, {"event_date_time": "Thu Apr 11 20:04:20 2024", "event_id": "4798", "computer": "HP", "category": 13824, "record": 1059493, "source": "Microsoft-Windows-Security-Auditing", "event_type": "EVENTLOG_AUDIT_SUCCESS", "message": "A user's local group membership was enumerated.\r\n\r\nSubject:\r\n\tSecurity ID:\t\tS-1-5-18\r\n\tAccount Name:\t\tHP$\r\n\tAccount Domain:\t\tWORKGROUP\r\n\tLogon ID:\t\t0x3e7\r\n\r\nUser:\r\n\tSecurity ID:\t\tS-1-5-21-4209720783-2618409851-3726521692-501\r\n\tAccount Name:\t\tGuest\r\n\tAccount Domain:\t\tHP\r\n\r\nProcess Information:\r\n\tProcess ID:\t\t0x16e4\r\n\tProcess Name:\t\tC:\\Windows\\System32\\taskhostw.exe\r\n"}, {"event_date_time": "Thu Apr 11 20:04:20 2024", "event_id": "4798", "computer": "HP", "category": 13824, "record": 1059492, "source": "Microsoft-Windows-Security-Auditing", "event_type": "EVENTLOG_AUDIT_SUCCESS", "message": "A user's local group membership was enumerated.\r\n\r\nSubject:\r\n\tSecurity ID:\t\tS-1-5-18\r\n\tAccount Name:\t\tHP$\r\n\tAccount Domain:\t\tWORKGROUP\r\n\tLogon ID:\t\t0x3e7\r\n\r\nUser:\r\n\tSecurity ID:\t\tS-1-5-21-4209720783-2618409851-3726521692-1000\r\n\tAccount Name:\t\tdefaultuser0\r\n\tAccount Domain:\t\tHP\r\n\r\nProcess Information:\r\n\tProcess ID:\t\t0x16e4\r\n\tProcess Name:\t\tC:\\Windows\\System32\\taskhostw.exe\r\n"}, {"event_date_time": "Thu Apr 11 20:04:20 2024", "event_id": "4798", "computer": "HP", "category": 13824, "record": 1059491, "source": "Microsoft-Windows-Security-Auditing", "event_type": "EVENTLOG_AUDIT_SUCCESS", "message": "A user's local group membership was enumerated.\r\n\r\nSubject:\r\n\tSecurity ID:\t\tS-1-5-18\r\n\tAccount Name:\t\tHP$\r\n\tAccount Domain:\t\tWORKGROUP\r\n\tLogon ID:\t\t0x3e7\r\n\r\nUser:\r\n\tSecurity ID:\t\tS-1-5-21-4209720783-2618409851-3726521692-503\r\n\tAccount Name:\t\tDefaultAccount\r\n\tAccount Domain:\t\tHP\r\n\r\nProcess Information:\r\n\tProcess ID:\t\t0x16e4\r\n\tProcess Name:\t\tC:\\Windows\\System32\\taskhostw.exe\r\n"}, {"event_date_time": "Thu Apr 11 20:04:20 2024", "event_id": "4798", "computer": "HP", "category": 13824, "record": 1059490, "source": "Microsoft-Windows-Security-Auditing", "event_type": "EVENTLOG_AUDIT_SUCCESS", "message": "A user's local group membership was enumerated.\r\n\r\nSubject:\r\n\tSecurity ID:\t\tS-1-5-18\r\n\tAccount Name:\t\tHP$\r\n\tAccount Domain:\t\tWORKGROUP\r\n\tLogon ID:\t\t0x3e7\r\n\r\nUser:\r\n\tSecurity ID:\t\tS-1-5-21-4209720783-2618409851-3726521692-500\r\n\tAccount Name:\t\tAdministrator\r\n\tAccount Domain:\t\tHP\r\n\r\nProcess Information:\r\n\tProcess ID:\t\t0x16e4\r\n\tProcess Name:\t\tC:\\Windows\\System32\\taskhostw.exe\r\n"}, {"event_date_time": "Thu Apr 11 20:04:20 2024", "event_id": "5379", "computer": "HP", "category": 13824, "record": 1059489, "source": "Microsoft-Windows-Security-Auditing", "event_type": "EVENTLOG_AUDIT_SUCCESS", "message": "Credential Manager credentials were read.\r\n\r\nSubject:\r\n\tSecurity ID:\t\tS-1-5-21-4209720783-2618409851-3726521692-1001\r\n\tAccount Name:\t\tHP\r\n\tAccount Domain:\t\tHP\r\n\tLogon ID:\t\t0x604d2\r\n\tRead Operation:\t\t%%8100\r\n\r\nThis event occurs when a user performs a read operation on stored credentials in Credential Manager.\r\n"}, {"event_date_time": "Thu Apr 11 20:04:20 2024", "event_id": "5379", "computer": "HP", "category": 13824, "record": 1059488, "source": "Microsoft-Windows-Security-Auditing", "event_type": "EVENTLOG_AUDIT_SUCCESS", "message": "Credential Manager credentials were read.\r\n\r\nSubject:\r\n\tSecurity ID:\t\tS-1-5-21-4209720783-2618409851-3726521692-1001\r\n\tAccount Name:\t\tHP\r\n\tAccount Domain:\t\tHP\r\n\tLogon ID:\t\t0x604d2\r\n\tRead Operation:\t\t%%8100\r\n\r\nThis event occurs when a user performs a read operation on stored credentials in Credential Manager.\r\n"}, {"event_date_time": "Thu Apr 11 20:04:20 2024", "event_id": "5379", "computer": "HP", "category": 13824, "record": 1059487, "source": "Microsoft-Windows-Security-Auditing", "event_type": "EVENTLOG_AUDIT_SUCCESS", "message": "Credential Manager credentials were read.\r\n\r\nSubject:\r\n\tSecurity ID:\t\tS-1-5-21-4209720783-2618409851-3726521692-1001\r\n\tAccount Name:\t\tHP\r\n\tAccount Domain:\t\tHP\r\n\tLogon ID:\t\t0x604d2\r\n\tRead Operation:\t\t%%8100\r\n\r\nThis event occurs when a user performs a read operation on stored credentials in Credential Manager.\r\n"}, {"event_date_time": "Thu Apr 11 20:04:20 2024", "event_id": "5379", "computer": "HP", "category": 13824, "record": 1059486, "source": "Microsoft-Windows-Security-Auditing", "event_type": "EVENTLOG_AUDIT_SUCCESS", "message": "Credential Manager credentials were read.\r\n\r\nSubject:\r\n\tSecurity ID:\t\tS-1-5-21-4209720783-2618409851-3726521692-1001\r\n\tAccount Name:\t\tHP\r\n\tAccount Domain:\t\tHP\r\n\tLogon ID:\t\t0x604d2\r\n\tRead Operation:\t\t%%8100\r\n\r\nThis event occurs when a user performs a read operation on stored credentials in Credential Manager.\r\n"}, {"event_date_time": "Thu Apr 11 20:04:20 2024", "event_id": "5379", "computer": "HP", "category": 13824, "record": 1059485, "source": "Microsoft-Windows-Security-Auditing", "event_type": "EVENTLOG_AUDIT_SUCCESS", "message": "Credential Manager credentials were read.\r\n\r\nSubject:\r\n\tSecurity ID:\t\tS-1-5-21-4209720783-2618409851-3726521692-1001\r\n\tAccount Name:\t\tHP\r\n\tAccount Domain:\t\tHP\r\n\tLogon ID:\t\t0x604d2\r\n\tRead Operation:\t\t%%8100\r\n\r\nThis event occurs when a user performs a read operation on stored credentials in Credential Manager.\r\n"}, {"event_date_time": "Thu Apr 11 20:04:20 2024", "event_id": "5379", "computer": "HP", "category": 13824, "record": 1059484, "source": "Microsoft-Windows-Security-Auditing", "event_type": "EVENTLOG_AUDIT_SUCCESS", "message": "Credential Manager credentials were read.\r\n\r\nSubject:\r\n\tSecurity ID:\t\tS-1-5-21-4209720783-2618409851-3726521692-1001\r\n\tAccount Name:\t\tHP\r\n\tAccount Domain:\t\tHP\r\n\tLogon ID:\t\t0x604d2\r\n\tRead Operation:\t\t%%8100\r\n\r\nThis event occurs when a user performs a read operation on stored credentials in Credential Manager.\r\n"}, {"event_date_time": "Thu Apr 11 20:04:20 2024", "event_id": "5379", "computer": "HP", "category": 13824, "record": 1059483, "source": "Microsoft-Windows-Security-Auditing", "event_type": "EVENTLOG_AUDIT_SUCCESS", "message": "Credential Manager credentials were read.\r\n\r\nSubject:\r\n\tSecurity ID:\t\tS-1-5-21-4209720783-2618409851-3726521692-1001\r\n\tAccount Name:\t\tHP\r\n\tAccount Domain:\t\tHP\r\n\tLogon ID:\t\t0x604d2\r\n\tRead Operation:\t\t%%8100\r\n\r\nThis event occurs when a user performs a read operation on stored credentials in Credential Manager.\r\n"}, {"event_date_time": "Thu Apr 11 16:45:09 2024", "event_id": "4798", "computer": "HP", "category": 13824, "record": 1059482, "source": "Microsoft-Windows-Security-Auditing", "event_type": "EVENTLOG_AUDIT_SUCCESS", "message": "A user's local group membership was enumerated.\r\n\r\nSubject:\r\n\tSecurity ID:\t\tS-1-5-18\r\n\tAccount Name:\t\tHP$\r\n\tAccount Domain:\t\tWORKGROUP\r\n\tLogon ID:\t\t0x3e7\r\n\r\nUser:\r\n\tSecurity ID:\t\tS-1-5-21-4209720783-2618409851-3726521692-1001\r\n\tAccount Name:\t\tHP\r\n\tAccount Domain:\t\tHP\r\n\r\nProcess Information:\r\n\tProcess ID:\t\t0x429c\r\n\tProcess Name:\t\tC:\\Windows\\System32\\LogonUI.exe\r\n"}, {"event_date_time": "Thu Apr 11 16:45:08 2024", "event_id": "4672", "computer": "HP", "category": 12548, "record": 1059481, "source": "Microsoft-Windows-Security-Auditing", "event_type": "EVENTLOG_AUDIT_SUCCESS", "message": "Special privileges assigned to new logon.\r\n\r\nSubject:\r\n\tSecurity ID:\t\tS-1-5-18\r\n\tAccount Name:\t\tSYSTEM\r\n\tAccount Domain:\t\tNT AUTHORITY\r\n\tLogon ID:\t\t0x3e7\r\n\r\nPrivileges:\t\tSeAssignPrimaryTokenPrivilege\r\n\t\t\tSeTcbPrivilege\r\n\t\t\tSeSecurityPrivilege\r\n\t\t\tSeTakeOwnershipPrivilege\r\n\t\t\tSeLoadDriverPrivilege\r\n\t\t\tSeBackupPrivilege\r\n\t\t\tSeRestorePrivilege\r\n\t\t\tSeDebugPrivilege\r\n\t\t\tSeAuditPrivilege\r\n\t\t\tSeSystemEnvironmentPrivilege\r\n\t\t\tSeImpersonatePrivilege\r\n\t\t\tSeDelegateSessionUserImpersonatePrivilege\r\n"}, {"event_date_time": "Thu Apr 11 16:45:08 2024", "event_id": "4624", "computer": "HP", "category": 12544, "record": 1059480, "source": "Microsoft-Windows-Security-Auditing", "event_type": "EVENTLOG_AUDIT_SUCCESS", "message": "An account was successfully logged on.\r\n\r\nSubject:\r\n\tSecurity ID:\t\tS-1-5-18\r\n\tAccount Name:\t\tHP$\r\n\tAccount Domain:\t\tWORKGROUP\r\n\tLogon ID:\t\t0x3e7\r\n\r\nLogon Information:\r\n\tLogon Type:\t\t5\r\n\tRestricted Admin Mode:\t-\r\n\tRemote Credential Guard:\t-\r\n\tVirtual Account:\t\t%%1843\r\n\tElevated Token:\t\t%%1842\r\n\r\nImpersonation Level:\t\t%%1833\r\n\r\nNew Logon:\r\n\tSecurity ID:\t\tS-1-5-18\r\n\tAccount Name:\t\tSYSTEM\r\n\tAccount Domain:\t\tNT AUTHORITY\r\n\tLogon ID:\t\t0x3e7\r\n\tLinked Logon ID:\t\t0x0\r\n\tNetwork Account Name:\t-\r\n\tNetwork Account Domain:\t-\r\n\tLogon GUID:\t\t{00000000-0000-0000-0000-000000000000}\r\n\r\nProcess Information:\r\n\tProcess ID:\t\t0x4dc\r\n\tProcess Name:\t\tC:\\Windows\\System32\\services.exe\r\n\r\nNetwork Information:\r\n\tWorkstation Name:\t-\r\n\tSource Network Address:\t-\r\n\tSource Port:\t\t-\r\n\r\nDetailed Authentication Information:\r\n\tLogon Process:\t\tAdvapi  \r\n\tAuthentication Package:\tNegotiate\r\n\tTransited Services:\t-\r\n\tPackage Name (NTLM only):\t-\r\n\tKey Length:\t\t0\r\n\r\nThis event is generated when a logon session is created. It is generated on the computer that was accessed.\r\n\r\nThe subject fields indicate the account on the local system which requested the logon. This is most commonly a service such as the Server service, or a local process such as Winlogon.exe or Services.exe.\r\n\r\nThe logon type field indicates the kind of logon that occurred. The most common types are 2 (interactive) and 3 (network).\r\n\r\nThe New Logon fields indicate the account for whom the new logon was created, i.e. the account that was logged on.\r\n\r\nThe network fields indicate where a remote logon request originated. Workstation name is not always available and may be left blank in some cases.\r\n\r\nThe impersonation level field indicates the extent to which a process in the logon session can impersonate.\r\n\r\nThe authentication information fields provide detailed information about this specific logon request.\r\n\t- Logon GUID is a unique identifier that can be used to correlate this event with a KDC event.\r\n\t- Transited services indicate which intermediate services have participated in this logon request.\r\n\t- Package name indicates which sub-protocol was used among the NTLM protocols.\r\n\t- Key length indicates the length of the generated session key. This will be 0 if no session key was requested.\r\n"}, {"event_date_time": "Thu Apr 11 16:43:20 2024", "event_id": "4798", "computer": "HP", "category": 13824, "record": 1059479, "source": "Microsoft-Windows-Security-Auditing", "event_type": "EVENTLOG_AUDIT_SUCCESS", "message": "A user's local group membership was enumerated.\r\n\r\nSubject:\r\n\tSecurity ID:\t\tS-1-5-18\r\n\tAccount Name:\t\tHP$\r\n\tAccount Domain:\t\tWORKGROUP\r\n\tLogon ID:\t\t0x3e7\r\n\r\nUser:\r\n\tSecurity ID:\t\tS-1-5-21-4209720783-2618409851-3726521692-1001\r\n\tAccount Name:\t\tHP\r\n\tAccount Domain:\t\tHP\r\n\r\nProcess Information:\r\n\tProcess ID:\t\t0xa00\r\n\tProcess Name:\t\tC:\\Windows\\System32\\taskhostw.exe\r\n"}, {"event_date_time": "Thu Apr 11 16:43:20 2024", "event_id": "4798", "computer": "HP", "category": 13824, "record": 1059478, "source": "Microsoft-Windows-Security-Auditing", "event_type": "EVENTLOG_AUDIT_SUCCESS", "message": "A user's local group membership was enumerated.\r\n\r\nSubject:\r\n\tSecurity ID:\t\tS-1-5-18\r\n\tAccount Name:\t\tHP$\r\n\tAccount Domain:\t\tWORKGROUP\r\n\tLogon ID:\t\t0x3e7\r\n\r\nUser:\r\n\tSecurity ID:\t\tS-1-5-21-4209720783-2618409851-3726521692-501\r\n\tAccount Name:\t\tGuest\r\n\tAccount Domain:\t\tHP\r\n\r\nProcess Information:\r\n\tProcess ID:\t\t0xa00\r\n\tProcess Name:\t\tC:\\Windows\\System32\\taskhostw.exe\r\n"}, {"event_date_time": "Thu Apr 11 16:43:20 2024", "event_id": "4798", "computer": "HP", "category": 13824, "record": 1059477, "source": "Microsoft-Windows-Security-Auditing", "event_type": "EVENTLOG_AUDIT_SUCCESS", "message": "A user's local group membership was enumerated.\r\n\r\nSubject:\r\n\tSecurity ID:\t\tS-1-5-18\r\n\tAccount Name:\t\tHP$\r\n\tAccount Domain:\t\tWORKGROUP\r\n\tLogon ID:\t\t0x3e7\r\n\r\nUser:\r\n\tSecurity ID:\t\tS-1-5-21-4209720783-2618409851-3726521692-1000\r\n\tAccount Name:\t\tdefaultuser0\r\n\tAccount Domain:\t\tHP\r\n\r\nProcess Information:\r\n\tProcess ID:\t\t0xa00\r\n\tProcess Name:\t\tC:\\Windows\\System32\\taskhostw.exe\r\n"}, {"event_date_time": "Thu Apr 11 16:43:20 2024", "event_id": "4798", "computer": "HP", "category": 13824, "record": 1059476, "source": "Microsoft-Windows-Security-Auditing", "event_type": "EVENTLOG_AUDIT_SUCCESS", "message": "A user's local group membership was enumerated.\r\n\r\nSubject:\r\n\tSecurity ID:\t\tS-1-5-18\r\n\tAccount Name:\t\tHP$\r\n\tAccount Domain:\t\tWORKGROUP\r\n\tLogon ID:\t\t0x3e7\r\n\r\nUser:\r\n\tSecurity ID:\t\tS-1-5-21-4209720783-2618409851-3726521692-503\r\n\tAccount Name:\t\tDefaultAccount\r\n\tAccount Domain:\t\tHP\r\n\r\nProcess Information:\r\n\tProcess ID:\t\t0xa00\r\n\tProcess Name:\t\tC:\\Windows\\System32\\taskhostw.exe\r\n"}, {"event_date_time": "Thu Apr 11 16:43:20 2024", "event_id": "4798", "computer": "HP", "category": 13824, "record": 1059475, "source": "Microsoft-Windows-Security-Auditing", "event_type": "EVENTLOG_AUDIT_SUCCESS", "message": "A user's local group membership was enumerated.\r\n\r\nSubject:\r\n\tSecurity ID:\t\tS-1-5-18\r\n\tAccount Name:\t\tHP$\r\n\tAccount Domain:\t\tWORKGROUP\r\n\tLogon ID:\t\t0x3e7\r\n\r\nUser:\r\n\tSecurity ID:\t\tS-1-5-21-4209720783-2618409851-3726521692-500\r\n\tAccount Name:\t\tAdministrator\r\n\tAccount Domain:\t\tHP\r\n\r\nProcess Information:\r\n\tProcess ID:\t\t0xa00\r\n\tProcess Name:\t\tC:\\Windows\\System32\\taskhostw.exe\r\n"}, {"event_date_time": "Thu Apr 11 16:43:09 2024", "event_id": "4672", "computer": "HP", "category": 12548, "record": 1059474, "source": "Microsoft-Windows-Security-Auditing", "event_type": "EVENTLOG_AUDIT_SUCCESS", "message": "Special privileges assigned to new logon.\r\n\r\nSubject:\r\n\tSecurity ID:\t\tS-1-5-18\r\n\tAccount Name:\t\tSYSTEM\r\n\tAccount Domain:\t\tNT AUTHORITY\r\n\tLogon ID:\t\t0x3e7\r\n\r\nPrivileges:\t\tSeAssignPrimaryTokenPrivilege\r\n\t\t\tSeTcbPrivilege\r\n\t\t\tSeSecurityPrivilege\r\n\t\t\tSeTakeOwnershipPrivilege\r\n\t\t\tSeLoadDriverPrivilege\r\n\t\t\tSeBackupPrivilege\r\n\t\t\tSeRestorePrivilege\r\n\t\t\tSeDebugPrivilege\r\n\t\t\tSeAuditPrivilege\r\n\t\t\tSeSystemEnvironmentPrivilege\r\n\t\t\tSeImpersonatePrivilege\r\n\t\t\tSeDelegateSessionUserImpersonatePrivilege\r\n"}, {"event_date_time": "Thu Apr 11 16:43:09 2024", "event_id": "4624", "computer": "HP", "category": 12544, "record": 1059473, "source": "Microsoft-Windows-Security-Auditing", "event_type": "EVENTLOG_AUDIT_SUCCESS", "message": "An account was successfully logged on.\r\n\r\nSubject:\r\n\tSecurity ID:\t\tS-1-5-18\r\n\tAccount Name:\t\tHP$\r\n\tAccount Domain:\t\tWORKGROUP\r\n\tLogon ID:\t\t0x3e7\r\n\r\nLogon Information:\r\n\tLogon Type:\t\t5\r\n\tRestricted Admin Mode:\t-\r\n\tRemote Credential Guard:\t-\r\n\tVirtual Account:\t\t%%1843\r\n\tElevated Token:\t\t%%1842\r\n\r\nImpersonation Level:\t\t%%1833\r\n\r\nNew Logon:\r\n\tSecurity ID:\t\tS-1-5-18\r\n\tAccount Name:\t\tSYSTEM\r\n\tAccount Domain:\t\tNT AUTHORITY\r\n\tLogon ID:\t\t0x3e7\r\n\tLinked Logon ID:\t\t0x0\r\n\tNetwork Account Name:\t-\r\n\tNetwork Account Domain:\t-\r\n\tLogon GUID:\t\t{00000000-0000-0000-0000-000000000000}\r\n\r\nProcess Information:\r\n\tProcess ID:\t\t0x4dc\r\n\tProcess Name:\t\tC:\\Windows\\System32\\services.exe\r\n\r\nNetwork Information:\r\n\tWorkstation Name:\t-\r\n\tSource Network Address:\t-\r\n\tSource Port:\t\t-\r\n\r\nDetailed Authentication Information:\r\n\tLogon Process:\t\tAdvapi  \r\n\tAuthentication Package:\tNegotiate\r\n\tTransited Services:\t-\r\n\tPackage Name (NTLM only):\t-\r\n\tKey Length:\t\t0\r\n\r\nThis event is generated when a logon session is created. It is generated on the computer that was accessed.\r\n\r\nThe subject fields indicate the account on the local system which requested the logon. This is most commonly a service such as the Server service, or a local process such as Winlogon.exe or Services.exe.\r\n\r\nThe logon type field indicates the kind of logon that occurred. The most common types are 2 (interactive) and 3 (network).\r\n\r\nThe New Logon fields indicate the account for whom the new logon was created, i.e. the account that was logged on.\r\n\r\nThe network fields indicate where a remote logon request originated. Workstation name is not always available and may be left blank in some cases.\r\n\r\nThe impersonation level field indicates the extent to which a process in the logon session can impersonate.\r\n\r\nThe authentication information fields provide detailed information about this specific logon request.\r\n\t- Logon GUID is a unique identifier that can be used to correlate this event with a KDC event.\r\n\t- Transited services indicate which intermediate services have participated in this logon request.\r\n\t- Package name indicates which sub-protocol was used among the NTLM protocols.\r\n\t- Key length indicates the length of the generated session key. This will be 0 if no session key was requested.\r\n"}, {"event_date_time": "Thu Apr 11 16:43:07 2024", "event_id": "4672", "computer": "HP", "category": 12548, "record": 1059472, "source": "Microsoft-Windows-Security-Auditing", "event_type": "EVENTLOG_AUDIT_SUCCESS", "message": "Special privileges assigned to new logon.\r\n\r\nSubject:\r\n\tSecurity ID:\t\tS-1-5-18\r\n\tAccount Name:\t\tSYSTEM\r\n\tAccount Domain:\t\tNT AUTHORITY\r\n\tLogon ID:\t\t0x3e7\r\n\r\nPrivileges:\t\tSeAssignPrimaryTokenPrivilege\r\n\t\t\tSeTcbPrivilege\r\n\t\t\tSeSecurityPrivilege\r\n\t\t\tSeTakeOwnershipPrivilege\r\n\t\t\tSeLoadDriverPrivilege\r\n\t\t\tSeBackupPrivilege\r\n\t\t\tSeRestorePrivilege\r\n\t\t\tSeDebugPrivilege\r\n\t\t\tSeAuditPrivilege\r\n\t\t\tSeSystemEnvironmentPrivilege\r\n\t\t\tSeImpersonatePrivilege\r\n\t\t\tSeDelegateSessionUserImpersonatePrivilege\r\n"}, {"event_date_time": "Thu Apr 11 16:43:07 2024", "event_id": "4624", "computer": "HP", "category": 12544, "record": 1059471, "source": "Microsoft-Windows-Security-Auditing", "event_type": "EVENTLOG_AUDIT_SUCCESS", "message": "An account was successfully logged on.\r\n\r\n